info: Server started at http://localhost:3000/api/v1/ {"timestamp":"2022-07-05T09:51:35.131Z"}
info: Connected to the database. {"timestamp":"2022-07-05T09:51:38.447Z"}
info: Server started at http://localhost:3000/api/v1/ {"timestamp":"2022-07-05T10:54:29.799Z"}
info: Connected to the database. {"timestamp":"2022-07-05T10:54:32.820Z"}
info: Server started at http://localhost:3000/api/v1/ {"timestamp":"2022-07-05T10:57:38.711Z"}
info: Connected to the database. {"timestamp":"2022-07-05T10:57:41.846Z"}
info: Server started at http://localhost:3000/api/v1/ {"timestamp":"2022-07-05T10:59:17.463Z"}
info: Connected to the database. {"timestamp":"2022-07-05T10:59:20.690Z"}
info: Server started at http://localhost:3000/api/v1/ {"timestamp":"2022-07-05T11:05:35.567Z"}
info: Connected to the database. {"timestamp":"2022-07-05T11:05:38.765Z"}
info: Server started at http://localhost:3000/api/v1/ {"timestamp":"2022-07-05T11:05:59.316Z"}
info: Server started at http://localhost:3000/api/v1/ {"timestamp":"2022-07-05T11:06:20.512Z"}
info: Connected to the database. {"timestamp":"2022-07-05T11:06:23.498Z"}
info: Server started at http://localhost:3000/api/v1/ {"timestamp":"2022-07-05T11:08:37.273Z"}
info: Connected to the database. {"timestamp":"2022-07-05T11:08:40.252Z"}
info: Server started at http://localhost:3000/api/v1/ {"timestamp":"2022-07-05T11:08:52.723Z"}
info: Connected to the database. {"timestamp":"2022-07-05T11:08:55.745Z"}
info: Server started at http://localhost:3000/api/v1/ {"timestamp":"2022-07-05T11:09:20.377Z"}
info: Connected to the database. {"timestamp":"2022-07-05T11:09:23.194Z"}
info: Server started at http://localhost:3000/api/v1/ {"timestamp":"2022-07-05T11:21:35.545Z"}
info: Connected to the database. {"timestamp":"2022-07-05T11:21:38.800Z"}
info: Server started at http://localhost:3000/api/v1/ {"timestamp":"2022-07-05T11:23:08.534Z"}
info: Connected to the database. {"timestamp":"2022-07-05T11:23:12.097Z"}
info: Server started at http://localhost:3000/api/v1/ {"timestamp":"2022-07-05T11:24:12.974Z"}
info: Connected to the database. {"timestamp":"2022-07-05T11:24:16.164Z"}
info: Server started at http://localhost:3000/api/v1/ {"timestamp":"2022-07-05T11:31:50.488Z"}
info: Connected to the database. {"timestamp":"2022-07-05T11:31:53.713Z"}
info: Server started at http://localhost:3000/api/v1/ {"timestamp":"2022-07-05T11:34:01.837Z"}
info: Connected to the database. {"timestamp":"2022-07-05T11:34:04.882Z"}
info: Server started at http://localhost:3000/api/v1/ {"timestamp":"2022-07-05T11:41:28.244Z"}
info: Connected to the database. {"timestamp":"2022-07-05T11:41:31.534Z"}
info: Server started at http://localhost:3000/api/v1/ {"timestamp":"2022-07-05T11:45:35.803Z"}
info: Connected to the database. {"timestamp":"2022-07-05T11:45:38.949Z"}
info: Server started at http://localhost:3000/api/v1/ {"timestamp":"2022-07-05T11:46:12.166Z"}
info: Connected to the database. {"timestamp":"2022-07-05T11:46:15.057Z"}
info: Server started at http://localhost:3000/api/v1/ {"timestamp":"2022-07-05T11:47:03.800Z"}
info: Connected to the database. {"timestamp":"2022-07-05T11:47:06.665Z"}
info: Server started at http://localhost:3000/api/v1/ {"timestamp":"2022-07-05T11:48:55.338Z"}
info: Server started at http://localhost:3000/api/v1/ {"timestamp":"2022-07-05T11:49:15.443Z"}
info: Server started at http://localhost:3000/api/v1/ {"timestamp":"2022-07-05T11:50:17.751Z"}
info: Connected to the database. {"timestamp":"2022-07-05T11:50:21.225Z"}
info: Server started at http://localhost:3000/api/v1/ {"timestamp":"2022-07-05T11:51:19.614Z"}
info: Connected to the database. {"timestamp":"2022-07-05T11:51:22.872Z"}
info: Server started at http://localhost:3000/api/v1/ {"timestamp":"2022-07-05T11:52:24.080Z"}
info: Connected to the database. {"timestamp":"2022-07-05T11:52:27.428Z"}
info: Server started at http://localhost:3000/api/v1/ {"timestamp":"2022-07-05T11:53:58.163Z"}
info: Connected to the database. {"timestamp":"2022-07-05T11:54:01.551Z"}
info: Server started at http://localhost:3000/api/v1/ {"timestamp":"2022-07-05T11:55:43.178Z"}
info: Connected to the database. {"timestamp":"2022-07-05T11:55:46.540Z"}
info: Server started at http://localhost:3000/api/v1/ {"timestamp":"2022-07-05T11:58:16.272Z"}
info: Connected to the database. {"timestamp":"2022-07-05T11:58:19.500Z"}
info: Server started at http://localhost:3000/api/v1/ {"timestamp":"2022-07-05T11:58:59.458Z"}
info: Connected to the database. {"timestamp":"2022-07-05T11:59:02.292Z"}
info: Server started at http://localhost:3000/api/v1/ {"timestamp":"2022-07-05T14:01:08.555Z"}
info: Connected to the database. {"timestamp":"2022-07-05T14:01:11.713Z"}
info: Server started at http://localhost:3000/api/v1/ {"timestamp":"2022-07-05T14:02:51.068Z"}
info: Connected to the database. {"timestamp":"2022-07-05T14:02:54.318Z"}
info: Server started at http://localhost:3000/api/v1/ {"timestamp":"2022-07-05T14:03:48.347Z"}
info: Connected to the database. {"timestamp":"2022-07-05T14:03:51.303Z"}
info: Server started at http://localhost:3000/api/v1/ {"timestamp":"2022-07-05T14:04:43.438Z"}
info: Connected to the database. {"timestamp":"2022-07-05T14:04:46.426Z"}
info: Server started at http://localhost:3000/api/v1/ {"timestamp":"2022-07-05T14:06:49.884Z"}
info: Connected to the database. {"timestamp":"2022-07-05T14:06:52.886Z"}
info: Server started at http://localhost:3000/api/v1/ {"timestamp":"2022-07-05T14:11:05.249Z"}
info: Connected to the database. {"timestamp":"2022-07-05T14:11:08.463Z"}
info: Server started at http://localhost:3000/api/v1/ {"timestamp":"2022-07-05T14:12:19.247Z"}
info: Connected to the database. {"timestamp":"2022-07-05T14:12:22.399Z"}
info: Server started at http://localhost:3000/api/v1/ {"timestamp":"2022-07-05T14:13:34.858Z"}
info: Connected to the database. {"timestamp":"2022-07-05T14:13:39.280Z"}
info: Server started at http://localhost:3000/api/v1/ {"timestamp":"2022-07-05T14:16:10.139Z"}
info: Server started at http://localhost:3000/api/v1/ {"timestamp":"2022-07-05T14:16:21.242Z"}
info: Connected to the database. {"timestamp":"2022-07-05T14:16:24.106Z"}
info: Server started at http://localhost:3000/api/v1/ {"timestamp":"2022-07-05T14:18:44.945Z"}
info: Server started at http://localhost:3000/api/v1/ {"timestamp":"2022-07-05T14:19:02.485Z"}
info: Server started at http://localhost:3000/api/v1/ {"timestamp":"2022-07-05T14:19:19.092Z"}
info: Server started at http://localhost:3000/api/v1/ {"timestamp":"2022-07-05T14:19:32.915Z"}
info: Connected to the database. {"timestamp":"2022-07-05T14:19:35.977Z"}
info: Server started at http://localhost:3000/api/v1/ {"timestamp":"2022-07-05T14:20:32.196Z"}
info: Connected to the database. {"timestamp":"2022-07-05T14:20:35.352Z"}
info: Server started at http://localhost:3000/api/v1/ {"timestamp":"2022-07-05T14:21:20.730Z"}
info: Connected to the database. {"timestamp":"2022-07-05T14:21:24.041Z"}
info: Server started at http://localhost:3000/api/v1/ {"timestamp":"2022-07-05T14:23:54.506Z"}
info: Connected to the database. {"timestamp":"2022-07-05T14:23:57.654Z"}
info: Server started at http://localhost:3000/api/v1/ {"timestamp":"2022-07-05T14:24:49.795Z"}
info: Connected to the database. {"timestamp":"2022-07-05T14:24:52.878Z"}
info: Server started at http://localhost:3000/api/v1/ {"timestamp":"2022-07-05T14:48:07.279Z"}
info: Connected to the database. {"timestamp":"2022-07-05T14:48:11.020Z"}
info: Server started at http://localhost:3000/api/v1/ {"timestamp":"2022-07-05T15:42:41.389Z"}
info: Connected to the database. {"timestamp":"2022-07-05T15:42:44.481Z"}
error: 
    status - 500 
    message - JsonWebTokenError: invalid signature
    at C:\Users\ankan\My_Fundo\My_Fundoo_Project\node_modules\jsonwebtoken\verify.js:133:19
    at getSecret (C:\Users\ankan\My_Fundo\My_Fundoo_Project\node_modules\jsonwebtoken\verify.js:90:14)
    at Object.verify (C:\Users\ankan\My_Fundo\My_Fundoo_Project\node_modules\jsonwebtoken\verify.js:94:10)
    at _callee4$ (C:\Users\ankan\My_Fundo\My_Fundoo_Project\src\services\/user.service.js:114:31)
    at tryCatch (C:\Users\ankan\My_Fundo\My_Fundoo_Project\node_modules\@babel\runtime\helpers\regeneratorRuntime.js:86:17)
    at Generator._invoke (C:\Users\ankan\My_Fundo\My_Fundoo_Project\node_modules\@babel\runtime\helpers\regeneratorRuntime.js:66:24)
    at Generator.next (C:\Users\ankan\My_Fundo\My_Fundoo_Project\node_modules\@babel\runtime\helpers\regeneratorRuntime.js:117:21)
    at asyncGeneratorStep (C:\Users\ankan\My_Fundo\My_Fundoo_Project\node_modules\@babel\runtime\helpers\asyncToGenerator.js:3:24)
    at _next (C:\Users\ankan\My_Fundo\My_Fundoo_Project\node_modules\@babel\runtime\helpers\asyncToGenerator.js:25:9)
    at C:\Users\ankan\My_Fundo\My_Fundoo_Project\node_modules\@babel\runtime\helpers\asyncToGenerator.js:32:7
    at new Promise (<anonymous>)
    at Object.<anonymous> (C:\Users\ankan\My_Fundo\My_Fundoo_Project\node_modules\@babel\runtime\helpers\asyncToGenerator.js:21:12)
    at Object.resetPass (C:\Users\ankan\My_Fundo\My_Fundoo_Project\src\services\/user.service.js:113:23)
    at _callee4$ (C:\Users\ankan\My_Fundo\My_Fundoo_Project\src\controllers\/user.controller.js:158:36)
    at tryCatch (C:\Users\ankan\My_Fundo\My_Fundoo_Project\node_modules\@babel\runtime\helpers\regeneratorRuntime.js:86:17)
    at Generator._invoke (C:\Users\ankan\My_Fundo\My_Fundoo_Project\node_modules\@babel\runtime\helpers\regeneratorRuntime.js:66:24) 
    url - /api/v1/users/resetpass/eyJhbGciOiJIUzI1NiIsInR5cCI6IkpXVCJ9.eyJtYWlsaWQiOiJhbmthbi5zYXJrQGdtYWlsLmNvbSIsImlkIjoiNjJjNDRmMmJlNGY4N2MzNWM4MDhmOTczIiwiaWF0IjoxNjU3MDMyNTA5fQ.jQc54aYI0oRMX2-iy1D0bYDVd4V-33icDj4eYyCk0do 
    method - PUT 
    IP - ::1
   {"timestamp":"2022-07-05T15:45:23.963Z"}
info: Server started at http://localhost:3000/api/v1/ {"timestamp":"2022-07-05T15:46:06.063Z"}
info: Connected to the database. {"timestamp":"2022-07-05T15:46:09.526Z"}
info: Server started at http://localhost:3000/api/v1/ {"timestamp":"2022-07-05T15:56:24.985Z"}
info: Connected to the database. {"timestamp":"2022-07-05T15:56:27.966Z"}
info: Server started at http://localhost:3000/api/v1/ {"timestamp":"2022-07-05T15:57:11.036Z"}
info: Connected to the database. {"timestamp":"2022-07-05T15:57:13.905Z"}
