info: Server started at http://localhost:3000/api/v1/ {"timestamp":"2022-07-03T19:28:30.067Z"}
info: Connected to the database. {"timestamp":"2022-07-03T19:28:33.618Z"}
info: Server started at http://localhost:3000/api/v1/ {"timestamp":"2022-07-03T19:34:42.978Z"}
info: Connected to the database. {"timestamp":"2022-07-03T19:34:46.335Z"}
info: Server started at http://localhost:3000/api/v1/ {"timestamp":"2022-07-03T19:35:40.130Z"}
info: Connected to the database. {"timestamp":"2022-07-03T19:35:42.991Z"}
info: Server started at http://localhost:3000/api/v1/ {"timestamp":"2022-07-03T19:35:57.923Z"}
info: Connected to the database. {"timestamp":"2022-07-03T19:36:01.222Z"}
info: Server started at http://localhost:3000/api/v1/ {"timestamp":"2022-07-03T19:37:18.081Z"}
info: Connected to the database. {"timestamp":"2022-07-03T19:37:21.162Z"}
info: Server started at http://localhost:3000/api/v1/ {"timestamp":"2022-07-03T19:37:50.924Z"}
info: Connected to the database. {"timestamp":"2022-07-03T19:37:53.703Z"}
info: Server started at http://localhost:3000/api/v1/ {"timestamp":"2022-07-03T19:38:04.287Z"}
info: Connected to the database. {"timestamp":"2022-07-03T19:38:07.114Z"}
info: Server started at http://localhost:3000/api/v1/ {"timestamp":"2022-07-03T19:39:26.406Z"}
info: Connected to the database. {"timestamp":"2022-07-03T19:39:29.799Z"}
info: Server started at http://localhost:3000/api/v1/ {"timestamp":"2022-07-03T19:40:04.662Z"}
info: Connected to the database. {"timestamp":"2022-07-03T19:40:07.699Z"}
info: Server started at http://localhost:3000/api/v1/ {"timestamp":"2022-07-03T19:40:25.533Z"}
info: Connected to the database. {"timestamp":"2022-07-03T19:40:28.670Z"}
info: Server started at http://localhost:3000/api/v1/ {"timestamp":"2022-07-03T19:40:39.377Z"}
info: Connected to the database. {"timestamp":"2022-07-03T19:40:42.506Z"}
info: Server started at http://localhost:3000/api/v1/ {"timestamp":"2022-07-03T19:40:59.702Z"}
info: Server started at http://localhost:3000/api/v1/ {"timestamp":"2022-07-03T19:41:08.401Z"}
info: Connected to the database. {"timestamp":"2022-07-03T19:41:11.232Z"}
info: Server started at http://localhost:3000/api/v1/ {"timestamp":"2022-07-03T19:46:47.138Z"}
info: Connected to the database. {"timestamp":"2022-07-03T19:46:50.677Z"}
info: Server started at http://localhost:3000/api/v1/ {"timestamp":"2022-07-03T19:49:01.971Z"}
info: Server started at http://localhost:3000/api/v1/ {"timestamp":"2022-07-03T19:49:13.445Z"}
info: Connected to the database. {"timestamp":"2022-07-03T19:49:16.229Z"}
info: Server started at http://localhost:3000/api/v1/ {"timestamp":"2022-07-03T19:49:39.673Z"}
info: Connected to the database. {"timestamp":"2022-07-03T19:49:42.726Z"}
info: Server started at http://localhost:3000/api/v1/ {"timestamp":"2022-07-03T19:50:17.235Z"}
info: Connected to the database. {"timestamp":"2022-07-03T19:50:20.336Z"}
info: Server started at http://localhost:3000/api/v1/ {"timestamp":"2022-07-03T19:50:45.607Z"}
info: Connected to the database. {"timestamp":"2022-07-03T19:50:48.475Z"}
info: Server started at http://localhost:3000/api/v1/ {"timestamp":"2022-07-03T19:52:24.932Z"}
info: Connected to the database. {"timestamp":"2022-07-03T19:52:28.012Z"}
info: Server started at http://localhost:3000/api/v1/ {"timestamp":"2022-07-03T19:53:37.105Z"}
info: Connected to the database. {"timestamp":"2022-07-03T19:53:40.385Z"}
info: Server started at http://localhost:3000/api/v1/ {"timestamp":"2022-07-03T19:57:22.576Z"}
info: Connected to the database. {"timestamp":"2022-07-03T19:57:25.773Z"}
info: Server started at http://localhost:3000/api/v1/ {"timestamp":"2022-07-03T19:58:39.500Z"}
info: Connected to the database. {"timestamp":"2022-07-03T19:58:42.718Z"}
info: Server started at http://localhost:3000/api/v1/ {"timestamp":"2022-07-03T19:58:55.422Z"}
info: Connected to the database. {"timestamp":"2022-07-03T19:58:58.242Z"}
info: Server started at http://localhost:3000/api/v1/ {"timestamp":"2022-07-03T19:59:18.138Z"}
info: Connected to the database. {"timestamp":"2022-07-03T19:59:21.185Z"}
info: Server started at http://localhost:3000/api/v1/ {"timestamp":"2022-07-03T19:59:44.405Z"}
info: Connected to the database. {"timestamp":"2022-07-03T19:59:47.622Z"}
info: Server started at http://localhost:3000/api/v1/ {"timestamp":"2022-07-03T20:00:09.126Z"}
info: Connected to the database. {"timestamp":"2022-07-03T20:00:12.027Z"}
info: Server started at http://localhost:3000/api/v1/ {"timestamp":"2022-07-03T20:03:45.375Z"}
info: Connected to the database. {"timestamp":"2022-07-03T20:03:49.772Z"}
info: Server started at http://localhost:3000/api/v1/ {"timestamp":"2022-07-03T20:04:01.496Z"}
info: Connected to the database. {"timestamp":"2022-07-03T20:04:04.365Z"}
info: Server started at http://localhost:3000/api/v1/ {"timestamp":"2022-07-03T20:05:43.494Z"}
info: Connected to the database. {"timestamp":"2022-07-03T20:05:47.001Z"}
info: Server started at http://localhost:3000/api/v1/ {"timestamp":"2022-07-03T20:07:00.076Z"}
info: Connected to the database. {"timestamp":"2022-07-03T20:07:03.263Z"}
info: Server started at http://localhost:3000/api/v1/ {"timestamp":"2022-07-03T20:07:38.252Z"}
info: Connected to the database. {"timestamp":"2022-07-03T20:07:41.087Z"}
info: Server started at http://localhost:3000/api/v1/ {"timestamp":"2022-07-03T20:08:01.976Z"}
info: Connected to the database. {"timestamp":"2022-07-03T20:08:05.170Z"}
info: Server started at http://localhost:3000/api/v1/ {"timestamp":"2022-07-03T20:08:52.063Z"}
info: Connected to the database. {"timestamp":"2022-07-03T20:08:54.885Z"}
info: Server started at http://localhost:3000/api/v1/ {"timestamp":"2022-07-03T20:09:06.397Z"}
info: Server started at http://localhost:3000/api/v1/ {"timestamp":"2022-07-03T20:09:14.609Z"}
info: Connected to the database. {"timestamp":"2022-07-03T20:09:17.352Z"}
info: Server started at http://localhost:3000/api/v1/ {"timestamp":"2022-07-03T20:13:39.989Z"}
info: Connected to the database. {"timestamp":"2022-07-03T20:13:43.081Z"}
info: Server started at http://localhost:3000/api/v1/ {"timestamp":"2022-07-03T20:13:53.222Z"}
info: Connected to the database. {"timestamp":"2022-07-03T20:13:56.232Z"}
info: Server started at http://localhost:3000/api/v1/ {"timestamp":"2022-07-03T20:14:05.112Z"}
info: Connected to the database. {"timestamp":"2022-07-03T20:14:07.923Z"}
info: Server started at http://localhost:3000/api/v1/ {"timestamp":"2022-07-03T20:17:28.382Z"}
info: Connected to the database. {"timestamp":"2022-07-03T20:17:31.853Z"}
info: Server started at http://localhost:3000/api/v1/ {"timestamp":"2022-07-03T20:19:51.963Z"}
info: Connected to the database. {"timestamp":"2022-07-03T20:19:55.077Z"}
info: Server started at http://localhost:3000/api/v1/ {"timestamp":"2022-07-03T20:21:31.573Z"}
info: Connected to the database. {"timestamp":"2022-07-03T20:21:34.922Z"}
info: Server started at http://localhost:3000/api/v1/ {"timestamp":"2022-07-03T20:21:44.026Z"}
info: Connected to the database. {"timestamp":"2022-07-03T20:21:46.933Z"}
info: Server started at http://localhost:3000/api/v1/ {"timestamp":"2022-07-03T20:25:04.910Z"}
info: Connected to the database. {"timestamp":"2022-07-03T20:25:08.403Z"}
info: Server started at http://localhost:3000/api/v1/ {"timestamp":"2022-07-03T20:25:55.768Z"}
info: Connected to the database. {"timestamp":"2022-07-03T20:25:58.594Z"}
info: Server started at http://localhost:3000/api/v1/ {"timestamp":"2022-07-03T20:26:06.734Z"}
info: Server started at http://localhost:3000/api/v1/ {"timestamp":"2022-07-03T20:26:24.702Z"}
info: Connected to the database. {"timestamp":"2022-07-03T20:26:27.706Z"}
info: Server started at http://localhost:3000/api/v1/ {"timestamp":"2022-07-03T20:26:44.869Z"}
info: Connected to the database. {"timestamp":"2022-07-03T20:26:47.829Z"}
info: Server started at http://localhost:3000/api/v1/ {"timestamp":"2022-07-03T20:28:02.403Z"}
info: Server started at http://localhost:3000/api/v1/ {"timestamp":"2022-07-03T20:28:10.731Z"}
info: Connected to the database. {"timestamp":"2022-07-03T20:28:13.602Z"}
info: Server started at http://localhost:3000/api/v1/ {"timestamp":"2022-07-03T20:28:59.604Z"}
info: Connected to the database. {"timestamp":"2022-07-03T20:29:02.526Z"}
info: Server started at http://localhost:3000/api/v1/ {"timestamp":"2022-07-03T20:29:53.690Z"}
info: Connected to the database. {"timestamp":"2022-07-03T20:29:56.959Z"}
info: Server started at http://localhost:3000/api/v1/ {"timestamp":"2022-07-03T20:34:33.422Z"}
info: Connected to the database. {"timestamp":"2022-07-03T20:34:36.654Z"}
info: Server started at http://localhost:3000/api/v1/ {"timestamp":"2022-07-03T20:35:48.668Z"}
info: Connected to the database. {"timestamp":"2022-07-03T20:35:51.960Z"}
info: Server started at http://localhost:3000/api/v1/ {"timestamp":"2022-07-03T20:37:04.692Z"}
info: Connected to the database. {"timestamp":"2022-07-03T20:37:07.813Z"}
info: Server started at http://localhost:3000/api/v1/ {"timestamp":"2022-07-03T20:37:45.557Z"}
info: Connected to the database. {"timestamp":"2022-07-03T20:37:48.524Z"}
info: Server started at http://localhost:3000/api/v1/ {"timestamp":"2022-07-03T20:38:49.905Z"}
info: Connected to the database. {"timestamp":"2022-07-03T20:38:53.069Z"}
info: Server started at http://localhost:3000/api/v1/ {"timestamp":"2022-07-03T20:39:24.490Z"}
info: Connected to the database. {"timestamp":"2022-07-03T20:39:27.340Z"}
info: Server started at http://localhost:3000/api/v1/ {"timestamp":"2022-07-03T20:40:10.307Z"}
info: Connected to the database. {"timestamp":"2022-07-03T20:40:13.716Z"}
info: Server started at http://localhost:3000/api/v1/ {"timestamp":"2022-07-03T20:40:50.384Z"}
info: Connected to the database. {"timestamp":"2022-07-03T20:40:53.218Z"}
info: Server started at http://localhost:3000/api/v1/ {"timestamp":"2022-07-03T20:44:31.677Z"}
info: Connected to the database. {"timestamp":"2022-07-03T20:44:35.007Z"}
info: Server started at http://localhost:3000/api/v1/ {"timestamp":"2022-07-03T20:45:23.542Z"}
info: Connected to the database. {"timestamp":"2022-07-03T20:45:26.613Z"}
info: Server started at http://localhost:3000/api/v1/ {"timestamp":"2022-07-03T20:47:03.886Z"}
info: Connected to the database. {"timestamp":"2022-07-03T20:47:07.103Z"}
info: Server started at http://localhost:3000/api/v1/ {"timestamp":"2022-07-03T20:47:27.138Z"}
info: Connected to the database. {"timestamp":"2022-07-03T20:47:29.954Z"}
info: Server started at http://localhost:3000/api/v1/ {"timestamp":"2022-07-03T20:47:43.078Z"}
info: Connected to the database. {"timestamp":"2022-07-03T20:47:45.965Z"}
info: Server started at http://localhost:3000/api/v1/ {"timestamp":"2022-07-03T20:47:55.267Z"}
info: Connected to the database. {"timestamp":"2022-07-03T20:47:58.299Z"}
info: Server started at http://localhost:3000/api/v1/ {"timestamp":"2022-07-03T20:48:06.345Z"}
info: Server started at http://localhost:3000/api/v1/ {"timestamp":"2022-07-03T20:48:16.267Z"}
info: Server started at http://localhost:3000/api/v1/ {"timestamp":"2022-07-03T20:48:23.475Z"}
info: Server started at http://localhost:3000/api/v1/ {"timestamp":"2022-07-03T20:48:29.784Z"}
info: Server started at http://localhost:3000/api/v1/ {"timestamp":"2022-07-03T20:48:49.141Z"}
info: Server started at http://localhost:3000/api/v1/ {"timestamp":"2022-07-03T20:49:01.374Z"}
info: Connected to the database. {"timestamp":"2022-07-03T20:49:04.242Z"}
info: Server started at http://localhost:3000/api/v1/ {"timestamp":"2022-07-03T20:50:02.549Z"}
info: Connected to the database. {"timestamp":"2022-07-03T20:50:05.565Z"}
info: Server started at http://localhost:3000/api/v1/ {"timestamp":"2022-07-03T20:50:31.016Z"}
info: Connected to the database. {"timestamp":"2022-07-03T20:50:34.002Z"}
info: Server started at http://localhost:3000/api/v1/ {"timestamp":"2022-07-03T20:50:45.740Z"}
info: Server started at http://localhost:3000/api/v1/ {"timestamp":"2022-07-03T20:50:54.965Z"}
info: Connected to the database. {"timestamp":"2022-07-03T20:50:57.784Z"}
info: Server started at http://localhost:3000/api/v1/ {"timestamp":"2022-07-03T20:51:31.815Z"}
info: Connected to the database. {"timestamp":"2022-07-03T20:51:34.862Z"}
info: Server started at http://localhost:3000/api/v1/ {"timestamp":"2022-07-03T20:53:39.153Z"}
info: Connected to the database. {"timestamp":"2022-07-03T20:53:42.309Z"}
info: Server started at http://localhost:3000/api/v1/ {"timestamp":"2022-07-03T20:55:14.537Z"}
info: Connected to the database. {"timestamp":"2022-07-03T20:55:18.182Z"}
info: Server started at http://localhost:3000/api/v1/ {"timestamp":"2022-07-03T20:59:09.141Z"}
info: Connected to the database. {"timestamp":"2022-07-03T20:59:12.380Z"}
info: Server started at http://localhost:3000/api/v1/ {"timestamp":"2022-07-03T21:00:04.155Z"}
info: Connected to the database. {"timestamp":"2022-07-03T21:00:07.053Z"}
info: Server started at http://localhost:3000/api/v1/ {"timestamp":"2022-07-03T21:00:30.543Z"}
info: Connected to the database. {"timestamp":"2022-07-03T21:00:33.761Z"}
error: 
    status - 500 
    message - SyntaxError: Unexpected string in JSON at position 78
    at JSON.parse (<anonymous>)
    at parse (C:\Users\ankan\My_Fundo\My_Fundoo_Project\node_modules\body-parser\lib\types\json.js:89:19)
    at C:\Users\ankan\My_Fundo\My_Fundoo_Project\node_modules\body-parser\lib\read.js:128:18
    at AsyncResource.runInAsyncScope (node:async_hooks:202:9)
    at invokeCallback (C:\Users\ankan\My_Fundo\My_Fundoo_Project\node_modules\raw-body\index.js:231:16)
    at done (C:\Users\ankan\My_Fundo\My_Fundoo_Project\node_modules\raw-body\index.js:220:7)
    at IncomingMessage.onEnd (C:\Users\ankan\My_Fundo\My_Fundoo_Project\node_modules\raw-body\index.js:280:7)
    at IncomingMessage.emit (node:events:527:28)
    at IncomingMessage.emit (node:domain:475:12)
    at endReadableNT (node:internal/streams/readable:1344:12)
    at processTicksAndRejections (node:internal/process/task_queues:82:21) 
    url - /api/v1/note 
    method - POST 
    IP - ::1
   {"timestamp":"2022-07-03T21:01:33.893Z"}
info: Server started at http://localhost:3000/api/v1/ {"timestamp":"2022-07-04T03:15:36.055Z"}
info: Connected to the database. {"timestamp":"2022-07-04T03:15:39.734Z"}
info: Server started at http://localhost:3000/api/v1/ {"timestamp":"2022-07-04T03:57:33.942Z"}
info: Connected to the database. {"timestamp":"2022-07-04T03:57:37.846Z"}
info: Server started at http://localhost:3000/api/v1/ {"timestamp":"2022-07-04T03:58:26.834Z"}
info: Connected to the database. {"timestamp":"2022-07-04T03:58:30.071Z"}
info: Server started at http://localhost:3000/api/v1/ {"timestamp":"2022-07-04T03:59:08.320Z"}
info: Connected to the database. {"timestamp":"2022-07-04T03:59:11.747Z"}
info: Server started at http://localhost:3000/api/v1/ {"timestamp":"2022-07-04T03:59:52.225Z"}
info: Connected to the database. {"timestamp":"2022-07-04T03:59:55.372Z"}
info: Server started at http://localhost:3000/api/v1/ {"timestamp":"2022-07-04T04:16:36.997Z"}
info: Connected to the database. {"timestamp":"2022-07-04T04:16:40.530Z"}
info: Server started at http://localhost:3000/api/v1/ {"timestamp":"2022-07-04T04:30:54.567Z"}
info: Connected to the database. {"timestamp":"2022-07-04T04:30:58.904Z"}
info: Server started at http://localhost:3000/api/v1/ {"timestamp":"2022-07-04T05:31:38.245Z"}
info: Connected to the database. {"timestamp":"2022-07-04T05:31:41.799Z"}
info: Server started at http://localhost:3000/api/v1/ {"timestamp":"2022-07-04T05:33:18.597Z"}
info: Connected to the database. {"timestamp":"2022-07-04T05:33:21.991Z"}
info: Server started at http://localhost:3000/api/v1/ {"timestamp":"2022-07-04T05:35:48.390Z"}
info: Server started at http://localhost:3000/api/v1/ {"timestamp":"2022-07-04T05:35:55.058Z"}
info: Connected to the database. {"timestamp":"2022-07-04T05:35:58.331Z"}
info: Server started at http://localhost:3000/api/v1/ {"timestamp":"2022-07-04T05:37:32.709Z"}
info: Connected to the database. {"timestamp":"2022-07-04T05:37:36.061Z"}
info: Server started at http://localhost:3000/api/v1/ {"timestamp":"2022-07-04T05:38:37.035Z"}
info: Connected to the database. {"timestamp":"2022-07-04T05:38:40.443Z"}
info: Server started at http://localhost:3000/api/v1/ {"timestamp":"2022-07-04T05:38:56.636Z"}
info: Connected to the database. {"timestamp":"2022-07-04T05:38:59.739Z"}
info: Server started at http://localhost:3000/api/v1/ {"timestamp":"2022-07-04T05:39:08.352Z"}
info: Connected to the database. {"timestamp":"2022-07-04T05:39:11.327Z"}
info: Server started at http://localhost:3000/api/v1/ {"timestamp":"2022-07-04T05:41:44.965Z"}
info: Connected to the database. {"timestamp":"2022-07-04T05:41:48.129Z"}
info: Server started at http://localhost:3000/api/v1/ {"timestamp":"2022-07-04T05:43:53.857Z"}
info: Connected to the database. {"timestamp":"2022-07-04T05:43:57.227Z"}
info: Server started at http://localhost:3000/api/v1/ {"timestamp":"2022-07-04T05:46:31.646Z"}
info: Connected to the database. {"timestamp":"2022-07-04T05:46:34.991Z"}
info: Server started at http://localhost:3000/api/v1/ {"timestamp":"2022-07-04T05:48:02.326Z"}
info: Connected to the database. {"timestamp":"2022-07-04T05:48:05.672Z"}
info: Server started at http://localhost:3000/api/v1/ {"timestamp":"2022-07-04T05:50:53.089Z"}
info: Connected to the database. {"timestamp":"2022-07-04T05:50:56.506Z"}
info: Server started at http://localhost:3000/api/v1/ {"timestamp":"2022-07-04T05:51:08.760Z"}
info: Connected to the database. {"timestamp":"2022-07-04T05:51:11.667Z"}
info: Server started at http://localhost:3000/api/v1/ {"timestamp":"2022-07-04T05:51:21.920Z"}
info: Connected to the database. {"timestamp":"2022-07-04T05:51:24.990Z"}
info: Server started at http://localhost:3000/api/v1/ {"timestamp":"2022-07-04T05:53:01.327Z"}
info: Connected to the database. {"timestamp":"2022-07-04T05:53:04.536Z"}
info: Server started at http://localhost:3000/api/v1/ {"timestamp":"2022-07-04T05:56:51.891Z"}
info: Connected to the database. {"timestamp":"2022-07-04T05:56:55.155Z"}
info: Server started at http://localhost:3000/api/v1/ {"timestamp":"2022-07-04T05:58:30.451Z"}
info: Connected to the database. {"timestamp":"2022-07-04T05:58:33.674Z"}
info: Server started at http://localhost:3000/api/v1/ {"timestamp":"2022-07-04T06:00:02.321Z"}
info: Connected to the database. {"timestamp":"2022-07-04T06:00:05.597Z"}
info: Server started at http://localhost:3000/api/v1/ {"timestamp":"2022-07-04T06:00:30.007Z"}
info: Connected to the database. {"timestamp":"2022-07-04T06:00:33.027Z"}
info: Server started at http://localhost:3000/api/v1/ {"timestamp":"2022-07-04T06:01:54.196Z"}
info: Connected to the database. {"timestamp":"2022-07-04T06:01:57.676Z"}
info: Server started at http://localhost:3000/api/v1/ {"timestamp":"2022-07-04T06:02:37.700Z"}
info: Connected to the database. {"timestamp":"2022-07-04T06:02:40.629Z"}
info: Server started at http://localhost:3000/api/v1/ {"timestamp":"2022-07-04T06:04:50.659Z"}
info: Connected to the database. {"timestamp":"2022-07-04T06:04:54.140Z"}
info: Server started at http://localhost:3000/api/v1/ {"timestamp":"2022-07-04T06:06:34.030Z"}
info: Connected to the database. {"timestamp":"2022-07-04T06:06:37.281Z"}
info: Server started at http://localhost:3000/api/v1/ {"timestamp":"2022-07-04T06:07:30.952Z"}
info: Connected to the database. {"timestamp":"2022-07-04T06:07:34.194Z"}
info: Server started at http://localhost:3000/api/v1/ {"timestamp":"2022-07-04T06:09:40.704Z"}
info: Connected to the database. {"timestamp":"2022-07-04T06:09:43.934Z"}
info: Server started at http://localhost:3000/api/v1/ {"timestamp":"2022-07-04T06:10:41.122Z"}
info: Connected to the database. {"timestamp":"2022-07-04T06:10:44.502Z"}
info: Server started at http://localhost:3000/api/v1/ {"timestamp":"2022-07-04T06:11:46.018Z"}
info: Connected to the database. {"timestamp":"2022-07-04T06:11:49.597Z"}
info: Server started at http://localhost:3000/api/v1/ {"timestamp":"2022-07-04T06:12:11.967Z"}
info: Connected to the database. {"timestamp":"2022-07-04T06:12:14.981Z"}
info: Server started at http://localhost:3000/api/v1/ {"timestamp":"2022-07-04T06:12:22.961Z"}
info: Connected to the database. {"timestamp":"2022-07-04T06:12:25.940Z"}
info: Server started at http://localhost:3000/api/v1/ {"timestamp":"2022-07-04T06:20:23.530Z"}
info: Connected to the database. {"timestamp":"2022-07-04T06:20:26.800Z"}
info: Server started at http://localhost:3000/api/v1/ {"timestamp":"2022-07-04T06:20:41.339Z"}
info: Connected to the database. {"timestamp":"2022-07-04T06:20:44.390Z"}
info: Server started at http://localhost:3000/api/v1/ {"timestamp":"2022-07-04T06:27:26.652Z"}
info: Connected to the database. {"timestamp":"2022-07-04T06:27:30.087Z"}
info: Server started at http://localhost:3000/api/v1/ {"timestamp":"2022-07-04T06:28:20.617Z"}
info: Connected to the database. {"timestamp":"2022-07-04T06:28:23.782Z"}
info: Server started at http://localhost:3000/api/v1/ {"timestamp":"2022-07-04T06:31:05.649Z"}
info: Connected to the database. {"timestamp":"2022-07-04T06:31:08.878Z"}
info: Server started at http://localhost:3000/api/v1/ {"timestamp":"2022-07-04T06:37:13.983Z"}
info: Connected to the database. {"timestamp":"2022-07-04T06:37:17.726Z"}
info: Server started at http://localhost:3000/api/v1/ {"timestamp":"2022-07-04T06:37:58.386Z"}
info: Connected to the database. {"timestamp":"2022-07-04T06:38:01.355Z"}
info: Server started at http://localhost:3000/api/v1/ {"timestamp":"2022-07-04T06:39:16.235Z"}
info: Server started at http://localhost:3000/api/v1/ {"timestamp":"2022-07-04T06:39:27.807Z"}
info: Connected to the database. {"timestamp":"2022-07-04T06:39:31.006Z"}
info: Server started at http://localhost:3000/api/v1/ {"timestamp":"2022-07-04T06:39:46.901Z"}
info: Connected to the database. {"timestamp":"2022-07-04T06:39:49.935Z"}
info: Server started at http://localhost:3000/api/v1/ {"timestamp":"2022-07-04T06:41:38.329Z"}
info: Connected to the database. {"timestamp":"2022-07-04T06:41:41.618Z"}
info: Server started at http://localhost:3000/api/v1/ {"timestamp":"2022-07-04T06:43:20.842Z"}
info: Connected to the database. {"timestamp":"2022-07-04T06:43:24.066Z"}
info: Server started at http://localhost:3000/api/v1/ {"timestamp":"2022-07-04T06:46:31.824Z"}
info: Connected to the database. {"timestamp":"2022-07-04T06:46:34.928Z"}
info: Server started at http://localhost:3000/api/v1/ {"timestamp":"2022-07-04T06:47:29.749Z"}
info: Connected to the database. {"timestamp":"2022-07-04T06:47:32.924Z"}
info: Server started at http://localhost:3000/api/v1/ {"timestamp":"2022-07-04T06:48:05.362Z"}
info: Connected to the database. {"timestamp":"2022-07-04T06:48:13.349Z"}
info: Server started at http://localhost:3000/api/v1/ {"timestamp":"2022-07-04T06:52:17.948Z"}
info: Server started at http://localhost:3000/api/v1/ {"timestamp":"2022-07-04T06:53:05.736Z"}
info: Connected to the database. {"timestamp":"2022-07-04T06:53:08.911Z"}
info: Server started at http://localhost:3000/api/v1/ {"timestamp":"2022-07-04T06:54:15.354Z"}
info: Connected to the database. {"timestamp":"2022-07-04T06:54:18.720Z"}
info: Server started at http://localhost:3000/api/v1/ {"timestamp":"2022-07-04T06:55:56.978Z"}
info: Connected to the database. {"timestamp":"2022-07-04T06:56:00.189Z"}
info: Server started at http://localhost:3000/api/v1/ {"timestamp":"2022-07-04T06:57:48.337Z"}
info: Server started at http://localhost:3000/api/v1/ {"timestamp":"2022-07-04T06:58:24.405Z"}
info: Connected to the database. {"timestamp":"2022-07-04T06:58:27.436Z"}
info: Server started at http://localhost:3000/api/v1/ {"timestamp":"2022-07-04T06:58:55.340Z"}
info: Connected to the database. {"timestamp":"2022-07-04T06:58:59.717Z"}
info: Server started at http://localhost:3000/api/v1/ {"timestamp":"2022-07-04T06:59:56.193Z"}
info: Server started at http://localhost:3000/api/v1/ {"timestamp":"2022-07-04T07:00:09.435Z"}
info: Connected to the database. {"timestamp":"2022-07-04T07:00:12.385Z"}
info: Server started at http://localhost:3000/api/v1/ {"timestamp":"2022-07-04T07:00:41.051Z"}
info: Connected to the database. {"timestamp":"2022-07-04T07:00:44.185Z"}
info: Server started at http://localhost:3000/api/v1/ {"timestamp":"2022-07-04T07:00:54.034Z"}
info: Connected to the database. {"timestamp":"2022-07-04T07:00:59.342Z"}
info: Server started at http://localhost:3000/api/v1/ {"timestamp":"2022-07-04T07:08:02.291Z"}
info: Connected to the database. {"timestamp":"2022-07-04T07:08:05.635Z"}
info: Server started at http://localhost:3000/api/v1/ {"timestamp":"2022-07-04T07:13:08.215Z"}
info: Connected to the database. {"timestamp":"2022-07-04T07:13:11.636Z"}
info: Server started at http://localhost:3000/api/v1/ {"timestamp":"2022-07-04T07:19:17.135Z"}
info: Connected to the database. {"timestamp":"2022-07-04T07:19:20.507Z"}
info: Server started at http://localhost:3000/api/v1/ {"timestamp":"2022-07-04T07:20:28.164Z"}
info: Connected to the database. {"timestamp":"2022-07-04T07:20:31.616Z"}
info: Server started at http://localhost:3000/api/v1/ {"timestamp":"2022-07-04T07:23:34.074Z"}
info: Server started at http://localhost:3000/api/v1/ {"timestamp":"2022-07-04T07:23:41.298Z"}
info: Server started at http://localhost:3000/api/v1/ {"timestamp":"2022-07-04T07:23:47.390Z"}
info: Server started at http://localhost:3000/api/v1/ {"timestamp":"2022-07-04T07:23:54.459Z"}
info: Server started at http://localhost:3000/api/v1/ {"timestamp":"2022-07-04T07:24:08.062Z"}
info: Connected to the database. {"timestamp":"2022-07-04T07:24:10.961Z"}
info: Server started at http://localhost:3000/api/v1/ {"timestamp":"2022-07-04T07:24:37.549Z"}
info: Connected to the database. {"timestamp":"2022-07-04T07:24:40.948Z"}
info: Server started at http://localhost:3000/api/v1/ {"timestamp":"2022-07-04T07:27:14.407Z"}
info: Connected to the database. {"timestamp":"2022-07-04T07:27:17.794Z"}
error: 
    status - 500 
    message - CastError: Cast to ObjectId failed for value "{_id}" (type string) at path "_id" for model "Note"
    at model.Query.exec (C:\Users\ankan\My_Fundo\My_Fundoo_Project\node_modules\mongoose\lib\query.js:4498:21)
    at model.Query.Query.then (C:\Users\ankan\My_Fundo\My_Fundoo_Project\node_modules\mongoose\lib\query.js:4592:15)
    at processTicksAndRejections (node:internal/process/task_queues:95:5) 
    url - /api/v1/note/%7B_id%7D 
    method - PUT 
    IP - ::1
   {"timestamp":"2022-07-04T07:41:57.685Z"}
error: 
    status - 500 
    message - CastError: Cast to ObjectId failed for value "{_id}" (type string) at path "_id" for model "Note"
    at model.Query.exec (C:\Users\ankan\My_Fundo\My_Fundoo_Project\node_modules\mongoose\lib\query.js:4498:21)
    at model.Query.Query.then (C:\Users\ankan\My_Fundo\My_Fundoo_Project\node_modules\mongoose\lib\query.js:4592:15)
    at processTicksAndRejections (node:internal/process/task_queues:95:5) 
    url - /api/v1/note/%7B_id%7D 
    method - PUT 
    IP - ::1
   {"timestamp":"2022-07-04T07:44:16.767Z"}
info: Server started at http://localhost:3000/api/v1/ {"timestamp":"2022-07-04T07:45:17.434Z"}
info: Connected to the database. {"timestamp":"2022-07-04T07:45:20.733Z"}
error: 
    status - 500 
    message - Error: Authentication Failed
    at _callee4$ (C:\Users\ankan\My_Fundo\My_Fundoo_Project\src\services\/note.service.js:51:15)
    at tryCatch (C:\Users\ankan\My_Fundo\My_Fundoo_Project\node_modules\@babel\runtime\helpers\regeneratorRuntime.js:86:17)
    at Generator._invoke (C:\Users\ankan\My_Fundo\My_Fundoo_Project\node_modules\@babel\runtime\helpers\regeneratorRuntime.js:66:24)
    at Generator.next (C:\Users\ankan\My_Fundo\My_Fundoo_Project\node_modules\@babel\runtime\helpers\regeneratorRuntime.js:117:21)
    at asyncGeneratorStep (C:\Users\ankan\My_Fundo\My_Fundoo_Project\node_modules\@babel\runtime\helpers\asyncToGenerator.js:3:24)
    at _next (C:\Users\ankan\My_Fundo\My_Fundoo_Project\node_modules\@babel\runtime\helpers\asyncToGenerator.js:25:9)
    at processTicksAndRejections (node:internal/process/task_queues:95:5) 
    url - /api/v1/note/62c202f699ac9326b49af033 
    method - PUT 
    IP - ::1
   {"timestamp":"2022-07-04T07:47:47.987Z"}
info: Server started at http://localhost:3000/api/v1/ {"timestamp":"2022-07-04T07:51:18.893Z"}
info: Connected to the database. {"timestamp":"2022-07-04T07:51:22.223Z"}
info: Server started at http://localhost:3000/api/v1/ {"timestamp":"2022-07-04T07:51:37.730Z"}
info: Connected to the database. {"timestamp":"2022-07-04T07:51:40.774Z"}
info: Server started at http://localhost:3000/api/v1/ {"timestamp":"2022-07-04T07:54:10.227Z"}
info: Connected to the database. {"timestamp":"2022-07-04T07:54:13.731Z"}
