info: Server started at http://localhost:3000/api/v1/ {"timestamp":"2022-07-06T19:01:20.379Z"}
info: Connected to the database. {"timestamp":"2022-07-06T19:01:23.838Z"}
info: Server started at http://localhost:3000/api/v1/ {"timestamp":"2022-07-06T19:07:55.666Z"}
info: Connected to the database. {"timestamp":"2022-07-06T19:07:58.735Z"}
info: Server started at http://localhost:3000/api/v1/ {"timestamp":"2022-07-06T19:08:56.029Z"}
info: Server started at http://localhost:3000/api/v1/ {"timestamp":"2022-07-06T19:09:22.284Z"}
info: Connected to the database. {"timestamp":"2022-07-06T19:09:25.266Z"}
info: Server started at http://localhost:3000/api/v1/ {"timestamp":"2022-07-06T19:09:40.489Z"}
info: Connected to the database. {"timestamp":"2022-07-06T19:09:43.483Z"}
info: Server started at http://localhost:3000/api/v1/ {"timestamp":"2022-07-06T19:10:37.565Z"}
info: Connected to the database. {"timestamp":"2022-07-06T19:10:41.128Z"}
info: Server started at http://localhost:3000/api/v1/ {"timestamp":"2022-07-06T19:11:06.316Z"}
info: Connected to the database. {"timestamp":"2022-07-06T19:11:09.208Z"}
info: Server started at http://localhost:3000/api/v1/ {"timestamp":"2022-07-06T22:44:03.604Z"}
info: Server started at http://localhost:3000/api/v1/ {"timestamp":"2022-07-06T22:46:46.910Z"}
info: Connected to the database. {"timestamp":"2022-07-06T22:46:50.394Z"}
info: Server started at http://localhost:3000/api/v1/ {"timestamp":"2022-07-06T22:48:21.826Z"}
info: Connected to the database. {"timestamp":"2022-07-06T22:48:25.923Z"}
error: 
      status - 11000
      message - E11000 duplicate key error collection: test.users index: email_1 dup key: { email: null } 
      url - /api/v1/users 
      method - POST 
      IP - ::ffff:127.0.0.1
     {"timestamp":"2022-07-06T22:48:26.522Z"}
error: 
    status - 500 
    message - RangeError: Invalid status code: 11000
    at new NodeError (node:internal/errors:377:5)
    at ServerResponse.writeHead (node:_http_server:280:11)
    at ServerResponse.writeHead (C:\Users\ankan\My_Fundo\My_Fundoo_Project\node_modules\on-headers\index.js:44:26)
    at ServerResponse._implicitHeader (node:_http_server:271:8)
    at write_ (node:_http_outgoing:815:9)
    at ServerResponse.end (node:_http_outgoing:923:5)
    at ServerResponse.send (C:\Users\ankan\My_Fundo\My_Fundoo_Project\node_modules\express\lib\response.js:232:10)
    at ServerResponse.json (C:\Users\ankan\My_Fundo\My_Fundoo_Project\node_modules\express\lib\response.js:278:15)
    at appErrorHandler (C:\Users\ankan\My_Fundo\My_Fundoo_Project\src\middlewares\/error.middleware.js:36:26)
    at Layer.handle_error (C:\Users\ankan\My_Fundo\My_Fundoo_Project\node_modules\express\lib\router\layer.js:71:5)
    at trim_prefix (C:\Users\ankan\My_Fundo\My_Fundoo_Project\node_modules\express\lib\router\index.js:326:13)
    at C:\Users\ankan\My_Fundo\My_Fundoo_Project\node_modules\express\lib\router\index.js:286:9
    at Function.process_params (C:\Users\ankan\My_Fundo\My_Fundoo_Project\node_modules\express\lib\router\index.js:346:12)
    at next (C:\Users\ankan\My_Fundo\My_Fundoo_Project\node_modules\express\lib\router\index.js:280:10)
    at C:\Users\ankan\My_Fundo\My_Fundoo_Project\node_modules\express\lib\router\index.js:646:15
    at next (C:\Users\ankan\My_Fundo\My_Fundoo_Project\node_modules\express\lib\router\index.js:265:14)
    at C:\Users\ankan\My_Fundo\My_Fundoo_Project\node_modules\express\lib\router\index.js:646:15
    at next (C:\Users\ankan\My_Fundo\My_Fundoo_Project\node_modules\express\lib\router\index.js:265:14)
    at next (C:\Users\ankan\My_Fundo\My_Fundoo_Project\node_modules\express\lib\router\route.js:129:14)
    at _callee$ (C:\Users\ankan\My_Fundo\My_Fundoo_Project\src\controllers\/user.controller.js:16:5)
    at tryCatch (C:\Users\ankan\My_Fundo\My_Fundoo_Project\node_modules\@babel\runtime\helpers\regeneratorRuntime.js:86:17)
    at Generator._invoke (C:\Users\ankan\My_Fundo\My_Fundoo_Project\node_modules\@babel\runtime\helpers\regeneratorRuntime.js:66:24)
    at Generator.throw (C:\Users\ankan\My_Fundo\My_Fundoo_Project\node_modules\@babel\runtime\helpers\regeneratorRuntime.js:117:21)
    at asyncGeneratorStep (C:\Users\ankan\My_Fundo\My_Fundoo_Project\node_modules\@babel\runtime\helpers\asyncToGenerator.js:3:24)
    at _throw (C:\Users\ankan\My_Fundo\My_Fundoo_Project\node_modules\@babel\runtime\helpers\asyncToGenerator.js:29:9)
    at processTicksAndRejections (node:internal/process/task_queues:95:5) 
    url - /api/v1/users 
    method - POST 
    IP - ::ffff:127.0.0.1
   {"timestamp":"2022-07-06T22:48:26.583Z"}
info: Server started at http://localhost:3000/api/v1/ {"timestamp":"2022-07-06T23:04:33.060Z"}
info: Connected to the database. {"timestamp":"2022-07-06T23:04:36.376Z"}
info: Server started at http://localhost:3000/api/v1/ {"timestamp":"2022-07-06T23:11:25.356Z"}
info: Connected to the database. {"timestamp":"2022-07-06T23:11:29.050Z"}
info: Server started at http://localhost:3000/api/v1/ {"timestamp":"2022-07-06T23:16:20.987Z"}
info: Connected to the database. {"timestamp":"2022-07-06T23:16:24.577Z"}
info: Server started at http://localhost:3000/api/v1/ {"timestamp":"2022-07-06T23:18:31.610Z"}
info: Connected to the database. {"timestamp":"2022-07-06T23:18:34.986Z"}
info: Server started at http://localhost:3000/api/v1/ {"timestamp":"2022-07-06T23:19:52.764Z"}
info: Connected to the database. {"timestamp":"2022-07-06T23:19:56.449Z"}
info: Server started at http://localhost:3000/api/v1/ {"timestamp":"2022-07-06T23:21:35.357Z"}
info: Connected to the database. {"timestamp":"2022-07-06T23:21:38.675Z"}
info: Server started at http://localhost:3000/api/v1/ {"timestamp":"2022-07-06T23:23:16.482Z"}
info: Connected to the database. {"timestamp":"2022-07-06T23:23:20.794Z"}
info: Server started at http://localhost:3000/api/v1/ {"timestamp":"2022-07-07T03:01:36.947Z"}
info: Connected to the database. {"timestamp":"2022-07-07T03:01:41.369Z"}
info: Server started at http://localhost:3000/api/v1/ {"timestamp":"2022-07-07T03:04:20.377Z"}
info: Connected to the database. {"timestamp":"2022-07-07T03:04:24.098Z"}
info: Server started at http://localhost:3000/api/v1/ {"timestamp":"2022-07-07T10:59:35.151Z"}
info: Connected to the database. {"timestamp":"2022-07-07T10:59:38.773Z"}
info: Server started at http://localhost:3000/api/v1/ {"timestamp":"2022-07-07T11:06:27.327Z"}
info: Connected to the database. {"timestamp":"2022-07-07T11:06:31.104Z"}
info: Server started at http://localhost:3000/api/v1/ {"timestamp":"2022-07-07T11:15:11.584Z"}
info: Connected to the database. {"timestamp":"2022-07-07T11:15:14.836Z"}
info: Server started at http://localhost:3000/api/v1/ {"timestamp":"2022-07-07T11:19:02.353Z"}
info: Connected to the database. {"timestamp":"2022-07-07T11:19:05.455Z"}
info: Server started at http://localhost:3000/api/v1/ {"timestamp":"2022-07-07T11:19:48.954Z"}
info: Connected to the database. {"timestamp":"2022-07-07T11:19:51.967Z"}
info: Server started at http://localhost:3000/api/v1/ {"timestamp":"2022-07-07T11:48:50.476Z"}
info: Connected to the database. {"timestamp":"2022-07-07T11:48:54.050Z"}
info: Server started at http://localhost:3000/api/v1/ {"timestamp":"2022-07-07T11:53:34.370Z"}
info: Connected to the database. {"timestamp":"2022-07-07T11:53:37.682Z"}
info: Server started at http://localhost:3000/api/v1/ {"timestamp":"2022-07-07T11:56:20.933Z"}
info: Connected to the database. {"timestamp":"2022-07-07T11:56:24.168Z"}
info: Server started at http://localhost:3000/api/v1/ {"timestamp":"2022-07-07T12:00:59.289Z"}
info: Connected to the database. {"timestamp":"2022-07-07T12:01:02.709Z"}
info: Server started at http://localhost:3000/api/v1/ {"timestamp":"2022-07-07T12:01:35.765Z"}
info: Connected to the database. {"timestamp":"2022-07-07T12:01:38.912Z"}
info: Server started at http://localhost:3000/api/v1/ {"timestamp":"2022-07-07T12:20:37.406Z"}
info: Connected to the database. {"timestamp":"2022-07-07T12:20:42.773Z"}
info: Server started at http://localhost:3000/api/v1/ {"timestamp":"2022-07-07T12:23:08.423Z"}
info: Connected to the database. {"timestamp":"2022-07-07T12:23:11.706Z"}
info: Server started at http://localhost:3000/api/v1/ {"timestamp":"2022-07-07T12:40:00.003Z"}
info: Connected to the database. {"timestamp":"2022-07-07T12:40:03.384Z"}
info: Server started at http://localhost:3000/api/v1/ {"timestamp":"2022-07-07T12:42:30.486Z"}
info: Connected to the database. {"timestamp":"2022-07-07T12:42:33.933Z"}
info: Server started at http://localhost:3000/api/v1/ {"timestamp":"2022-07-07T12:43:28.413Z"}
info: Connected to the database. {"timestamp":"2022-07-07T12:43:31.358Z"}
info: Server started at http://localhost:3000/api/v1/ {"timestamp":"2022-07-07T12:47:15.006Z"}
info: Connected to the database. {"timestamp":"2022-07-07T12:47:18.021Z"}
info: Server started at http://localhost:3000/api/v1/ {"timestamp":"2022-07-07T12:50:39.905Z"}
info: Connected to the database. {"timestamp":"2022-07-07T12:50:43.516Z"}
info: Server started at http://localhost:3000/api/v1/ {"timestamp":"2022-07-07T12:51:49.987Z"}
info: Connected to the database. {"timestamp":"2022-07-07T12:51:54.132Z"}
info: Server started at http://localhost:3000/api/v1/ {"timestamp":"2022-07-07T12:54:37.404Z"}
info: Connected to the database. {"timestamp":"2022-07-07T12:54:40.699Z"}
info: Server started at http://localhost:3000/api/v1/ {"timestamp":"2022-07-07T13:02:20.782Z"}
info: Connected to the database. {"timestamp":"2022-07-07T13:02:24.195Z"}
info: Server started at http://localhost:3000/api/v1/ {"timestamp":"2022-07-07T13:05:22.943Z"}
info: Connected to the database. {"timestamp":"2022-07-07T13:05:26.195Z"}
info: Server started at http://localhost:3000/api/v1/ {"timestamp":"2022-07-07T13:08:59.271Z"}
info: Connected to the database. {"timestamp":"2022-07-07T13:09:02.543Z"}
info: Server started at http://localhost:3000/api/v1/ {"timestamp":"2022-07-07T13:09:58.442Z"}
info: Connected to the database. {"timestamp":"2022-07-07T13:10:01.877Z"}
info: Server started at http://localhost:3000/api/v1/ {"timestamp":"2022-07-07T13:12:25.656Z"}
info: Connected to the database. {"timestamp":"2022-07-07T13:12:28.866Z"}
info: Server started at http://localhost:3000/api/v1/ {"timestamp":"2022-07-07T15:29:00.496Z"}
info: Connected to the database. {"timestamp":"2022-07-07T15:29:03.900Z"}
info: Server started at http://localhost:3000/api/v1/ {"timestamp":"2022-07-07T15:30:50.748Z"}
info: Connected to the database. {"timestamp":"2022-07-07T15:30:54.191Z"}
info: Server started at http://localhost:3000/api/v1/ {"timestamp":"2022-07-07T15:41:56.499Z"}
info: Connected to the database. {"timestamp":"2022-07-07T15:42:00.255Z"}
info: Server started at http://localhost:3000/api/v1/ {"timestamp":"2022-07-07T16:34:13.020Z"}
info: Connected to the database. {"timestamp":"2022-07-07T16:34:16.433Z"}
