info: Server started at http://localhost:3000/api/v1/ {"timestamp":"2022-07-11T22:53:25.166Z"}
info: Server started at http://localhost:3000/api/v1/ {"timestamp":"2022-07-11T22:54:18.082Z"}
info: Connected to the redis database. {"timestamp":"2022-07-11T22:54:18.109Z"}
info: Connected to the database. {"timestamp":"2022-07-11T22:54:20.672Z"}
info: Server started at http://localhost:3000/api/v1/ {"timestamp":"2022-07-11T22:58:20.368Z"}
info: Connected to the redis database. {"timestamp":"2022-07-11T22:58:20.394Z"}
info: Connected to the database. {"timestamp":"2022-07-11T22:58:23.277Z"}
info: Server started at http://localhost:3000/api/v1/ {"timestamp":"2022-07-11T23:02:19.940Z"}
info: Connected to the redis database. {"timestamp":"2022-07-11T23:02:19.974Z"}
info: Connected to the database. {"timestamp":"2022-07-11T23:02:22.780Z"}
info: Server started at http://localhost:3000/api/v1/ {"timestamp":"2022-07-11T23:02:50.958Z"}
info: Connected to the redis database. {"timestamp":"2022-07-11T23:02:50.994Z"}
info: Connected to the database. {"timestamp":"2022-07-11T23:02:53.470Z"}
info: Server started at http://localhost:3000/api/v1/ {"timestamp":"2022-07-11T23:03:19.100Z"}
info: Connected to the redis database. {"timestamp":"2022-07-11T23:03:19.192Z"}
info: Connected to the database. {"timestamp":"2022-07-11T23:03:21.753Z"}
info: Server started at http://localhost:3000/api/v1/ {"timestamp":"2022-07-11T23:04:22.697Z"}
info: Connected to the redis database. {"timestamp":"2022-07-11T23:04:22.721Z"}
info: Connected to the database. {"timestamp":"2022-07-11T23:04:25.371Z"}
info: Server started at http://localhost:3000/api/v1/ {"timestamp":"2022-07-11T23:05:31.490Z"}
info: Connected to the redis database. {"timestamp":"2022-07-11T23:05:31.521Z"}
info: Connected to the database. {"timestamp":"2022-07-11T23:05:34.178Z"}
info: Server started at http://localhost:3000/api/v1/ {"timestamp":"2022-07-11T23:07:17.759Z"}
info: Connected to the redis database. {"timestamp":"2022-07-11T23:07:17.822Z"}
info: Connected to the database. {"timestamp":"2022-07-11T23:07:20.827Z"}
error: 
    status - 500 
    message - ReferenceError: HttpStatus is not defined
    at _callee$ (C:\Users\ankan\My_Fundo\My_Fundoo_Project\src\middlewares\/redisMidwares.js:6:16)
    at tryCatch (C:\Users\ankan\My_Fundo\My_Fundoo_Project\node_modules\@babel\runtime\helpers\regeneratorRuntime.js:86:17)
    at Generator._invoke (C:\Users\ankan\My_Fundo\My_Fundoo_Project\node_modules\@babel\runtime\helpers\regeneratorRuntime.js:66:24)
    at Generator.next (C:\Users\ankan\My_Fundo\My_Fundoo_Project\node_modules\@babel\runtime\helpers\regeneratorRuntime.js:117:21)
    at asyncGeneratorStep (C:\Users\ankan\My_Fundo\My_Fundoo_Project\node_modules\@babel\runtime\helpers\asyncToGenerator.js:3:24)
    at _next (C:\Users\ankan\My_Fundo\My_Fundoo_Project\node_modules\@babel\runtime\helpers\asyncToGenerator.js:25:9)
    at processTicksAndRejections (node:internal/process/task_queues:95:5) 
    url - /api/v1/note 
    method - GET 
    IP - ::1
   {"timestamp":"2022-07-11T23:07:28.060Z"}
info: Server started at http://localhost:3000/api/v1/ {"timestamp":"2022-07-11T23:09:33.295Z"}
info: Connected to the redis database. {"timestamp":"2022-07-11T23:09:33.339Z"}
info: Connected to the database. {"timestamp":"2022-07-11T23:09:36.262Z"}
info: Server started at http://localhost:3000/api/v1/ {"timestamp":"2022-07-11T23:10:47.178Z"}
info: Connected to the redis database. {"timestamp":"2022-07-11T23:10:47.208Z"}
info: Connected to the database. {"timestamp":"2022-07-11T23:10:50.193Z"}
info: Server started at http://localhost:3000/api/v1/ {"timestamp":"2022-07-11T23:12:22.593Z"}
info: Connected to the redis database. {"timestamp":"2022-07-11T23:12:22.616Z"}
info: Connected to the database. {"timestamp":"2022-07-11T23:12:25.552Z"}
info: Server started at http://localhost:3000/api/v1/ {"timestamp":"2022-07-11T23:17:22.751Z"}
info: Connected to the redis database. {"timestamp":"2022-07-11T23:17:22.795Z"}
info: Connected to the database. {"timestamp":"2022-07-11T23:17:25.662Z"}
info: Server started at http://localhost:3000/api/v1/ {"timestamp":"2022-07-11T23:18:43.118Z"}
info: Connected to the redis database. {"timestamp":"2022-07-11T23:18:43.145Z"}
info: Connected to the database. {"timestamp":"2022-07-11T23:18:45.766Z"}
info: Server started at http://localhost:3000/api/v1/ {"timestamp":"2022-07-11T23:20:43.015Z"}
info: Connected to the redis database. {"timestamp":"2022-07-11T23:20:43.041Z"}
info: Connected to the database. {"timestamp":"2022-07-11T23:20:45.964Z"}
info: Server started at http://localhost:3000/api/v1/ {"timestamp":"2022-07-11T23:23:05.913Z"}
info: Connected to the redis database. {"timestamp":"2022-07-11T23:23:05.971Z"}
info: Server started at http://localhost:3000/api/v1/ {"timestamp":"2022-07-11T23:23:26.193Z"}
info: Connected to the redis database. {"timestamp":"2022-07-11T23:23:26.218Z"}
info: Connected to the database. {"timestamp":"2022-07-11T23:23:28.761Z"}
info: Server started at http://localhost:3000/api/v1/ {"timestamp":"2022-07-11T23:27:20.574Z"}
info: Connected to the redis database. {"timestamp":"2022-07-11T23:27:20.602Z"}
info: Connected to the database. {"timestamp":"2022-07-11T23:27:23.561Z"}
info: Server started at http://localhost:3000/api/v1/ {"timestamp":"2022-07-12T02:47:41.330Z"}
info: Connected to the redis database. {"timestamp":"2022-07-12T02:47:41.357Z"}
info: Connected to the database. {"timestamp":"2022-07-12T02:47:44.565Z"}
info: Server started at http://localhost:3000/api/v1/ {"timestamp":"2022-07-12T02:53:39.692Z"}
info: Connected to the redis database. {"timestamp":"2022-07-12T02:53:39.737Z"}
info: Connected to the database. {"timestamp":"2022-07-12T02:53:43.256Z"}
info: Server started at http://localhost:3000/api/v1/ {"timestamp":"2022-07-12T02:56:20.992Z"}
info: Connected to the redis database. {"timestamp":"2022-07-12T02:56:21.036Z"}
info: Connected to the database. {"timestamp":"2022-07-12T02:56:23.934Z"}
info: Server started at http://localhost:3000/api/v1/ {"timestamp":"2022-07-12T02:57:11.249Z"}
info: Connected to the redis database. {"timestamp":"2022-07-12T02:57:11.282Z"}
info: Connected to the database. {"timestamp":"2022-07-12T02:57:13.881Z"}
info: Server started at http://localhost:3000/api/v1/ {"timestamp":"2022-07-12T02:58:26.897Z"}
info: Connected to the redis database. {"timestamp":"2022-07-12T02:58:26.920Z"}
info: Connected to the database. {"timestamp":"2022-07-12T02:58:29.573Z"}
info: Server started at http://localhost:3000/api/v1/ {"timestamp":"2022-07-12T02:59:12.402Z"}
info: Connected to the redis database. {"timestamp":"2022-07-12T02:59:12.472Z"}
info: Connected to the database. {"timestamp":"2022-07-12T02:59:15.251Z"}
info: Server started at http://localhost:3000/api/v1/ {"timestamp":"2022-07-12T03:14:32.366Z"}
info: Connected to the redis database. {"timestamp":"2022-07-12T03:14:32.406Z"}
info: Connected to the database. {"timestamp":"2022-07-12T03:14:35.332Z"}
info: Server started at http://localhost:3000/api/v1/ {"timestamp":"2022-07-12T11:53:52.249Z"}
info: Connected to the redis database. {"timestamp":"2022-07-12T11:53:52.289Z"}
info: Connected to the database. {"timestamp":"2022-07-12T11:53:55.083Z"}
info: Server started at http://localhost:3000/api/v1/ {"timestamp":"2022-07-12T12:02:15.058Z"}
info: Connected to the redis database. {"timestamp":"2022-07-12T12:02:15.096Z"}
info: Connected to the database. {"timestamp":"2022-07-12T12:02:17.941Z"}
info: Server started at http://localhost:3000/api/v1/ {"timestamp":"2022-07-12T12:23:15.800Z"}
info: Connected to the redis database. {"timestamp":"2022-07-12T12:23:15.824Z"}
info: Connected to the database. {"timestamp":"2022-07-12T12:23:18.583Z"}
info: Server started at http://localhost:3000/api/v1/ {"timestamp":"2022-07-12T12:24:28.306Z"}
info: Connected to the redis database. {"timestamp":"2022-07-12T12:24:28.331Z"}
info: Connected to the database. {"timestamp":"2022-07-12T12:24:31.051Z"}
info: Server started at http://localhost:3000/api/v1/ {"timestamp":"2022-07-12T12:28:35.528Z"}
info: Connected to the redis database. {"timestamp":"2022-07-12T12:28:35.612Z"}
