info: ::1 - - [05/Jul/2022:09:54:01 +0000] "POST /api/v1/users HTTP/1.1" 201 333 "-" "PostmanRuntime/7.29.0"

info: ::1 - - [05/Jul/2022:10:53:47 +0000] "POST /api/v1/users/forgetPass HTTP/1.1" 400 67 "-" "PostmanRuntime/7.29.0"

info: ::1 - - [05/Jul/2022:10:54:35 +0000] "POST /api/v1/users/forgetPass HTTP/1.1" 400 142 "-" "PostmanRuntime/7.29.0"

info: ::1 - - [05/Jul/2022:10:57:44 +0000] "POST /api/v1/users/forgetPass HTTP/1.1" 400 142 "-" "PostmanRuntime/7.29.0"

info: ::1 - - [05/Jul/2022:10:59:23 +0000] "POST /api/v1/users/forgetPass HTTP/1.1" 400 142 "-" "PostmanRuntime/7.29.0"

info: ::1 - - [05/Jul/2022:11:06:33 +0000] "POST /api/v1/users/forgetPass HTTP/1.1" 200 60 "-" "PostmanRuntime/7.29.0"

info: ::1 - - [05/Jul/2022:11:09:40 +0000] "POST /api/v1/users/forgetPass HTTP/1.1" 200 60 "-" "PostmanRuntime/7.29.0"

info: ::1 - - [05/Jul/2022:11:21:50 +0000] "POST /api/v1/users/forgetPass HTTP/1.1" 200 60 "-" "PostmanRuntime/7.29.0"

info: ::1 - - [05/Jul/2022:11:23:16 +0000] "POST /api/v1/users/forgetPass HTTP/1.1" 200 60 "-" "PostmanRuntime/7.29.0"

info: ::1 - - [05/Jul/2022:11:25:12 +0000] "POST /api/v1/users/forgetPass HTTP/1.1" 200 60 "-" "PostmanRuntime/7.29.0"

info: ::1 - - [05/Jul/2022:11:34:08 +0000] "POST /api/v1/users/forgetPass HTTP/1.1" 200 60 "-" "PostmanRuntime/7.29.0"

info: ::1 - - [05/Jul/2022:11:41:47 +0000] "POST /api/v1/users/forgetPass HTTP/1.1" 200 60 "-" "PostmanRuntime/7.29.0"

info: ::1 - - [05/Jul/2022:11:42:31 +0000] "POST /api/v1/users/forgetPass HTTP/1.1" 400 49 "-" "PostmanRuntime/7.29.0"

info: ::1 - - [05/Jul/2022:11:43:02 +0000] "POST /api/v1/users HTTP/1.1" 201 346 "-" "PostmanRuntime/7.29.0"

info: ::1 - - [05/Jul/2022:11:43:20 +0000] "POST /api/v1/users/forgetPass HTTP/1.1" 200 60 "-" "PostmanRuntime/7.29.0"

info: ::1 - - [05/Jul/2022:11:53:13 +0000] "POST /api/v1/users/forgetPass HTTP/1.1" 200 60 "-" "PostmanRuntime/7.29.0"

info: ::1 - - [05/Jul/2022:11:55:52 +0000] "POST /api/v1/users/forgetPass HTTP/1.1" 200 60 "-" "PostmanRuntime/7.29.0"

info: ::1 - - [05/Jul/2022:11:56:45 +0000] "POST /api/v1/users/forgetPass HTTP/1.1" 200 60 "-" "PostmanRuntime/7.29.0"

info: ::1 - - [05/Jul/2022:11:58:22 +0000] "POST /api/v1/users/forgetPass HTTP/1.1" 200 60 "-" "PostmanRuntime/7.29.0"

info: ::1 - - [05/Jul/2022:11:59:28 +0000] "POST /api/v1/users/forgetPass HTTP/1.1" 200 60 "-" "PostmanRuntime/7.29.0"

info: ::1 - - [05/Jul/2022:14:01:37 +0000] "POST /api/v1/users/forgetPass HTTP/1.1" 200 60 "-" "PostmanRuntime/7.29.0"

info: ::1 - - [05/Jul/2022:14:06:57 +0000] "POST /api/v1/users/forgetPass HTTP/1.1" 200 60 "-" "PostmanRuntime/7.29.0"

info: ::1 - - [05/Jul/2022:14:12:40 +0000] "POST /api/v1/users/forgetPass HTTP/1.1" 200 60 "-" "PostmanRuntime/7.29.0"

info: ::1 - - [05/Jul/2022:14:13:51 +0000] "POST /api/v1/users/forgetPass HTTP/1.1" 200 60 "-" "PostmanRuntime/7.29.0"

info: ::1 - - [05/Jul/2022:14:16:29 +0000] "POST /api/v1/users/forgetPass HTTP/1.1" 200 60 "-" "PostmanRuntime/7.29.0"

info: ::1 - - [05/Jul/2022:14:19:55 +0000] "POST /api/v1/users/forgetPass HTTP/1.1" 200 60 "-" "PostmanRuntime/7.29.0"

info: ::1 - - [05/Jul/2022:14:20:41 +0000] "POST /api/v1/users/forgetPass HTTP/1.1" 200 60 "-" "PostmanRuntime/7.29.0"

info: ::1 - - [05/Jul/2022:14:20:56 +0000] "POST /api/v1/users/forgetPass HTTP/1.1" 200 60 "-" "PostmanRuntime/7.29.0"

info: ::1 - - [05/Jul/2022:14:21:28 +0000] "POST /api/v1/users/forgetPass HTTP/1.1" 200 60 "-" "PostmanRuntime/7.29.0"

info: ::1 - - [05/Jul/2022:14:25:17 +0000] "POST /api/v1/users/forgetPass HTTP/1.1" 200 60 "-" "PostmanRuntime/7.29.0"

info: ::1 - - [05/Jul/2022:14:48:11 +0000] "POST /api/v1/users/ HTTP/1.1" 201 335 "-" "PostmanRuntime/7.29.0"

info: ::1 - - [05/Jul/2022:14:48:36 +0000] "POST /api/v1/users/forgetPass HTTP/1.1" 200 60 "-" "PostmanRuntime/7.29.0"

info: ::1 - - [05/Jul/2022:15:45:23 +0000] "PUT /api/v1/users/resetpass/eyJhbGciOiJIUzI1NiIsInR5cCI6IkpXVCJ9.eyJtYWlsaWQiOiJhbmthbi5zYXJrQGdtYWlsLmNvbSIsImlkIjoiNjJjNDRmMmJlNGY4N2MzNWM4MDhmOTczIiwiaWF0IjoxNjU3MDMyNTA5fQ.jQc54aYI0oRMX2-iy1D0bYDVd4V-33icDj4eYyCk0do HTTP/1.1" 500 52 "-" "PostmanRuntime/7.29.0"

info: ::1 - - [05/Jul/2022:15:46:18 +0000] "PUT /api/v1/users/resetpass/eyJhbGciOiJIUzI1NiIsInR5cCI6IkpXVCJ9.eyJtYWlsaWQiOiJhbmthbi5zYXJrQGdtYWlsLmNvbSIsImlkIjoiNjJjNDRmMmJlNGY4N2MzNWM4MDhmOTczIiwiaWF0IjoxNjU3MDMyNTA5fQ.jQc54aYI0oRMX2-iy1D0bYDVd4V-33icDj4eYyCk0do HTTP/1.1" 200 291 "-" "PostmanRuntime/7.29.0"

info: ::1 - - [05/Jul/2022:15:48:18 +0000] "POST /api/v1/users/forgetPass HTTP/1.1" 200 60 "-" "PostmanRuntime/7.29.0"

info: ::1 - - [05/Jul/2022:15:49:22 +0000] "PUT /api/v1/users/resetpass/eyJhbGciOiJIUzI1NiIsInR5cCI6IkpXVCJ9.eyJtYWlsaWQiOiJhbmthbi5zYXJrQGdtYWlsLmNvbSIsImlkIjoiNjJjNDRmMmJlNGY4N2MzNWM4MDhmOTczIiwiaWF0IjoxNjU3MDM2MDkyfQ.FPw9nRtb7s6K7E7gdingNNeI9sffY_dKydeBgNSsqGQ HTTP/1.1" 200 286 "-" "PostmanRuntime/7.29.0"

info: ::1 - - [05/Jul/2022:15:56:41 +0000] "PUT /api/v1/users/resetpass/eyJhbGciOiJIUzI1NiIsInR5cCI6IkpXVCJ9.eyJtYWlsaWQiOiJhbmthbi5zYXJrQGdtYWlsLmNvbSIsImlkIjoiNjJjNDRmMmJlNGY4N2MzNWM4MDhmOTczIiwiaWF0IjoxNjU3MDM2MDkyfQ.FPw9nRtb7s6K7E7gdingNNeI9sffY_dKydeBgNSsqGQ HTTP/1.1" 200 291 "-" "PostmanRuntime/7.29.0"

info: ::1 - - [05/Jul/2022:16:04:07 +0000] "PUT /api/v1/users/resetpass/eyJhbGciOiJIUzI1NiIsInR5cCI6IkpXVCJ9.eyJtYWlsaWQiOiJhbmthbi5zYXJrQGdtYWlsLmNvbSIsImlkIjoiNjJjNDRmMmJlNGY4N2MzNWM4MDhmOTczIiwiaWF0IjoxNjU3MDM2MDkyfQ.FPw9nRtb7s6K7E7gdingNNeI9sffY_dKydeBgNSsqGQ HTTP/1.1" 200 287 "-" "PostmanRuntime/7.29.0"

info: ::1 - - [05/Jul/2022:16:11:14 +0000] "GET /api/v1/users/resetpass/eyJhbGciOiJIUzI1NiIsInR5cCI6IkpXVCJ9.eyJtYWlsaWQiOiJhbmthbi5zYXJrQGdtYWlsLmNvbSIsImlkIjoiNjJjNDRmMmJlNGY4N2MzNWM4MDhmOTczIiwiaWF0IjoxNjU3MDM2MDkyfQ.FPw9nRtb7s6K7E7gdingNNeI9sffY_dKydeBgNSsqGQ HTTP/1.1" 404 47 "-" "Mozilla/5.0 (Windows NT 10.0; Win64; x64) AppleWebKit/537.36 (KHTML, like Gecko) Chrome/103.0.0.0 Safari/537.36"

info: ::1 - - [05/Jul/2022:16:11:15 +0000] "GET /favicon.ico HTTP/1.1" 404 47 "-" "Mozilla/5.0 (Windows NT 10.0; Win64; x64) AppleWebKit/537.36 (KHTML, like Gecko) Chrome/103.0.0.0 Safari/537.36"

