info: ::1 - - [28/Jun/2022:21:30:26 +0000] "POST /api/v1/note/newNote HTTP/1.1" 404 47 "-" "PostmanRuntime/7.29.0"

info: ::1 - - [28/Jun/2022:21:32:59 +0000] "POST /api/v1/note/newNote HTTP/1.1" 201 231 "-" "PostmanRuntime/7.29.0"

info: ::1 - - [28/Jun/2022:21:33:50 +0000] "POST /api/v1/note/newNote HTTP/1.1" 201 233 "-" "PostmanRuntime/7.29.0"

info: ::1 - - [28/Jun/2022:21:45:04 +0000] "POST /api/v1/users/newuser HTTP/1.1" 201 314 "-" "PostmanRuntime/7.29.0"

info: ::1 - - [28/Jun/2022:21:47:02 +0000] "POST /api/v1/users/login HTTP/1.1" 200 234 "-" "PostmanRuntime/7.29.0"

info: ::1 - - [28/Jun/2022:21:52:02 +0000] "POST /api/v1/note/newnote HTTP/1.1" 400 56 "-" "PostmanRuntime/7.29.0"

info: ::1 - - [28/Jun/2022:21:54:16 +0000] "POST /api/v1/note/newnote HTTP/1.1" 400 56 "-" "PostmanRuntime/7.29.0"

info: ::1 - - [28/Jun/2022:21:54:54 +0000] "POST /api/v1/users/login HTTP/1.1" 200 234 "-" "PostmanRuntime/7.29.0"

info: ::1 - - [28/Jun/2022:21:56:19 +0000] "POST /api/v1/note/newnote HTTP/1.1" 500 52 "-" "PostmanRuntime/7.29.0"

info: ::1 - - [28/Jun/2022:22:11:16 +0000] "POST /api/v1/users/login HTTP/1.1" 200 234 "-" "PostmanRuntime/7.29.0"

info: ::1 - - [28/Jun/2022:22:12:49 +0000] "POST /api/v1/note/newnote HTTP/1.1" 500 52 "-" "PostmanRuntime/7.29.0"

info: ::1 - - [28/Jun/2022:22:16:29 +0000] "POST /api/v1/note/newnote/eyJhbGciOiJIUzI1NiIsInR5cCI6IkpXVCJ9.eyJlbWFpbCI6ImJzQG1haWwuY29tIiwiaWQiOiI2MmJiNzY1ZmIwY2FmOTFjMzBiZDk0OTUiLCJpYXQiOjE2NTY0NTMyOTR9.nUjVuKsbCvPu95WkvpT_Pvgjslcv6lPSt5CS5Lkg5_Y HTTP/1.1" 404 47 "-" "PostmanRuntime/7.29.0"

info: ::1 - - [28/Jun/2022:22:19:40 +0000] "POST /api/v1/note/newnote/ HTTP/1.1" 500 52 "-" "PostmanRuntime/7.29.0"

info: ::1 - - [28/Jun/2022:22:23:51 +0000] "POST /api/v1/note/newnote/ HTTP/1.1" 400 63 "-" "PostmanRuntime/7.29.0"

info: ::1 - - [28/Jun/2022:22:25:05 +0000] "POST /api/v1/note/newnote/ HTTP/1.1" 201 250 "-" "PostmanRuntime/7.29.0"

info: ::1 - - [28/Jun/2022:22:27:36 +0000] "POST /api/v1/note/newnote/ HTTP/1.1" 201 256 "-" "PostmanRuntime/7.29.0"

info: ::1 - - [28/Jun/2022:22:55:27 +0000] "POST /api/v1/note/newnote/ HTTP/1.1" 201 219 "-" "PostmanRuntime/7.29.0"

info: ::1 - - [29/Jun/2022:02:45:10 +0000] "POST /api/v1/note/newnote/ HTTP/1.1" 201 224 "-" "PostmanRuntime/7.29.0"

info: ::1 - - [29/Jun/2022:02:46:54 +0000] "POST /api/v1/note/newnote/ HTTP/1.1" 201 231 "-" "PostmanRuntime/7.29.0"

info: ::1 - - [29/Jun/2022:02:48:37 +0000] "POST /api/v1/note/newnote/ HTTP/1.1" 201 234 "-" "PostmanRuntime/7.29.0"

info: ::1 - - [29/Jun/2022:02:49:36 +0000] "POST /api/v1/note/newnote/ HTTP/1.1" 201 234 "-" "PostmanRuntime/7.29.0"

info: ::1 - - [29/Jun/2022:02:51:42 +0000] "POST /api/v1/note/newnote/ HTTP/1.1" 500 52 "-" "PostmanRuntime/7.29.0"

info: ::1 - - [29/Jun/2022:02:56:25 +0000] "POST /api/v1/note/newnote/ HTTP/1.1" 400 61 "-" "PostmanRuntime/7.29.0"

info: ::1 - - [29/Jun/2022:10:38:13 +0000] "GET /api/v1/note/allnote/ HTTP/1.1" 200 1663 "-" "PostmanRuntime/7.29.0"

info: ::1 - - [29/Jun/2022:10:54:29 +0000] "GET /api/v1/note/62bb738b953bd13d48ee042d HTTP/1.1" 200 1663 "-" "PostmanRuntime/7.29.0"

info: ::1 - - [29/Jun/2022:10:55:01 +0000] "GET /api/v1/note HTTP/1.1" 404 47 "-" "PostmanRuntime/7.29.0"

info: ::1 - - [29/Jun/2022:10:55:08 +0000] "GET /api/v1/note/62bb738b953bd13d48ee042d HTTP/1.1" 200 1663 "-" "PostmanRuntime/7.29.0"

info: ::1 - - [29/Jun/2022:10:57:49 +0000] "GET /api/v1/note/62bb738b953bd13d48ee042d HTTP/1.1" 200 1663 "-" "PostmanRuntime/7.29.0"

info: ::1 - - [29/Jun/2022:10:59:26 +0000] "GET /api/v1/note/62bb738b953bd13d48ee042d HTTP/1.1" 200 1663 "-" "PostmanRuntime/7.29.0"

info: ::1 - - [29/Jun/2022:11:03:29 +0000] "GET /api/v1/note/62bb738b953bd13d48ee042d HTTP/1.1" 200 1663 "-" "PostmanRuntime/7.29.0"

info: ::1 - - [29/Jun/2022:11:04:28 +0000] "GET /api/v1/note/62bb738b953bd13d48ee042d HTTP/1.1" 200 231 "-" "PostmanRuntime/7.29.0"

info: ::1 - - [29/Jun/2022:11:04:37 +0000] "GET /api/v1/note/62bb738b953bd13d48ee042b HTTP/1.1" 200 62 "-" "PostmanRuntime/7.29.0"

info: ::1 - - [29/Jun/2022:11:07:06 +0000] "GET /api/v1/note/62bb738b953bd13d48ee042b HTTP/1.1" 200 62 "-" "PostmanRuntime/7.29.0"

info: ::1 - - [29/Jun/2022:11:08:29 +0000] "GET /api/v1/note/62bb738b953bd13d48ee042b HTTP/1.1" 200 62 "-" "PostmanRuntime/7.29.0"

info: ::1 - - [29/Jun/2022:11:09:49 +0000] "GET /api/v1/note/62bb738b953bd13d48ee042b HTTP/1.1" 200 62 "-" "PostmanRuntime/7.29.0"

info: ::1 - - [29/Jun/2022:11:13:15 +0000] "GET /api/v1/note/62bb738b953bd13d48ee042b HTTP/1.1" 200 50 "-" "PostmanRuntime/7.29.0"

info: ::1 - - [29/Jun/2022:11:14:51 +0000] "GET /api/v1/note/62bb738b953bd13d48ee042b HTTP/1.1" 200 62 "-" "PostmanRuntime/7.29.0"

info: ::1 - - [29/Jun/2022:11:19:30 +0000] "GET /api/v1/note/62bb738b953bd13d48ee042b HTTP/1.1" 400 42 "-" "PostmanRuntime/7.29.0"

info: ::1 - - [29/Jun/2022:11:20:58 +0000] "GET /api/v1/note/62bb738b953bd13d48ee042b HTTP/1.1" 400 42 "-" "PostmanRuntime/7.29.0"

info: ::1 - - [29/Jun/2022:11:25:00 +0000] "GET /api/v1/user/login HTTP/1.1" 404 47 "-" "PostmanRuntime/7.29.0"

info: ::1 - - [29/Jun/2022:11:25:07 +0000] "GET /api/v1/users/login HTTP/1.1" 404 47 "-" "PostmanRuntime/7.29.0"

info: ::1 - - [29/Jun/2022:11:25:47 +0000] "POST /api/v1/users/login HTTP/1.1" 400 49 "-" "PostmanRuntime/7.29.0"

info: ::1 - - [29/Jun/2022:11:26:20 +0000] "POST /api/v1/note/62bb738b953bd13d48ee042b HTTP/1.1" 404 47 "-" "PostmanRuntime/7.29.0"

info: ::1 - - [29/Jun/2022:11:26:31 +0000] "GET /api/v1/note/62bb738b953bd13d48ee042b HTTP/1.1" 400 42 "-" "PostmanRuntime/7.29.0"

info: ::1 - - [29/Jun/2022:11:26:38 +0000] "GET /api/v1/note/62bb738b953bd13d48ee042d HTTP/1.1" 200 231 "-" "PostmanRuntime/7.29.0"

info: ::1 - - [29/Jun/2022:11:36:01 +0000] "GET /api/v1/note/62bb738b953bd13d48ee042d HTTP/1.1" 200 231 "-" "PostmanRuntime/7.29.0"

info: ::1 - - [29/Jun/2022:11:36:15 +0000] "GET /api/v1/note/62bb738b953bd13d48ee042b HTTP/1.1" 400 42 "-" "PostmanRuntime/7.29.0"

info: ::1 - - [29/Jun/2022:11:42:58 +0000] "POST /api/v1/users/newuser HTTP/1.1" 201 318 "-" "PostmanRuntime/7.29.0"

info: ::1 - - [29/Jun/2022:11:45:20 +0000] "POST /api/v1/users/login HTTP/1.1" 200 241 "-" "PostmanRuntime/7.29.0"

info: ::1 - - [29/Jun/2022:11:54:35 +0000] "POST /api/v1/post HTTP/1.1" 404 47 "-" "PostmanRuntime/7.29.0"

info: ::1 - - [29/Jun/2022:11:54:50 +0000] "POST /api/v1/note HTTP/1.1" 404 47 "-" "PostmanRuntime/7.29.0"

info: ::1 - - [29/Jun/2022:11:54:53 +0000] "POST /api/v1/note HTTP/1.1" 404 47 "-" "PostmanRuntime/7.29.0"

info: ::1 - - [29/Jun/2022:11:55:30 +0000] "POST /api/v1/note/ HTTP/1.1" 404 47 "-" "PostmanRuntime/7.29.0"

info: ::1 - - [29/Jun/2022:11:55:36 +0000] "POST /api/v1/note/%20 HTTP/1.1" 404 47 "-" "PostmanRuntime/7.29.0"

info: ::1 - - [29/Jun/2022:11:56:06 +0000] "GET /api/v1/note HTTP/1.1" 404 47 "-" "PostmanRuntime/7.29.0"

info: ::1 - - [29/Jun/2022:11:56:50 +0000] "GET /api/v1/note HTTP/1.1" 404 47 "-" "PostmanRuntime/7.29.0"

info: ::1 - - [29/Jun/2022:11:57:08 +0000] "GET /api/v1/note HTTP/1.1" 200 1663 "-" "PostmanRuntime/7.29.0"

info: ::1 - - [29/Jun/2022:11:57:43 +0000] "GET /api/v1/note/62bbbd1e173ef237a8eae6ff HTTP/1.1" 200 231 "-" "PostmanRuntime/7.29.0"

info: ::1 - - [29/Jun/2022:14:41:38 +0000] "POST /api/v1/users/newuser HTTP/1.1" 201 315 "-" "PostmanRuntime/7.29.0"

info: ::1 - - [29/Jun/2022:14:42:22 +0000] "POST /api/v1/users/login HTTP/1.1" 200 238 "-" "PostmanRuntime/7.29.0"

info: ::1 - - [29/Jun/2022:14:44:45 +0000] "POST /api/v1/notes HTTP/1.1" 404 47 "-" "PostmanRuntime/7.29.0"

info: ::1 - - [29/Jun/2022:14:45:16 +0000] "POST /api/v1/note HTTP/1.1" 201 226 "-" "PostmanRuntime/7.29.0"

info: ::1 - - [29/Jun/2022:14:47:41 +0000] "POST /api/v1/note HTTP/1.1" 201 234 "-" "PostmanRuntime/7.29.0"

info: ::1 - - [29/Jun/2022:14:50:03 +0000] "POST /api/v1/note HTTP/1.1" 400 61 "-" "PostmanRuntime/7.29.0"

info: ::1 - - [29/Jun/2022:14:57:56 +0000] "GET /api/v1/note HTTP/1.1" 400 61 "-" "PostmanRuntime/7.29.0"

info: ::1 - - [29/Jun/2022:14:58:28 +0000] "GET /api/v1/note HTTP/1.1" 400 40 "-" "PostmanRuntime/7.29.0"

info: ::1 - - [29/Jun/2022:14:58:57 +0000] "GET /api/v1/note HTTP/1.1" 400 40 "-" "PostmanRuntime/7.29.0"

info: ::1 - - [29/Jun/2022:14:59:45 +0000] "GET /api/v1/note HTTP/1.1" 400 40 "-" "PostmanRuntime/7.29.0"

info: ::1 - - [29/Jun/2022:15:00:57 +0000] "GET /api/v1/note HTTP/1.1" 400 61 "-" "PostmanRuntime/7.29.0"

info: ::1 - - [29/Jun/2022:15:02:53 +0000] "POST /api/v1/user/newuser HTTP/1.1" 404 47 "-" "PostmanRuntime/7.29.0"

info: ::1 - - [29/Jun/2022:15:03:05 +0000] "POST /api/v1/users/newuser HTTP/1.1" 201 315 "-" "PostmanRuntime/7.29.0"

info: ::1 - - [29/Jun/2022:15:03:33 +0000] "POST /api/v1/users/login HTTP/1.1" 200 238 "-" "PostmanRuntime/7.29.0"

info: ::1 - - [29/Jun/2022:15:04:59 +0000] "POST /api/v1/note HTTP/1.1" 400 61 "-" "PostmanRuntime/7.29.0"

info: ::1 - - [29/Jun/2022:15:05:19 +0000] "POST /api/v1/note HTTP/1.1" 400 61 "-" "PostmanRuntime/7.29.0"

info: ::1 - - [29/Jun/2022:15:05:58 +0000] "POST /api/v1/users/newuser HTTP/1.1" 400 63 "-" "PostmanRuntime/7.29.0"

info: ::1 - - [29/Jun/2022:15:06:08 +0000] "POST /api/v1/users/login HTTP/1.1" 200 238 "-" "PostmanRuntime/7.29.0"

info: ::1 - - [29/Jun/2022:15:06:42 +0000] "POST /api/v1/post HTTP/1.1" 404 47 "-" "PostmanRuntime/7.29.0"

info: ::1 - - [29/Jun/2022:15:07:12 +0000] "POST /api/v1/post HTTP/1.1" 404 47 "-" "PostmanRuntime/7.29.0"

info: ::1 - - [29/Jun/2022:15:07:31 +0000] "POST /api/v1/note HTTP/1.1" 201 230 "-" "PostmanRuntime/7.29.0"

info: ::1 - - [29/Jun/2022:15:07:47 +0000] "GET /api/v1/note HTTP/1.1" 200 2182 "-" "PostmanRuntime/7.29.0"

info: ::1 - - [29/Jun/2022:15:08:19 +0000] "GET /api/v1/note HTTP/1.1" 200 2182 "-" "PostmanRuntime/7.29.0"

info: ::1 - - [29/Jun/2022:15:08:33 +0000] "GET /api/v1/note HTTP/1.1" 200 2182 "-" "PostmanRuntime/7.29.0"

info: ::1 - - [29/Jun/2022:15:08:36 +0000] "GET /api/v1/note HTTP/1.1" 200 2182 "-" "PostmanRuntime/7.29.0"

info: ::1 - - [29/Jun/2022:15:09:55 +0000] "PUT /api/v1/note/62bc6ab3053164405cff5623 HTTP/1.1" 200 230 "-" "PostmanRuntime/7.29.0"

info: ::1 - - [29/Jun/2022:15:10:44 +0000] "PUT /api/v1/note/62bc6ab3053164405cff5623 HTTP/1.1" 400 60 "-" "PostmanRuntime/7.29.0"

info: ::1 - - [29/Jun/2022:15:11:27 +0000] "PUT /api/v1/note/62bc6ab3053164405cff5623 HTTP/1.1" 200 230 "-" "PostmanRuntime/7.29.0"

info: ::1 - - [29/Jun/2022:15:13:14 +0000] "PUT /api/v1/note/62bc6ab3053164405cff5623 HTTP/1.1" 200 230 "-" "PostmanRuntime/7.29.0"

info: ::1 - - [29/Jun/2022:15:21:18 +0000] "PUT /api/v1/note/62bc6ab3053164405cff5623 HTTP/1.1" 500 53 "-" "PostmanRuntime/7.29.0"

info: ::1 - - [29/Jun/2022:15:22:29 +0000] "PUT /api/v1/note HTTP/1.1" 404 47 "-" "PostmanRuntime/7.29.0"

info: ::1 - - [29/Jun/2022:15:22:39 +0000] "GET /api/v1/note HTTP/1.1" 200 2182 "-" "PostmanRuntime/7.29.0"

info: ::1 - - [29/Jun/2022:15:23:06 +0000] "PUT /api/v1/note/62bc6ab3053164405cff5623 HTTP/1.1" 500 53 "-" "PostmanRuntime/7.29.0"

info: ::1 - - [29/Jun/2022:15:23:43 +0000] "PUT /api/v1/note/62bc6ab3053164405cff5623 HTTP/1.1" 500 156 "-" "PostmanRuntime/7.29.0"

