info: ::1 - - [30/Jun/2022:19:09:08 +0000] "POST /api/v1/users/newuser HTTP/1.1" 201 317 "-" "PostmanRuntime/7.29.0"

info: ::1 - - [30/Jun/2022:19:09:38 +0000] "POST /api/v1/users/newuser HTTP/1.1" 201 317 "-" "PostmanRuntime/7.29.0"

info: ::1 - - [30/Jun/2022:19:10:02 +0000] "POST /api/v1/users/newuser HTTP/1.1" 201 318 "-" "PostmanRuntime/7.29.0"

info: ::1 - - [30/Jun/2022:19:10:47 +0000] "POST /api/v1/users/login HTTP/1.1" 200 240 "-" "PostmanRuntime/7.29.0"

info: ::1 - - [30/Jun/2022:19:14:29 +0000] "POST /api/v1/note HTTP/1.1" 201 319 "-" "PostmanRuntime/7.29.0"

info: ::1 - - [30/Jun/2022:19:15:12 +0000] "POST /api/v1/note HTTP/1.1" 201 327 "-" "PostmanRuntime/7.29.0"

info: ::1 - - [30/Jun/2022:19:18:36 +0000] "POST /api/v1/users/login HTTP/1.1" 200 240 "-" "PostmanRuntime/7.29.0"

info: ::1 - - [30/Jun/2022:19:20:04 +0000] "POST /api/v1/note HTTP/1.1" 201 321 "-" "PostmanRuntime/7.29.0"

info: ::1 - - [30/Jun/2022:19:20:22 +0000] "POST /api/v1/note HTTP/1.1" 201 329 "-" "PostmanRuntime/7.29.0"

info: ::1 - - [30/Jun/2022:19:20:55 +0000] "GET /api/v1/note HTTP/1.1" 200 1132 "-" "PostmanRuntime/7.29.0"

info: ::1 - - [30/Jun/2022:19:21:38 +0000] "GET /api/v1/note HTTP/1.1" 200 1132 "-" "PostmanRuntime/7.29.0"

info: ::1 - - [30/Jun/2022:19:40:09 +0000] "GET /api/v1/note HTTP/1.1" 500 54 "-" "PostmanRuntime/7.29.0"

info: ::1 - - [30/Jun/2022:19:41:17 +0000] "GET /api/v1/note HTTP/1.1" 500 103 "-" "PostmanRuntime/7.29.0"

info: ::1 - - [30/Jun/2022:19:44:32 +0000] "GET /api/v1/note HTTP/1.1" 200 1132 "-" "PostmanRuntime/7.29.0"

info: ::1 - - [30/Jun/2022:19:47:42 +0000] "GET /api/v1/note HTTP/1.1" 500 103 "-" "PostmanRuntime/7.29.0"

info: ::1 - - [30/Jun/2022:19:53:59 +0000] "GET /api/v1/note HTTP/1.1" 200 600 "-" "PostmanRuntime/7.29.0"

info: ::1 - - [30/Jun/2022:20:02:38 +0000] "GET /api/v1/note HTTP/1.1" 200 596 "-" "PostmanRuntime/7.29.0"

info: ::1 - - [30/Jun/2022:20:06:47 +0000] "GET /api/v1/note/62bdf640570ac418d4d74c45/archive HTTP/1.1" 404 47 "-" "PostmanRuntime/7.29.0"

info: ::1 - - [30/Jun/2022:20:07:01 +0000] "PUT /api/v1/note/62bdf640570ac418d4d74c45/archive HTTP/1.1" 200 319 "-" "PostmanRuntime/7.29.0"

info: ::1 - - [30/Jun/2022:20:09:08 +0000] "PUT /api/v1/note/archive/62bdf640570ac418d4d74c45 HTTP/1.1" 200 318 "-" "PostmanRuntime/7.29.0"

info: ::1 - - [30/Jun/2022:20:09:57 +0000] "PUT /api/v1/note/archive/62bdf640570ac418d4d74c45 HTTP/1.1" 200 318 "-" "PostmanRuntime/7.29.0"

info: ::1 - - [30/Jun/2022:20:23:56 +0000] "PUT /api/v1/note/archive/62bdf640570ac418d4d74c45 HTTP/1.1" 200 318 "-" "PostmanRuntime/7.29.0"

info: ::1 - - [30/Jun/2022:20:24:58 +0000] "PUT /api/v1/note/archive/62bdf640570ac418d4d74c45 HTTP/1.1" 200 318 "-" "PostmanRuntime/7.29.0"

info: ::1 - - [30/Jun/2022:20:36:22 +0000] "PUT /api/v1/note/archive/62bdf640570ac418d4d74c45 HTTP/1.1" 200 327 "-" "PostmanRuntime/7.29.0"

info: ::1 - - [30/Jun/2022:20:38:24 +0000] "PUT /api/v1/note/archive/62bdf640570ac418d4d74c45 HTTP/1.1" 200 326 "-" "PostmanRuntime/7.29.0"

info: ::1 - - [30/Jun/2022:20:40:30 +0000] "PUT /api/v1/note/archive/62bdf764570ac418d4d74c48 HTTP/1.1" 200 320 "-" "PostmanRuntime/7.29.0"

info: ::1 - - [30/Jun/2022:20:50:18 +0000] "PUT /api/v1/note/archive/62bdf764570ac418d4d12c48 HTTP/1.1" 400 42 "-" "PostmanRuntime/7.29.0"

info: ::1 - - [30/Jun/2022:21:38:41 +0000] "POST /api/v1/users/newuser HTTP/1.1" 201 314 "-" "PostmanRuntime/7.29.0"

info: ::1 - - [30/Jun/2022:21:39:50 +0000] "POST /api/v1/users/newuser HTTP/1.1" 201 314 "-" "PostmanRuntime/7.29.0"

info: ::1 - - [30/Jun/2022:21:40:35 +0000] "POST /api/v1/users/newuser HTTP/1.1" 201 315 "-" "PostmanRuntime/7.29.0"

info: ::1 - - [30/Jun/2022:21:41:05 +0000] "POST /api/v1/users/login HTTP/1.1" 200 236 "-" "PostmanRuntime/7.29.0"

info: ::1 - - [30/Jun/2022:21:41:28 +0000] "POST /api/v1/users/login HTTP/1.1" 200 236 "-" "PostmanRuntime/7.29.0"

info: ::1 - - [30/Jun/2022:21:41:32 +0000] "POST /api/v1/users/login HTTP/1.1" 200 236 "-" "PostmanRuntime/7.29.0"

info: ::1 - - [30/Jun/2022:21:41:35 +0000] "POST /api/v1/users/login HTTP/1.1" 200 236 "-" "PostmanRuntime/7.29.0"

info: ::1 - - [30/Jun/2022:21:43:22 +0000] "POST /api/v1/note HTTP/1.1" 400 40 "-" "PostmanRuntime/7.29.0"

info: ::1 - - [30/Jun/2022:21:47:54 +0000] "POST /api/v1/note HTTP/1.1" 400 40 "-" "PostmanRuntime/7.29.0"

info: ::1 - - [30/Jun/2022:21:49:41 +0000] "POST /api/v1/note HTTP/1.1" 400 40 "-" "PostmanRuntime/7.29.0"

info: ::1 - - [30/Jun/2022:21:50:52 +0000] "POST /api/v1/note HTTP/1.1" 400 40 "-" "PostmanRuntime/7.29.0"

info: ::1 - - [30/Jun/2022:21:52:30 +0000] "POST /api/v1/note HTTP/1.1" 201 287 "-" "PostmanRuntime/7.29.0"

info: ::1 - - [30/Jun/2022:21:53:05 +0000] "POST /api/v1/note HTTP/1.1" 201 282 "-" "PostmanRuntime/7.29.0"

info: ::1 - - [30/Jun/2022:21:53:21 +0000] "POST /api/v1/note HTTP/1.1" 201 287 "-" "PostmanRuntime/7.29.0"

info: ::1 - - [30/Jun/2022:21:53:58 +0000] "POST /api/v1/note HTTP/1.1" 201 310 "-" "PostmanRuntime/7.29.0"

info: ::1 - - [30/Jun/2022:21:55:13 +0000] "POST /api/v1/note HTTP/1.1" 201 299 "-" "PostmanRuntime/7.29.0"

info: ::1 - - [30/Jun/2022:21:56:39 +0000] "PUT /api/v1/note/trash/62be1bc140d5ac0854f520cf HTTP/1.1" 200 304 "-" "PostmanRuntime/7.29.0"

info: ::1 - - [30/Jun/2022:22:25:05 +0000] "PUT /api/v1/note/trash/62be1bc140d5ac0854f520cf HTTP/1.1" 400 65 "-" "PostmanRuntime/7.29.0"

info: ::1 - - [30/Jun/2022:22:25:39 +0000] "PUT /api/v1/note/trash/62be1bc140d5ac0854f520cf HTTP/1.1" 200 304 "-" "PostmanRuntime/7.29.0"

info: ::1 - - [30/Jun/2022:22:30:24 +0000] "PUT /api/v1/note/trash/62be1bc140d5ac0854f520cf HTTP/1.1" 200 304 "-" "PostmanRuntime/7.29.0"

info: ::1 - - [30/Jun/2022:22:43:57 +0000] "PUT /api/v1/note/trash/62be1bc140d5ac0854f520cf HTTP/1.1" 200 304 "-" "PostmanRuntime/7.29.0"

info: ::1 - - [30/Jun/2022:22:44:23 +0000] "PUT /api/v1/note/trash/62be1b5140d5ac0854f520cb HTTP/1.1" 200 292 "-" "PostmanRuntime/7.29.0"

info: ::1 - - [01/Jul/2022:11:46:11 +0000] "POST /api/v1/users/login HTTP/1.1" 200 236 "-" "PostmanRuntime/7.29.0"

info: ::1 - - [01/Jul/2022:11:47:10 +0000] "GET /api/v1/note/62be1b1d40d5ac0854f520c7 HTTP/1.1" 200 287 "-" "PostmanRuntime/7.29.0"

info: ::1 - - [01/Jul/2022:11:47:30 +0000] "GET /api/v1/note/62be1b1d40d5ac0854f520c7 HTTP/1.1" 400 61 "-" "PostmanRuntime/7.29.0"

info: ::1 - - [01/Jul/2022:11:49:36 +0000] "POST /api/v1/users/login HTTP/1.1" 200 236 "-" "PostmanRuntime/7.29.0"

info: ::1 - - [01/Jul/2022:11:49:58 +0000] "GET /api/v1/note/62be1b1d40d5ac0854f520c7 HTTP/1.1" 200 287 "-" "PostmanRuntime/7.29.0"

