info: ::1 - - [29/Jun/2022:19:49:37 +0000] "GET /api/v1/note HTTP/1.1" 200 2183 "-" "PostmanRuntime/7.29.0"

info: ::1 - - [29/Jun/2022:19:50:03 +0000] "DELETE /api/v1/note/62bc6ab3053164405cff5623 HTTP/1.1" 500 118 "-" "PostmanRuntime/7.29.0"

info: ::1 - - [29/Jun/2022:19:50:50 +0000] "DELETE /api/v1/note/62bc6ab3053164405cff5623 HTTP/1.1" 500 118 "-" "PostmanRuntime/7.29.0"

info: ::1 - - [29/Jun/2022:19:52:22 +0000] "DELETE /api/v1/note/62bc6ab3053164405cff5623 HTTP/1.1" 500 118 "-" "PostmanRuntime/7.29.0"

info: ::1 - - [29/Jun/2022:19:54:37 +0000] "DELETE /api/v1/note/62bc6ab3053164405cff5623 HTTP/1.1" 500 118 "-" "PostmanRuntime/7.29.0"

info: ::1 - - [29/Jun/2022:19:55:22 +0000] "DELETE /api/v1/note/62bc6ab3053164405cff5623 HTTP/1.1" 500 118 "-" "PostmanRuntime/7.29.0"

info: ::1 - - [29/Jun/2022:19:56:14 +0000] "DELETE /api/v1/note/62bc6ab3053164405cff5623 HTTP/1.1" 200 50 "-" "PostmanRuntime/7.29.0"

info: ::1 - - [29/Jun/2022:19:56:43 +0000] "DELETE /api/v1/note HTTP/1.1" 404 47 "-" "PostmanRuntime/7.29.0"

info: ::1 - - [29/Jun/2022:19:56:50 +0000] "GET /api/v1/note HTTP/1.1" 200 2009 "-" "PostmanRuntime/7.29.0"

info: ::1 - - [29/Jun/2022:19:57:16 +0000] "DELETE /api/v1/note/62bc660d1adab13de41e742L HTTP/1.1" 500 146 "-" "PostmanRuntime/7.29.0"

info: ::1 - - [29/Jun/2022:19:57:34 +0000] "DELETE /api/v1/note/62bc660d1adab13de41e7425 HTTP/1.1" 200 50 "-" "PostmanRuntime/7.29.0"

info: ::1 - - [29/Jun/2022:19:57:42 +0000] "DELETE /api/v1/note/62bc660d1adab13de41e742 HTTP/1.1" 500 145 "-" "PostmanRuntime/7.29.0"

info: ::1 - - [29/Jun/2022:19:57:52 +0000] "DELETE /api/v1/note/62bc660d1adab13de41e7429 HTTP/1.1" 200 50 "-" "PostmanRuntime/7.29.0"

info: ::1 - - [29/Jun/2022:19:58:03 +0000] "DELETE /api/v1/note HTTP/1.1" 404 47 "-" "PostmanRuntime/7.29.0"

info: ::1 - - [29/Jun/2022:19:58:09 +0000] "GET /api/v1/note HTTP/1.1" 200 2009 "-" "PostmanRuntime/7.29.0"

info: ::1 - - [29/Jun/2022:19:58:51 +0000] "DELETE /api/v1/note/62bb738b953bd13d48ee042b HTTP/1.1" 200 50 "-" "PostmanRuntime/7.29.0"

info: ::1 - - [29/Jun/2022:20:06:50 +0000] "DELETE /api/v1/note/62454ae713ca132de4ea41a9 HTTP/1.1" 200 50 "-" "PostmanRuntime/7.29.0"

info: ::1 - - [29/Jun/2022:20:08:12 +0000] "DELETE /api/v1/note/62454ae713ca132de4ea41a9 HTTP/1.1" 200 50 "-" "PostmanRuntime/7.29.0"

info: ::1 - - [29/Jun/2022:20:13:29 +0000] "DELETE /api/v1/note/62454ae713ca132de4ea41a9 HTTP/1.1" 400 42 "-" "PostmanRuntime/7.29.0"

info: ::1 - - [29/Jun/2022:20:13:39 +0000] "DELETE /api/v1/note/62454ae713ca132de4ea41a9 HTTP/1.1" 400 42 "-" "PostmanRuntime/7.29.0"

info: ::1 - - [29/Jun/2022:20:14:21 +0000] "DELETE /api/v1/note/ HTTP/1.1" 404 47 "-" "PostmanRuntime/7.29.0"

info: ::1 - - [29/Jun/2022:20:14:25 +0000] "GET /api/v1/note/ HTTP/1.1" 200 2009 "-" "PostmanRuntime/7.29.0"

info: ::1 - - [29/Jun/2022:20:14:48 +0000] "DELETE /api/v1/note/62bc660d1adab13de41e7422 HTTP/1.1" 200 50 "-" "PostmanRuntime/7.29.0"

info: ::1 - - [29/Jun/2022:20:14:50 +0000] "DELETE /api/v1/note/62bc660d1adab13de41e7422 HTTP/1.1" 400 42 "-" "PostmanRuntime/7.29.0"

info: ::1 - - [29/Jun/2022:20:20:08 +0000] "DELETE /api/v1/note/ HTTP/1.1" 404 47 "-" "PostmanRuntime/7.29.0"

info: ::1 - - [29/Jun/2022:20:20:11 +0000] "GET /api/v1/note/ HTTP/1.1" 200 1832 "-" "PostmanRuntime/7.29.0"

info: ::1 - - [29/Jun/2022:20:21:21 +0000] "PUT /api/v1/note/62bbbdc0b5528a2b9025dfce HTTP/1.1" 200 241 "-" "PostmanRuntime/7.29.0"

info: ::1 - - [29/Jun/2022:20:21:45 +0000] "PUT /api/v1/note/62454ae713ca132de4ea41a9 HTTP/1.1" 500 45 "-" "PostmanRuntime/7.29.0"

info: ::1 - - [29/Jun/2022:20:23:16 +0000] "PUT /api/v1/note/ HTTP/1.1" 404 47 "-" "PostmanRuntime/7.29.0"

info: ::1 - - [29/Jun/2022:20:23:21 +0000] "GET /api/v1/note/ HTTP/1.1" 200 1839 "-" "PostmanRuntime/7.29.0"

info: ::1 - - [30/Jun/2022:06:26:27 +0000] "POST /api/v1/note/ HTTP/1.1" 201 250 "-" "PostmanRuntime/7.29.0"

info: ::1 - - [30/Jun/2022:06:37:19 +0000] "POST /api/v1/note/ HTTP/1.1" 201 234 "-" "PostmanRuntime/7.29.0"

info: ::1 - - [30/Jun/2022:06:38:48 +0000] "POST /api/v1/note/ HTTP/1.1" 201 229 "-" "PostmanRuntime/7.29.0"

info: ::1 - - [30/Jun/2022:06:52:34 +0000] "POST /api/v1/note/ HTTP/1.1" 201 235 "-" "PostmanRuntime/7.29.0"

info: ::1 - - [30/Jun/2022:06:53:23 +0000] "POST /api/v1/note/ HTTP/1.1" 201 238 "-" "PostmanRuntime/7.29.0"

info: ::1 - - [30/Jun/2022:07:02:07 +0000] "POST /api/v1/note/ HTTP/1.1" 201 235 "-" "PostmanRuntime/7.29.0"

info: ::1 - - [30/Jun/2022:07:07:05 +0000] "POST /api/v1/note/ HTTP/1.1" 201 239 "-" "PostmanRuntime/7.29.0"

info: ::1 - - [30/Jun/2022:07:22:15 +0000] "POST /api/v1/note/ HTTP/1.1" 201 225 "-" "PostmanRuntime/7.29.0"

info: ::1 - - [30/Jun/2022:07:23:55 +0000] "POST /api/v1/note/ HTTP/1.1" 201 225 "-" "PostmanRuntime/7.29.0"

info: ::1 - - [30/Jun/2022:07:29:07 +0000] "POST /api/v1/users/newuser HTTP/1.1" 201 315 "-" "PostmanRuntime/7.29.0"

info: ::1 - - [30/Jun/2022:07:30:02 +0000] "POST /api/v1/users/login HTTP/1.1" 200 234 "-" "PostmanRuntime/7.29.0"

info: ::1 - - [30/Jun/2022:07:32:32 +0000] "POST /api/v1/note HTTP/1.1" 400 57 "-" "PostmanRuntime/7.29.0"

info: ::1 - - [30/Jun/2022:07:33:46 +0000] "POST /api/v1/users/login HTTP/1.1" 200 234 "-" "PostmanRuntime/7.29.0"

info: ::1 - - [30/Jun/2022:07:34:57 +0000] "POST /api/v1/users/login HTTP/1.1" 400 49 "-" "PostmanRuntime/7.29.0"

info: ::1 - - [30/Jun/2022:07:35:28 +0000] "POST /api/v1/newNote HTTP/1.1" 404 47 "-" "PostmanRuntime/7.29.0"

info: ::1 - - [30/Jun/2022:07:36:07 +0000] "POST /api/v1/note/newNote HTTP/1.1" 404 47 "-" "PostmanRuntime/7.29.0"

info: ::1 - - [30/Jun/2022:07:37:13 +0000] "POST /api/v1/note HTTP/1.1" 201 232 "-" "PostmanRuntime/7.29.0"

info: ::1 - - [30/Jun/2022:07:41:29 +0000] "POST /api/v1/note HTTP/1.1" 201 255 "-" "PostmanRuntime/7.29.0"

info: ::1 - - [30/Jun/2022:07:45:31 +0000] "PUT /api/v1/note/62bd52a97036a722641d47f3 HTTP/1.1" 200 246 "-" "PostmanRuntime/7.29.0"

info: ::1 - - [30/Jun/2022:07:46:52 +0000] "DELETE /api/v1/note/62bd52a97036a722641d47f3 HTTP/1.1" 200 50 "-" "PostmanRuntime/7.29.0"

info: ::1 - - [30/Jun/2022:07:48:39 +0000] "POST /api/v1/users/newuser HTTP/1.1" 201 315 "-" "PostmanRuntime/7.29.0"

info: ::1 - - [30/Jun/2022:07:49:17 +0000] "POST /api/v1/users/newuser HTTP/1.1" 201 315 "-" "PostmanRuntime/7.29.0"

info: ::1 - - [30/Jun/2022:07:50:00 +0000] "POST /api/v1/users/newuser HTTP/1.1" 201 312 "-" "PostmanRuntime/7.29.0"

info: ::1 - - [30/Jun/2022:07:51:59 +0000] "PUT /api/v1/users/62bd55a76d59d13c08160c18 HTTP/1.1" 404 47 "-" "PostmanRuntime/7.29.0"

info: ::1 - - [30/Jun/2022:07:52:51 +0000] "PUT /api/v1/users/62bd55a76d59d13c08160c18 HTTP/1.1" 404 47 "-" "PostmanRuntime/7.29.0"

info: ::1 - - [30/Jun/2022:07:53:04 +0000] "POST /api/v1/users/newuser HTTP/1.1" 201 312 "-" "PostmanRuntime/7.29.0"

info: ::1 - - [30/Jun/2022:07:53:36 +0000] "POST /api/v1/users/login HTTP/1.1" 200 236 "-" "PostmanRuntime/7.29.0"

info: ::1 - - [30/Jun/2022:07:54:36 +0000] "POST /api/v1/note HTTP/1.1" 201 223 "-" "PostmanRuntime/7.29.0"

info: ::1 - - [30/Jun/2022:08:02:44 +0000] "GET /api/v1/users/newuser HTTP/1.1" 404 47 "-" "PostmanRuntime/7.29.0"

info: ::1 - - [30/Jun/2022:08:03:34 +0000] "GET /api/v1/users/newuser HTTP/1.1" 404 47 "-" "PostmanRuntime/7.29.0"

info: ::1 - - [30/Jun/2022:08:03:49 +0000] "POST /api/v1/users/newuser HTTP/1.1" 201 310 "-" "PostmanRuntime/7.29.0"

info: ::1 - - [30/Jun/2022:08:04:21 +0000] "POST /api/v1/users/login HTTP/1.1" 200 236 "-" "PostmanRuntime/7.29.0"

info: ::1 - - [30/Jun/2022:08:06:09 +0000] "POST /api/v1/users/note HTTP/1.1" 404 47 "-" "PostmanRuntime/7.29.0"

info: ::1 - - [30/Jun/2022:08:06:21 +0000] "POST /api/v1/note HTTP/1.1" 400 40 "-" "PostmanRuntime/7.29.0"

info: ::1 - - [30/Jun/2022:08:07:14 +0000] "POST /api/v1/note HTTP/1.1" 201 251 "-" "PostmanRuntime/7.29.0"

info: ::1 - - [30/Jun/2022:08:10:34 +0000] "POST /api/v1/users/login HTTP/1.1" 200 236 "-" "PostmanRuntime/7.29.0"

info: ::1 - - [30/Jun/2022:08:11:27 +0000] "POST /api/v1/note HTTP/1.1" 201 256 "-" "PostmanRuntime/7.29.0"

info: ::1 - - [30/Jun/2022:08:11:44 +0000] "POST /api/v1/note HTTP/1.1" 201 256 "-" "PostmanRuntime/7.29.0"

