info: ::1 - - [01/Jul/2022:19:43:42 +0000] "GET /api/v1/user/login HTTP/1.1" 404 47 "-" "PostmanRuntime/7.29.0"

info: ::1 - - [01/Jul/2022:19:43:47 +0000] "POST /api/v1/user/login HTTP/1.1" 404 47 "-" "PostmanRuntime/7.29.0"

info: ::1 - - [01/Jul/2022:19:44:14 +0000] "POST /api/v1/users/login HTTP/1.1" 200 236 "-" "PostmanRuntime/7.29.0"

info: ::1 - - [01/Jul/2022:19:45:56 +0000] "POST /api/v1/note HTTP/1.1" 201 306 "-" "PostmanRuntime/7.29.0"

info: ::1 - - [01/Jul/2022:19:46:37 +0000] "POST /api/v1/note/archive/62bf4ef301eefc01a4cda02b HTTP/1.1" 404 47 "-" "PostmanRuntime/7.29.0"

info: ::1 - - [01/Jul/2022:19:47:41 +0000] "POST /api/v1/note/archive/62bf4ef301eefc01a4cda02b HTTP/1.1" 404 47 "-" "PostmanRuntime/7.29.0"

info: ::1 - - [01/Jul/2022:19:49:00 +0000] "PUT /api/v1/note/archive/62bf4ef301eefc01a4cda02b HTTP/1.1" 200 305 "-" "PostmanRuntime/7.29.0"

info: ::1 - - [01/Jul/2022:19:49:15 +0000] "PUT /api/v1/note/archive/62bf4ef301eefc01a4cda02b HTTP/1.1" 200 305 "-" "PostmanRuntime/7.29.0"

info: ::1 - - [01/Jul/2022:19:50:31 +0000] "PUT /api/v1/note/trash/62bf4ef301eefc01a4cda02b HTTP/1.1" 200 310 "-" "PostmanRuntime/7.29.0"

info: ::1 - - [01/Jul/2022:19:50:33 +0000] "PUT /api/v1/note/trash/62bf4ef301eefc01a4cda02b HTTP/1.1" 200 56 "-" "PostmanRuntime/7.29.0"

info: ::1 - - [01/Jul/2022:19:50:53 +0000] "PUT /api/v1/note/trash/62bf4ef301eefc01a4cda02b HTTP/1.1" 200 310 "-" "PostmanRuntime/7.29.0"

info: ::1 - - [01/Jul/2022:19:51:02 +0000] "PUT /api/v1/note/trash/62bf4ef301eefc01a4cda02b HTTP/1.1" 200 56 "-" "PostmanRuntime/7.29.0"

info: ::1 - - [01/Jul/2022:19:51:38 +0000] "PUT /api/v1/note/trash/62bf4ef301eefc01a4cda02b HTTP/1.1" 200 310 "-" "PostmanRuntime/7.29.0"

info: ::1 - - [01/Jul/2022:19:51:43 +0000] "PUT /api/v1/note/trash/62bf4ef301eefc01a4cda02b HTTP/1.1" 200 311 "-" "PostmanRuntime/7.29.0"

info: ::1 - - [01/Jul/2022:19:57:25 +0000] "PUT /api/v1/note/archive/62bf4ef301eefc01a4cda02b HTTP/1.1" 400 42 "-" "PostmanRuntime/7.29.0"

info: ::1 - - [01/Jul/2022:19:58:04 +0000] "PUT /api/v1/note/archive/62bf4ef301eefc01a4cda02b HTTP/1.1" 400 42 "-" "PostmanRuntime/7.29.0"

info: ::1 - - [01/Jul/2022:19:59:18 +0000] "PUT /api/v1/note/archive/62bf4ef301eefc01a4cda02b HTTP/1.1" 200 306 "-" "PostmanRuntime/7.29.0"

info: ::1 - - [01/Jul/2022:19:59:21 +0000] "PUT /api/v1/note/archive/62bf4ef301eefc01a4cda02b HTTP/1.1" 200 305 "-" "PostmanRuntime/7.29.0"

info: ::1 - - [01/Jul/2022:20:10:23 +0000] "PUT /api/v1/note/62bf4ef301eefc01a4cda02b HTTP/1.1" 200 63 "-" "PostmanRuntime/7.29.0"

info: ::1 - - [01/Jul/2022:20:11:39 +0000] "PUT /api/v1/note/62bf4ef301eefc01a4cda02b HTTP/1.1" 200 63 "-" "PostmanRuntime/7.29.0"

info: ::1 - - [01/Jul/2022:20:12:37 +0000] "POST /api/v1/users/login HTTP/1.1" 200 236 "-" "PostmanRuntime/7.29.0"

info: ::1 - - [01/Jul/2022:20:13:07 +0000] "POST /api/v1/note/62bf4ef301eefc01a4cda02b HTTP/1.1" 404 47 "-" "PostmanRuntime/7.29.0"

info: ::1 - - [01/Jul/2022:20:13:22 +0000] "PUT /api/v1/note/62bf4ef301eefc01a4cda02b HTTP/1.1" 500 55 "-" "PostmanRuntime/7.29.0"

info: ::1 - - [01/Jul/2022:20:17:56 +0000] "PUT /api/v1/note/62bf4ef301eefc01a4cda02b HTTP/1.1" 500 55 "-" "PostmanRuntime/7.29.0"

info: ::1 - - [01/Jul/2022:20:24:15 +0000] "PUT /api/v1/note/62bf4ef301eefc01a4cda02b HTTP/1.1" 500 55 "-" "PostmanRuntime/7.29.0"

info: ::1 - - [01/Jul/2022:20:25:39 +0000] "PUT /api/v1/note/62bf4ef301eefc01a4cda02b HTTP/1.1" 500 54 "-" "PostmanRuntime/7.29.0"

