info: ::1 - - [26/Jun/2022:18:45:37 +0000] "POST /api/v1/users/login HTTP/1.1" 200 47 "-" "PostmanRuntime/7.29.0"

info: ::1 - - [26/Jun/2022:18:45:45 +0000] "POST /api/v1/users/login HTTP/1.1" 200 47 "-" "PostmanRuntime/7.29.0"

info: ::1 - - [26/Jun/2022:18:46:13 +0000] "POST /api/v1/users/login HTTP/1.1" 200 47 "-" "PostmanRuntime/7.29.0"

info: ::1 - - [26/Jun/2022:18:46:38 +0000] "POST /api/v1/users/login HTTP/1.1" 200 47 "-" "PostmanRuntime/7.29.0"

info: ::1 - - [26/Jun/2022:18:47:06 +0000] "POST /api/v1/users/login HTTP/1.1" 200 304 "-" "PostmanRuntime/7.29.0"

info: ::1 - - [26/Jun/2022:19:04:02 +0000] "POST /api/v1/users/login HTTP/1.1" 200 304 "-" "PostmanRuntime/7.29.0"

info: ::1 - - [26/Jun/2022:19:05:22 +0000] "POST /api/v1/users/login HTTP/1.1" 200 304 "-" "PostmanRuntime/7.29.0"

info: ::1 - - [26/Jun/2022:19:06:25 +0000] "POST /api/v1/users/login HTTP/1.1" 200 304 "-" "PostmanRuntime/7.29.0"

info: ::1 - - [26/Jun/2022:19:22:53 +0000] "POST /api/v1/users/login HTTP/1.1" 200 304 "-" "PostmanRuntime/7.29.0"

info: ::1 - - [26/Jun/2022:19:23:29 +0000] "POST /api/v1/users/login HTTP/1.1" 200 304 "-" "PostmanRuntime/7.29.0"

info: ::1 - - [26/Jun/2022:19:24:18 +0000] "POST /api/v1/users/login HTTP/1.1" 200 304 "-" "PostmanRuntime/7.29.0"

info: ::1 - - [26/Jun/2022:19:24:29 +0000] "POST /api/v1/users/login HTTP/1.1" 200 47 "-" "PostmanRuntime/7.29.0"

info: ::1 - - [26/Jun/2022:19:28:35 +0000] "POST /api/v1/users/login HTTP/1.1" 200 47 "-" "PostmanRuntime/7.29.0"

info: ::1 - - [26/Jun/2022:19:29:19 +0000] "POST /api/v1/users/login HTTP/1.1" 200 47 "-" "PostmanRuntime/7.29.0"

info: ::1 - - [26/Jun/2022:19:37:59 +0000] "POST /api/v1/users/newuser HTTP/1.1" 500 56 "-" "PostmanRuntime/7.29.0"

info: ::1 - - [26/Jun/2022:19:38:59 +0000] "POST /api/v1/users/login HTTP/1.1" 200 304 "-" "PostmanRuntime/7.29.0"

info: ::1 - - [26/Jun/2022:19:47:27 +0000] "POST /api/v1/users/login HTTP/1.1" 200 47 "-" "PostmanRuntime/7.29.0"

info: ::1 - - [26/Jun/2022:20:00:02 +0000] "POST /api/v1/users/login HTTP/1.1" 500 55 "-" "PostmanRuntime/7.29.0"

info: ::1 - - [26/Jun/2022:20:02:10 +0000] "POST /api/v1/users/login HTTP/1.1" 200 73 "-" "PostmanRuntime/7.29.0"

info: ::1 - - [26/Jun/2022:20:09:25 +0000] "POST /api/v1/users/login HTTP/1.1" 500 55 "-" "PostmanRuntime/7.29.0"

info: ::1 - - [26/Jun/2022:20:10:22 +0000] "POST /api/v1/users/login HTTP/1.1" 500 55 "-" "PostmanRuntime/7.29.0"

info: ::1 - - [26/Jun/2022:20:12:22 +0000] "POST /api/v1/users/login HTTP/1.1" 500 22 "-" "PostmanRuntime/7.29.0"

info: ::1 - - [26/Jun/2022:20:13:22 +0000] "POST /api/v1/users/login HTTP/1.1" 500 55 "-" "PostmanRuntime/7.29.0"

info: ::1 - - [26/Jun/2022:20:14:29 +0000] "POST /api/v1/users/login HTTP/1.1" 500 55 "-" "PostmanRuntime/7.29.0"

info: ::1 - - [26/Jun/2022:20:38:29 +0000] "POST /api/v1/users/login HTTP/1.1" 500 55 "-" "PostmanRuntime/7.29.0"

info: ::1 - - [26/Jun/2022:20:42:30 +0000] "POST /api/v1/users/login HTTP/1.1" 500 55 "-" "PostmanRuntime/7.29.0"

info: ::1 - - [26/Jun/2022:20:43:46 +0000] "POST /api/v1/users/login HTTP/1.1" 500 55 "-" "PostmanRuntime/7.29.0"

info: ::1 - - [26/Jun/2022:20:52:54 +0000] "POST /api/v1/users/login HTTP/1.1" 500 55 "-" "PostmanRuntime/7.29.0"

info: ::1 - - [26/Jun/2022:20:53:45 +0000] "POST /api/v1/users/login HTTP/1.1" 500 55 "-" "PostmanRuntime/7.29.0"

info: ::1 - - [26/Jun/2022:20:55:13 +0000] "POST /api/v1/users/login HTTP/1.1" 500 54 "-" "PostmanRuntime/7.29.0"

info: ::1 - - [26/Jun/2022:20:57:02 +0000] "POST /api/v1/users/login HTTP/1.1" 200 47 "-" "PostmanRuntime/7.29.0"

info: ::1 - - [26/Jun/2022:20:57:42 +0000] "POST /api/v1/users/login HTTP/1.1" 200 47 "-" "PostmanRuntime/7.29.0"

info: ::1 - - [26/Jun/2022:20:58:05 +0000] "POST /api/v1/users/login HTTP/1.1" 200 47 "-" "PostmanRuntime/7.29.0"

info: ::1 - - [26/Jun/2022:20:58:39 +0000] "POST /api/v1/users/login HTTP/1.1" 200 47 "-" "PostmanRuntime/7.29.0"

info: ::1 - - [26/Jun/2022:21:00:22 +0000] "POST /api/v1/users/login HTTP/1.1" 200 47 "-" "PostmanRuntime/7.29.0"

info: ::1 - - [26/Jun/2022:21:02:44 +0000] "POST /api/v1/users/login HTTP/1.1" 200 47 "-" "PostmanRuntime/7.29.0"

info: ::1 - - [26/Jun/2022:21:05:30 +0000] "POST /api/v1/users/login HTTP/1.1" 200 47 "-" "PostmanRuntime/7.29.0"

info: ::1 - - [26/Jun/2022:21:05:54 +0000] "POST /api/v1/users/login HTTP/1.1" 200 47 "-" "PostmanRuntime/7.29.0"

info: ::1 - - [26/Jun/2022:21:06:46 +0000] "POST /api/v1/users/login HTTP/1.1" 500 58 "-" "PostmanRuntime/7.29.0"

info: ::1 - - [26/Jun/2022:21:41:38 +0000] "POST /api/v1/users/newuser HTTP/1.1" 201 318 "-" "PostmanRuntime/7.29.0"

info: ::1 - - [26/Jun/2022:21:42:18 +0000] "POST /api/v1/users/login HTTP/1.1" 200 308 "-" "PostmanRuntime/7.29.0"

info: ::1 - - [26/Jun/2022:21:42:26 +0000] "POST /api/v1/users/login HTTP/1.1" 500 58 "-" "PostmanRuntime/7.29.0"

info: ::1 - - [26/Jun/2022:21:42:49 +0000] "POST /api/v1/users/login HTTP/1.1" 200 308 "-" "PostmanRuntime/7.29.0"

info: ::1 - - [26/Jun/2022:21:47:04 +0000] "GET /api/v1/users/login HTTP/1.1" 404 47 "-" "Mozilla/5.0 (Windows NT 10.0; Win64; x64) AppleWebKit/537.36 (KHTML, like Gecko) Chrome/102.0.0.0 Safari/537.36"

info: ::1 - - [26/Jun/2022:21:47:04 +0000] "GET /favicon.ico HTTP/1.1" 404 47 "-" "Mozilla/5.0 (Windows NT 10.0; Win64; x64) AppleWebKit/537.36 (KHTML, like Gecko) Chrome/102.0.0.0 Safari/537.36"

info: ::1 - - [26/Jun/2022:21:47:11 +0000] "GET /api/v1/users HTTP/1.1" 404 47 "-" "Mozilla/5.0 (Windows NT 10.0; Win64; x64) AppleWebKit/537.36 (KHTML, like Gecko) Chrome/102.0.0.0 Safari/537.36"

info: ::1 - - [26/Jun/2022:21:47:51 +0000] "GET /api/v1/ HTTP/1.1" 200 9 "-" "Mozilla/5.0 (Windows NT 10.0; Win64; x64) AppleWebKit/537.36 (KHTML, like Gecko) Chrome/102.0.0.0 Safari/537.36"

info: ::1 - - [26/Jun/2022:21:48:06 +0000] "GET /api/v1/users HTTP/1.1" 404 47 "-" "Mozilla/5.0 (Windows NT 10.0; Win64; x64) AppleWebKit/537.36 (KHTML, like Gecko) Chrome/102.0.0.0 Safari/537.36"

info: ::1 - - [26/Jun/2022:22:16:11 +0000] "POST /api/v1/users/login HTTP/1.1" 500 89 "-" "PostmanRuntime/7.29.0"

info: ::1 - - [26/Jun/2022:22:17:01 +0000] "POST /api/v1/users/login HTTP/1.1" 500 89 "-" "PostmanRuntime/7.29.0"

info: ::1 - - [26/Jun/2022:22:17:55 +0000] "POST /api/v1/users/login HTTP/1.1" 500 53 "-" "PostmanRuntime/7.29.0"

info: ::1 - - [26/Jun/2022:22:30:02 +0000] "POST /api/v1/users/login HTTP/1.1" 500 54 "-" "PostmanRuntime/7.29.0"

info: ::1 - - [26/Jun/2022:22:32:03 +0000] "POST /api/v1/users/login HTTP/1.1" 200 47 "-" "PostmanRuntime/7.29.0"

info: ::1 - - [26/Jun/2022:22:32:41 +0000] "POST /api/v1/users/login HTTP/1.1" 500 58 "-" "PostmanRuntime/7.29.0"

info: ::1 - - [27/Jun/2022:02:45:43 +0000] "POST /api/v1/users/newuser HTTP/1.1" 201 317 "-" "PostmanRuntime/7.29.0"

info: ::1 - - [27/Jun/2022:02:46:01 +0000] "POST /api/v1/users/newuser HTTP/1.1" 400 74 "-" "PostmanRuntime/7.29.0"

info: ::1 - - [27/Jun/2022:02:47:05 +0000] "POST /api/v1/users/login HTTP/1.1" 200 307 "-" "PostmanRuntime/7.29.0"

info: ::1 - - [27/Jun/2022:02:47:19 +0000] "POST /api/v1/users/login HTTP/1.1" 500 58 "-" "PostmanRuntime/7.29.0"

info: ::1 - - [27/Jun/2022:02:48:45 +0000] "POST /api/v1/users/login HTTP/1.1" 200 47 "-" "PostmanRuntime/7.29.0"

info: ::1 - - [27/Jun/2022:02:50:54 +0000] "POST /api/v1/users/login HTTP/1.1" 200 47 "-" "PostmanRuntime/7.29.0"

info: ::1 - - [27/Jun/2022:02:59:01 +0000] "POST /api/v1/users/login HTTP/1.1" 500 52 "-" "PostmanRuntime/7.29.0"

info: ::1 - - [27/Jun/2022:02:59:35 +0000] "POST /api/v1/users/login HTTP/1.1" 500 52 "-" "PostmanRuntime/7.29.0"

info: ::1 - - [27/Jun/2022:02:59:43 +0000] "POST /api/v1/users/login HTTP/1.1" 500 56 "-" "PostmanRuntime/7.29.0"

info: ::1 - - [27/Jun/2022:03:03:22 +0000] "POST /api/v1/users/login HTTP/1.1" 400 53 "-" "PostmanRuntime/7.29.0"

info: ::1 - - [27/Jun/2022:03:03:38 +0000] "POST /api/v1/users/login HTTP/1.1" 400 49 "-" "PostmanRuntime/7.29.0"

info: ::1 - - [27/Jun/2022:04:10:08 +0000] "POST /api/v1/users/login HTTP/1.1" 400 59 "-" "PostmanRuntime/7.29.0"

info: ::1 - - [27/Jun/2022:04:11:19 +0000] "POST /api/v1/users/login HTTP/1.1" 200 178 "-" "PostmanRuntime/7.29.0"

info: ::1 - - [27/Jun/2022:04:16:30 +0000] "POST /api/v1/users/login HTTP/1.1" 200 178 "-" "PostmanRuntime/7.29.0"

info: ::1 - - [27/Jun/2022:04:17:48 +0000] "POST /api/v1/users/login HTTP/1.1" 200 182 "-" "PostmanRuntime/7.29.0"

info: ::1 - - [27/Jun/2022:05:50:05 +0000] "POST /api/v1/users/login HTTP/1.1" 200 182 "-" "PostmanRuntime/7.29.0"

info: ::1 - - [27/Jun/2022:05:51:59 +0000] "POST /api/v1/users/login HTTP/1.1" 400 49 "-" "PostmanRuntime/7.29.0"

info: ::1 - - [27/Jun/2022:05:53:02 +0000] "POST /api/v1/users/login HTTP/1.1" 400 53 "-" "PostmanRuntime/7.29.0"

info: ::1 - - [27/Jun/2022:06:01:07 +0000] "POST /api/v1/users/login HTTP/1.1" 400 53 "-" "PostmanRuntime/7.29.0"

info: ::1 - - [27/Jun/2022:06:16:21 +0000] "POST /api/v1/users/login HTTP/1.1" 200 508 "-" "PostmanRuntime/7.29.0"

