info: ::1 - - [24/Jun/2022:18:27:29 +0000] "GET /api/v1/ HTTP/1.1" 200 9 "-" "PostmanRuntime/7.29.0"

info: ::1 - - [24/Jun/2022:18:41:38 +0000] "POST /api/v1/user/newuser HTTP/1.1" 404 47 "-" "PostmanRuntime/7.29.0"

info: ::1 - - [24/Jun/2022:18:42:12 +0000] "POST /api/v1/users/newuser HTTP/1.1" 500 78 "-" "PostmanRuntime/7.29.0"

info: ::1 - - [24/Jun/2022:18:44:00 +0000] "POST /api/v1/users/newuser HTTP/1.1" 500 78 "-" "PostmanRuntime/7.29.0"

info: ::1 - - [24/Jun/2022:18:44:39 +0000] "POST /api/v1/users/newuser HTTP/1.1" 500 127 "-" "PostmanRuntime/7.29.0"

info: ::1 - - [24/Jun/2022:18:50:14 +0000] "POST /api/v1/users/newuser HTTP/1.1" 500 57 "-" "PostmanRuntime/7.29.0"

info: ::1 - - [24/Jun/2022:18:51:59 +0000] "POST /api/v1/users/newuser HTTP/1.1" 500 55 "-" "PostmanRuntime/7.29.0"

info: ::1 - - [24/Jun/2022:18:52:27 +0000] "POST /api/v1/users/newuser HTTP/1.1" 500 127 "-" "PostmanRuntime/7.29.0"

info: ::1 - - [24/Jun/2022:18:57:32 +0000] "POST /api/v1/users/newuser HTTP/1.1" 500 127 "-" "PostmanRuntime/7.29.0"

info: ::1 - - [24/Jun/2022:18:59:17 +0000] "POST /api/v1/users/newuser HTTP/1.1" 500 55 "-" "PostmanRuntime/7.29.0"

info: ::1 - - [24/Jun/2022:19:00:10 +0000] "POST /api/v1/users/newuser HTTP/1.1" 201 252 "-" "PostmanRuntime/7.29.0"

info: ::1 - - [24/Jun/2022:19:04:06 +0000] "POST /api/v1/users/newuser HTTP/1.1" 201 272 "-" "PostmanRuntime/7.29.0"

info: ::1 - - [24/Jun/2022:19:04:12 +0000] "POST /api/v1/users/newuser HTTP/1.1" 500 61 "-" "PostmanRuntime/7.29.0"

info: ::1 - - [24/Jun/2022:19:14:25 +0000] "POST /api/v1/users/newuser HTTP/1.1" 201 272 "-" "PostmanRuntime/7.29.0"

info: ::1 - - [24/Jun/2022:19:14:33 +0000] "POST /api/v1/users/newuser HTTP/1.1" 500 61 "-" "PostmanRuntime/7.29.0"

info: ::1 - - [24/Jun/2022:19:15:05 +0000] "POST /api/v1/users/newuser HTTP/1.1" 201 272 "-" "PostmanRuntime/7.29.0"

info: ::1 - - [24/Jun/2022:19:15:16 +0000] "POST /api/v1/users/newuser HTTP/1.1" 500 67 "-" "PostmanRuntime/7.29.0"

info: ::1 - - [24/Jun/2022:19:15:31 +0000] "POST /api/v1/users/newuser HTTP/1.1" 201 273 "-" "PostmanRuntime/7.29.0"

info: ::1 - - [24/Jun/2022:19:15:50 +0000] "POST /api/v1/users/newuser HTTP/1.1" 201 273 "-" "PostmanRuntime/7.29.0"

info: ::1 - - [24/Jun/2022:19:16:17 +0000] "POST /api/v1/users/newuser HTTP/1.1" 500 77 "-" "PostmanRuntime/7.29.0"

info: ::1 - - [24/Jun/2022:19:26:38 +0000] "POST /api/v1/users/newuser HTTP/1.1" 201 273 "-" "PostmanRuntime/7.29.0"

info: ::1 - - [24/Jun/2022:19:26:43 +0000] "POST /api/v1/users/newuser HTTP/1.1" 500 61 "-" "PostmanRuntime/7.29.0"

info: ::1 - - [24/Jun/2022:19:27:21 +0000] "POST /api/v1/users/newuser HTTP/1.1" 500 61 "-" "PostmanRuntime/7.29.0"

info: ::1 - - [24/Jun/2022:19:32:57 +0000] "POST /api/v1/users/newuser HTTP/1.1" 500 61 "-" "PostmanRuntime/7.29.0"

info: ::1 - - [24/Jun/2022:19:34:44 +0000] "POST /api/v1/users/newuser HTTP/1.1" 500 61 "-" "PostmanRuntime/7.29.0"

info: ::1 - - [24/Jun/2022:19:37:29 +0000] "POST /api/v1/users/newuser HTTP/1.1" 500 61 "-" "PostmanRuntime/7.29.0"

error: uncaughtException: C:\Users\ankan\My_Fundo\My_Fundoo_Project\src\middlewares\error.middleware.js: Identifier 'notFound' has already been declared. (73:16)

[0m [90m 71 |[39m [90m//#### My Edited Error########################[39m[0m
[0m [90m 72 |[39m[0m
[0m[31m[1m>[22m[39m[90m 73 |[39m [36mexport[39m [36mfunction[39m notFound(req[33m,[39m res) {[0m
[0m [90m    |[39m                 [31m[1m^[22m[39m[0m
[0m [90m 74 |[39m   res[33m.[39mstatus([33mHttpStatus[39m[33m.[39m[33mNOT_FOUND[39m)[33m.[39mjson({[0m
[0m [90m 75 |[39m     code[33m:[39m [33mHttpStatus[39m[33m.[39m[33mNOT_FOUND[39m[33m,[39m[0m
[0m [90m 76 |[39m     message[33m:[39m [32m'Ooops, route not found'[39m[0m
SyntaxError: C:\Users\ankan\My_Fundo\My_Fundoo_Project\src\middlewares\error.middleware.js: Identifier 'notFound' has already been declared. (73:16)

[0m [90m 71 |[39m [90m//#### My Edited Error########################[39m[0m
[0m [90m 72 |[39m[0m
[0m[31m[1m>[22m[39m[90m 73 |[39m [36mexport[39m [36mfunction[39m notFound(req[33m,[39m res) {[0m
[0m [90m    |[39m                 [31m[1m^[22m[39m[0m
[0m [90m 74 |[39m   res[33m.[39mstatus([33mHttpStatus[39m[33m.[39m[33mNOT_FOUND[39m)[33m.[39mjson({[0m
[0m [90m 75 |[39m     code[33m:[39m [33mHttpStatus[39m[33m.[39m[33mNOT_FOUND[39m[33m,[39m[0m
[0m [90m 76 |[39m     message[33m:[39m [32m'Ooops, route not found'[39m[0m
    at instantiate (C:\Users\ankan\My_Fundo\My_Fundoo_Project\node_modules\@babel\parser\src\parse-error\credentials.js:61:22)
    at toParseError (C:\Users\ankan\My_Fundo\My_Fundoo_Project\node_modules\@babel\parser\src\parse-error.js:58:12)
    at Parser.raise (C:\Users\ankan\My_Fundo\My_Fundoo_Project\node_modules\@babel\parser\src\tokenizer\index.js:1736:19)
    at ScopeHandler.checkRedeclarationInScope (C:\Users\ankan\My_Fundo\My_Fundoo_Project\node_modules\@babel\parser\src\util\scope.js:153:19)
    at ScopeHandler.declareName (C:\Users\ankan\My_Fundo\My_Fundoo_Project\node_modules\@babel\parser\src\util\scope.js:114:12)
    at Parser.registerFunctionStatementId (C:\Users\ankan\My_Fundo\My_Fundoo_Project\node_modules\@babel\parser\src\parser\statement.js:1347:16)
    at Parser.parseFunction (C:\Users\ankan\My_Fundo\My_Fundoo_Project\node_modules\@babel\parser\src\parser\statement.js:1314:12)
    at Parser.parseFunctionStatement (C:\Users\ankan\My_Fundo\My_Fundoo_Project\node_modules\@babel\parser\src\parser\statement.js:750:17)
    at Parser.parseStatementContent (C:\Users\ankan\My_Fundo\My_Fundoo_Project\node_modules\@babel\parser\src\parser\statement.js:366:21)
    at Parser.parseStatement (C:\Users\ankan\My_Fundo\My_Fundoo_Project\node_modules\@babel\parser\src\parser\statement.js:329:17)
    at Parser.parseExportDeclaration (C:\Users\ankan\My_Fundo\My_Fundoo_Project\node_modules\@babel\parser\src\parser\statement.js:2127:17)
    at Parser.maybeParseExportDeclaration (C:\Users\ankan\My_Fundo\My_Fundoo_Project\node_modules\@babel\parser\src\parser\statement.js:2066:31)
    at Parser.parseExport (C:\Users\ankan\My_Fundo\My_Fundoo_Project\node_modules\@babel\parser\src\parser\statement.js:1986:29)
    at Parser.parseStatementContent (C:\Users\ankan\My_Fundo\My_Fundoo_Project\node_modules\@babel\parser\src\parser\statement.js:431:25)
    at Parser.parseStatement (C:\Users\ankan\My_Fundo\My_Fundoo_Project\node_modules\@babel\parser\src\parser\statement.js:329:17)
    at Parser.parseBlockOrModuleBlockBody (C:\Users\ankan\My_Fundo\My_Fundoo_Project\node_modules\@babel\parser\src\parser\statement.js:1082:25) {"date":"Sat Jun 25 2022 01:17:02 GMT+0530 (India Standard Time)","error":{"code":"BABEL_PARSE_ERROR","loc":{"column":16,"index":1656,"line":73},"pos":1656,"reasonCode":"VarRedeclaration"},"exception":true,"os":{"loadavg":[0,0,0],"uptime":38240},"process":{"argv":["node","C:\\Users\\ankan\\My_Fundo\\My_Fundoo_Project\\src\\index.js"],"cwd":"C:\\Users\\ankan\\My_Fundo\\My_Fundoo_Project","execPath":"C:\\Program Files\\nodejs\\node.exe","gid":null,"memoryUsage":{"arrayBuffers":18323490,"external":19779927,"heapTotal":95260672,"heapUsed":65708184,"rss":131600384},"pid":11876,"uid":null,"version":"v18.3.0"},"stack":"SyntaxError: C:\\Users\\ankan\\My_Fundo\\My_Fundoo_Project\\src\\middlewares\\error.middleware.js: Identifier 'notFound' has already been declared. (73:16)\n\n\u001b[0m \u001b[90m 71 |\u001b[39m \u001b[90m//#### My Edited Error########################\u001b[39m\u001b[0m\n\u001b[0m \u001b[90m 72 |\u001b[39m\u001b[0m\n\u001b[0m\u001b[31m\u001b[1m>\u001b[22m\u001b[39m\u001b[90m 73 |\u001b[39m \u001b[36mexport\u001b[39m \u001b[36mfunction\u001b[39m notFound(req\u001b[33m,\u001b[39m res) {\u001b[0m\n\u001b[0m \u001b[90m    |\u001b[39m                 \u001b[31m\u001b[1m^\u001b[22m\u001b[39m\u001b[0m\n\u001b[0m \u001b[90m 74 |\u001b[39m   res\u001b[33m.\u001b[39mstatus(\u001b[33mHttpStatus\u001b[39m\u001b[33m.\u001b[39m\u001b[33mNOT_FOUND\u001b[39m)\u001b[33m.\u001b[39mjson({\u001b[0m\n\u001b[0m \u001b[90m 75 |\u001b[39m     code\u001b[33m:\u001b[39m \u001b[33mHttpStatus\u001b[39m\u001b[33m.\u001b[39m\u001b[33mNOT_FOUND\u001b[39m\u001b[33m,\u001b[39m\u001b[0m\n\u001b[0m \u001b[90m 76 |\u001b[39m     message\u001b[33m:\u001b[39m \u001b[32m'Ooops, route not found'\u001b[39m\u001b[0m\n    at instantiate (C:\\Users\\ankan\\My_Fundo\\My_Fundoo_Project\\node_modules\\@babel\\parser\\src\\parse-error\\credentials.js:61:22)\n    at toParseError (C:\\Users\\ankan\\My_Fundo\\My_Fundoo_Project\\node_modules\\@babel\\parser\\src\\parse-error.js:58:12)\n    at Parser.raise (C:\\Users\\ankan\\My_Fundo\\My_Fundoo_Project\\node_modules\\@babel\\parser\\src\\tokenizer\\index.js:1736:19)\n    at ScopeHandler.checkRedeclarationInScope (C:\\Users\\ankan\\My_Fundo\\My_Fundoo_Project\\node_modules\\@babel\\parser\\src\\util\\scope.js:153:19)\n    at ScopeHandler.declareName (C:\\Users\\ankan\\My_Fundo\\My_Fundoo_Project\\node_modules\\@babel\\parser\\src\\util\\scope.js:114:12)\n    at Parser.registerFunctionStatementId (C:\\Users\\ankan\\My_Fundo\\My_Fundoo_Project\\node_modules\\@babel\\parser\\src\\parser\\statement.js:1347:16)\n    at Parser.parseFunction (C:\\Users\\ankan\\My_Fundo\\My_Fundoo_Project\\node_modules\\@babel\\parser\\src\\parser\\statement.js:1314:12)\n    at Parser.parseFunctionStatement (C:\\Users\\ankan\\My_Fundo\\My_Fundoo_Project\\node_modules\\@babel\\parser\\src\\parser\\statement.js:750:17)\n    at Parser.parseStatementContent (C:\\Users\\ankan\\My_Fundo\\My_Fundoo_Project\\node_modules\\@babel\\parser\\src\\parser\\statement.js:366:21)\n    at Parser.parseStatement (C:\\Users\\ankan\\My_Fundo\\My_Fundoo_Project\\node_modules\\@babel\\parser\\src\\parser\\statement.js:329:17)\n    at Parser.parseExportDeclaration (C:\\Users\\ankan\\My_Fundo\\My_Fundoo_Project\\node_modules\\@babel\\parser\\src\\parser\\statement.js:2127:17)\n    at Parser.maybeParseExportDeclaration (C:\\Users\\ankan\\My_Fundo\\My_Fundoo_Project\\node_modules\\@babel\\parser\\src\\parser\\statement.js:2066:31)\n    at Parser.parseExport (C:\\Users\\ankan\\My_Fundo\\My_Fundoo_Project\\node_modules\\@babel\\parser\\src\\parser\\statement.js:1986:29)\n    at Parser.parseStatementContent (C:\\Users\\ankan\\My_Fundo\\My_Fundoo_Project\\node_modules\\@babel\\parser\\src\\parser\\statement.js:431:25)\n    at Parser.parseStatement (C:\\Users\\ankan\\My_Fundo\\My_Fundoo_Project\\node_modules\\@babel\\parser\\src\\parser\\statement.js:329:17)\n    at Parser.parseBlockOrModuleBlockBody (C:\\Users\\ankan\\My_Fundo\\My_Fundoo_Project\\node_modules\\@babel\\parser\\src\\parser\\statement.js:1082:25)","trace":[{"column":22,"file":"C:\\Users\\ankan\\My_Fundo\\My_Fundoo_Project\\node_modules\\@babel\\parser\\src\\parse-error\\credentials.js","function":"instantiate","line":61,"method":null,"native":false},{"column":12,"file":"C:\\Users\\ankan\\My_Fundo\\My_Fundoo_Project\\node_modules\\@babel\\parser\\src\\parse-error.js","function":"toParseError","line":58,"method":null,"native":false},{"column":19,"file":"C:\\Users\\ankan\\My_Fundo\\My_Fundoo_Project\\node_modules\\@babel\\parser\\src\\tokenizer\\index.js","function":"Parser.raise","line":1736,"method":"raise","native":false},{"column":19,"file":"C:\\Users\\ankan\\My_Fundo\\My_Fundoo_Project\\node_modules\\@babel\\parser\\src\\util\\scope.js","function":"ScopeHandler.checkRedeclarationInScope","line":153,"method":"checkRedeclarationInScope","native":false},{"column":12,"file":"C:\\Users\\ankan\\My_Fundo\\My_Fundoo_Project\\node_modules\\@babel\\parser\\src\\util\\scope.js","function":"ScopeHandler.declareName","line":114,"method":"declareName","native":false},{"column":16,"file":"C:\\Users\\ankan\\My_Fundo\\My_Fundoo_Project\\node_modules\\@babel\\parser\\src\\parser\\statement.js","function":"Parser.registerFunctionStatementId","line":1347,"method":"registerFunctionStatementId","native":false},{"column":12,"file":"C:\\Users\\ankan\\My_Fundo\\My_Fundoo_Project\\node_modules\\@babel\\parser\\src\\parser\\statement.js","function":"Parser.parseFunction","line":1314,"method":"parseFunction","native":false},{"column":17,"file":"C:\\Users\\ankan\\My_Fundo\\My_Fundoo_Project\\node_modules\\@babel\\parser\\src\\parser\\statement.js","function":"Parser.parseFunctionStatement","line":750,"method":"parseFunctionStatement","native":false},{"column":21,"file":"C:\\Users\\ankan\\My_Fundo\\My_Fundoo_Project\\node_modules\\@babel\\parser\\src\\parser\\statement.js","function":"Parser.parseStatementContent","line":366,"method":"parseStatementContent","native":false},{"column":17,"file":"C:\\Users\\ankan\\My_Fundo\\My_Fundoo_Project\\node_modules\\@babel\\parser\\src\\parser\\statement.js","function":"Parser.parseStatement","line":329,"method":"parseStatement","native":false},{"column":17,"file":"C:\\Users\\ankan\\My_Fundo\\My_Fundoo_Project\\node_modules\\@babel\\parser\\src\\parser\\statement.js","function":"Parser.parseExportDeclaration","line":2127,"method":"parseExportDeclaration","native":false},{"column":31,"file":"C:\\Users\\ankan\\My_Fundo\\My_Fundoo_Project\\node_modules\\@babel\\parser\\src\\parser\\statement.js","function":"Parser.maybeParseExportDeclaration","line":2066,"method":"maybeParseExportDeclaration","native":false},{"column":29,"file":"C:\\Users\\ankan\\My_Fundo\\My_Fundoo_Project\\node_modules\\@babel\\parser\\src\\parser\\statement.js","function":"Parser.parseExport","line":1986,"method":"parseExport","native":false},{"column":25,"file":"C:\\Users\\ankan\\My_Fundo\\My_Fundoo_Project\\node_modules\\@babel\\parser\\src\\parser\\statement.js","function":"Parser.parseStatementContent","line":431,"method":"parseStatementContent","native":false},{"column":17,"file":"C:\\Users\\ankan\\My_Fundo\\My_Fundoo_Project\\node_modules\\@babel\\parser\\src\\parser\\statement.js","function":"Parser.parseStatement","line":329,"method":"parseStatement","native":false},{"column":25,"file":"C:\\Users\\ankan\\My_Fundo\\My_Fundoo_Project\\node_modules\\@babel\\parser\\src\\parser\\statement.js","function":"Parser.parseBlockOrModuleBlockBody","line":1082,"method":"parseBlockOrModuleBlockBody","native":false}]}
error: uncaughtException: C:\Users\ankan\My_Fundo\My_Fundoo_Project\src\middlewares\error.middleware.js: Unexpected token, expected "," (74:32)

[0m [90m 72 |[39m[0m
[0m [90m 73 |[39m [36mexport[39m [36mfunction[39m uniqueError(req[33m,[39m res) {[0m
[0m[31m[1m>[22m[39m[90m 74 |[39m   res[33m.[39mstatus([33mHttpStatus[39m[33m.[39m[33mInvalid[39m status code[33m:[39m [35m11000[39m)[33m.[39mjson({[0m
[0m [90m    |[39m                                 [31m[1m^[22m[39m[0m
[0m [90m 75 |[39m     code[33m:[39m [33mHttpStatus[39m[33m.[39m[33mNOT_FOUND[39m[33m,[39m[0m
[0m [90m 76 |[39m     message[33m:[39m [32m'Ooops, route not found'[39m[0m
[0m [90m 77 |[39m   })[33m;[39m[0m
SyntaxError: C:\Users\ankan\My_Fundo\My_Fundoo_Project\src\middlewares\error.middleware.js: Unexpected token, expected "," (74:32)

[0m [90m 72 |[39m[0m
[0m [90m 73 |[39m [36mexport[39m [36mfunction[39m uniqueError(req[33m,[39m res) {[0m
[0m[31m[1m>[22m[39m[90m 74 |[39m   res[33m.[39mstatus([33mHttpStatus[39m[33m.[39m[33mInvalid[39m status code[33m:[39m [35m11000[39m)[33m.[39mjson({[0m
[0m [90m    |[39m                                 [31m[1m^[22m[39m[0m
[0m [90m 75 |[39m     code[33m:[39m [33mHttpStatus[39m[33m.[39m[33mNOT_FOUND[39m[33m,[39m[0m
[0m [90m 76 |[39m     message[33m:[39m [32m'Ooops, route not found'[39m[0m
[0m [90m 77 |[39m   })[33m;[39m[0m
    at instantiate (C:\Users\ankan\My_Fundo\My_Fundoo_Project\node_modules\@babel\parser\src\parse-error\credentials.js:61:22)
    at toParseError (C:\Users\ankan\My_Fundo\My_Fundoo_Project\node_modules\@babel\parser\src\parse-error.js:58:12)
    at Parser.raise (C:\Users\ankan\My_Fundo\My_Fundoo_Project\node_modules\@babel\parser\src\tokenizer\index.js:1736:19)
    at Parser.unexpected (C:\Users\ankan\My_Fundo\My_Fundoo_Project\node_modules\@babel\parser\src\tokenizer\index.js:1781:16)
    at Parser.expect (C:\Users\ankan\My_Fundo\My_Fundoo_Project\node_modules\@babel\parser\src\parser\util.js:153:28)
    at Parser.parseCallExpressionArguments (C:\Users\ankan\My_Fundo\My_Fundoo_Project\node_modules\@babel\parser\src\parser\expression.js:989:14)
    at Parser.parseCoverCallAndAsyncArrowHead (C:\Users\ankan\My_Fundo\My_Fundoo_Project\node_modules\@babel\parser\src\parser\expression.js:864:29)
    at Parser.parseSubscript (C:\Users\ankan\My_Fundo\My_Fundoo_Project\node_modules\@babel\parser\src\parser\expression.js:749:19)
    at Parser.parseSubscripts (C:\Users\ankan\My_Fundo\My_Fundoo_Project\node_modules\@babel\parser\src\parser\expression.js:705:19)
    at Parser.parseExprSubscripts (C:\Users\ankan\My_Fundo\My_Fundoo_Project\node_modules\@babel\parser\src\parser\expression.js:690:17)
    at Parser.parseUpdate (C:\Users\ankan\My_Fundo\My_Fundoo_Project\node_modules\@babel\parser\src\parser\expression.js:663:21)
    at Parser.parseMaybeUnary (C:\Users\ankan\My_Fundo\My_Fundoo_Project\node_modules\@babel\parser\src\parser\expression.js:632:23)
    at Parser.parseMaybeUnaryOrPrivate (C:\Users\ankan\My_Fundo\My_Fundoo_Project\node_modules\@babel\parser\src\parser\expression.js:384:14)
    at Parser.parseExprOps (C:\Users\ankan\My_Fundo\My_Fundoo_Project\node_modules\@babel\parser\src\parser\expression.js:394:23)
    at Parser.parseMaybeConditional (C:\Users\ankan\My_Fundo\My_Fundoo_Project\node_modules\@babel\parser\src\parser\expression.js:352:23)
    at Parser.parseMaybeAssign (C:\Users\ankan\My_Fundo\My_Fundoo_Project\node_modules\@babel\parser\src\parser\expression.js:296:21) {"date":"Sat Jun 25 2022 01:18:54 GMT+0530 (India Standard Time)","error":{"code":"BABEL_PARSE_ERROR","loc":{"column":32,"index":1712,"line":74},"pos":1712,"reasonCode":"UnexpectedToken"},"exception":true,"os":{"loadavg":[0,0,0],"uptime":38353},"process":{"argv":["node","C:\\Users\\ankan\\My_Fundo\\My_Fundoo_Project\\src\\index.js"],"cwd":"C:\\Users\\ankan\\My_Fundo\\My_Fundoo_Project","execPath":"C:\\Program Files\\nodejs\\node.exe","gid":null,"memoryUsage":{"arrayBuffers":18339632,"external":19796069,"heapTotal":95662080,"heapUsed":66053080,"rss":132087808},"pid":9232,"uid":null,"version":"v18.3.0"},"stack":"SyntaxError: C:\\Users\\ankan\\My_Fundo\\My_Fundoo_Project\\src\\middlewares\\error.middleware.js: Unexpected token, expected \",\" (74:32)\n\n\u001b[0m \u001b[90m 72 |\u001b[39m\u001b[0m\n\u001b[0m \u001b[90m 73 |\u001b[39m \u001b[36mexport\u001b[39m \u001b[36mfunction\u001b[39m uniqueError(req\u001b[33m,\u001b[39m res) {\u001b[0m\n\u001b[0m\u001b[31m\u001b[1m>\u001b[22m\u001b[39m\u001b[90m 74 |\u001b[39m   res\u001b[33m.\u001b[39mstatus(\u001b[33mHttpStatus\u001b[39m\u001b[33m.\u001b[39m\u001b[33mInvalid\u001b[39m status code\u001b[33m:\u001b[39m \u001b[35m11000\u001b[39m)\u001b[33m.\u001b[39mjson({\u001b[0m\n\u001b[0m \u001b[90m    |\u001b[39m                                 \u001b[31m\u001b[1m^\u001b[22m\u001b[39m\u001b[0m\n\u001b[0m \u001b[90m 75 |\u001b[39m     code\u001b[33m:\u001b[39m \u001b[33mHttpStatus\u001b[39m\u001b[33m.\u001b[39m\u001b[33mNOT_FOUND\u001b[39m\u001b[33m,\u001b[39m\u001b[0m\n\u001b[0m \u001b[90m 76 |\u001b[39m     message\u001b[33m:\u001b[39m \u001b[32m'Ooops, route not found'\u001b[39m\u001b[0m\n\u001b[0m \u001b[90m 77 |\u001b[39m   })\u001b[33m;\u001b[39m\u001b[0m\n    at instantiate (C:\\Users\\ankan\\My_Fundo\\My_Fundoo_Project\\node_modules\\@babel\\parser\\src\\parse-error\\credentials.js:61:22)\n    at toParseError (C:\\Users\\ankan\\My_Fundo\\My_Fundoo_Project\\node_modules\\@babel\\parser\\src\\parse-error.js:58:12)\n    at Parser.raise (C:\\Users\\ankan\\My_Fundo\\My_Fundoo_Project\\node_modules\\@babel\\parser\\src\\tokenizer\\index.js:1736:19)\n    at Parser.unexpected (C:\\Users\\ankan\\My_Fundo\\My_Fundoo_Project\\node_modules\\@babel\\parser\\src\\tokenizer\\index.js:1781:16)\n    at Parser.expect (C:\\Users\\ankan\\My_Fundo\\My_Fundoo_Project\\node_modules\\@babel\\parser\\src\\parser\\util.js:153:28)\n    at Parser.parseCallExpressionArguments (C:\\Users\\ankan\\My_Fundo\\My_Fundoo_Project\\node_modules\\@babel\\parser\\src\\parser\\expression.js:989:14)\n    at Parser.parseCoverCallAndAsyncArrowHead (C:\\Users\\ankan\\My_Fundo\\My_Fundoo_Project\\node_modules\\@babel\\parser\\src\\parser\\expression.js:864:29)\n    at Parser.parseSubscript (C:\\Users\\ankan\\My_Fundo\\My_Fundoo_Project\\node_modules\\@babel\\parser\\src\\parser\\expression.js:749:19)\n    at Parser.parseSubscripts (C:\\Users\\ankan\\My_Fundo\\My_Fundoo_Project\\node_modules\\@babel\\parser\\src\\parser\\expression.js:705:19)\n    at Parser.parseExprSubscripts (C:\\Users\\ankan\\My_Fundo\\My_Fundoo_Project\\node_modules\\@babel\\parser\\src\\parser\\expression.js:690:17)\n    at Parser.parseUpdate (C:\\Users\\ankan\\My_Fundo\\My_Fundoo_Project\\node_modules\\@babel\\parser\\src\\parser\\expression.js:663:21)\n    at Parser.parseMaybeUnary (C:\\Users\\ankan\\My_Fundo\\My_Fundoo_Project\\node_modules\\@babel\\parser\\src\\parser\\expression.js:632:23)\n    at Parser.parseMaybeUnaryOrPrivate (C:\\Users\\ankan\\My_Fundo\\My_Fundoo_Project\\node_modules\\@babel\\parser\\src\\parser\\expression.js:384:14)\n    at Parser.parseExprOps (C:\\Users\\ankan\\My_Fundo\\My_Fundoo_Project\\node_modules\\@babel\\parser\\src\\parser\\expression.js:394:23)\n    at Parser.parseMaybeConditional (C:\\Users\\ankan\\My_Fundo\\My_Fundoo_Project\\node_modules\\@babel\\parser\\src\\parser\\expression.js:352:23)\n    at Parser.parseMaybeAssign (C:\\Users\\ankan\\My_Fundo\\My_Fundoo_Project\\node_modules\\@babel\\parser\\src\\parser\\expression.js:296:21)","trace":[{"column":22,"file":"C:\\Users\\ankan\\My_Fundo\\My_Fundoo_Project\\node_modules\\@babel\\parser\\src\\parse-error\\credentials.js","function":"instantiate","line":61,"method":null,"native":false},{"column":12,"file":"C:\\Users\\ankan\\My_Fundo\\My_Fundoo_Project\\node_modules\\@babel\\parser\\src\\parse-error.js","function":"toParseError","line":58,"method":null,"native":false},{"column":19,"file":"C:\\Users\\ankan\\My_Fundo\\My_Fundoo_Project\\node_modules\\@babel\\parser\\src\\tokenizer\\index.js","function":"Parser.raise","line":1736,"method":"raise","native":false},{"column":16,"file":"C:\\Users\\ankan\\My_Fundo\\My_Fundoo_Project\\node_modules\\@babel\\parser\\src\\tokenizer\\index.js","function":"Parser.unexpected","line":1781,"method":"unexpected","native":false},{"column":28,"file":"C:\\Users\\ankan\\My_Fundo\\My_Fundoo_Project\\node_modules\\@babel\\parser\\src\\parser\\util.js","function":"Parser.expect","line":153,"method":"expect","native":false},{"column":14,"file":"C:\\Users\\ankan\\My_Fundo\\My_Fundoo_Project\\node_modules\\@babel\\parser\\src\\parser\\expression.js","function":"Parser.parseCallExpressionArguments","line":989,"method":"parseCallExpressionArguments","native":false},{"column":29,"file":"C:\\Users\\ankan\\My_Fundo\\My_Fundoo_Project\\node_modules\\@babel\\parser\\src\\parser\\expression.js","function":"Parser.parseCoverCallAndAsyncArrowHead","line":864,"method":"parseCoverCallAndAsyncArrowHead","native":false},{"column":19,"file":"C:\\Users\\ankan\\My_Fundo\\My_Fundoo_Project\\node_modules\\@babel\\parser\\src\\parser\\expression.js","function":"Parser.parseSubscript","line":749,"method":"parseSubscript","native":false},{"column":19,"file":"C:\\Users\\ankan\\My_Fundo\\My_Fundoo_Project\\node_modules\\@babel\\parser\\src\\parser\\expression.js","function":"Parser.parseSubscripts","line":705,"method":"parseSubscripts","native":false},{"column":17,"file":"C:\\Users\\ankan\\My_Fundo\\My_Fundoo_Project\\node_modules\\@babel\\parser\\src\\parser\\expression.js","function":"Parser.parseExprSubscripts","line":690,"method":"parseExprSubscripts","native":false},{"column":21,"file":"C:\\Users\\ankan\\My_Fundo\\My_Fundoo_Project\\node_modules\\@babel\\parser\\src\\parser\\expression.js","function":"Parser.parseUpdate","line":663,"method":"parseUpdate","native":false},{"column":23,"file":"C:\\Users\\ankan\\My_Fundo\\My_Fundoo_Project\\node_modules\\@babel\\parser\\src\\parser\\expression.js","function":"Parser.parseMaybeUnary","line":632,"method":"parseMaybeUnary","native":false},{"column":14,"file":"C:\\Users\\ankan\\My_Fundo\\My_Fundoo_Project\\node_modules\\@babel\\parser\\src\\parser\\expression.js","function":"Parser.parseMaybeUnaryOrPrivate","line":384,"method":"parseMaybeUnaryOrPrivate","native":false},{"column":23,"file":"C:\\Users\\ankan\\My_Fundo\\My_Fundoo_Project\\node_modules\\@babel\\parser\\src\\parser\\expression.js","function":"Parser.parseExprOps","line":394,"method":"parseExprOps","native":false},{"column":23,"file":"C:\\Users\\ankan\\My_Fundo\\My_Fundoo_Project\\node_modules\\@babel\\parser\\src\\parser\\expression.js","function":"Parser.parseMaybeConditional","line":352,"method":"parseMaybeConditional","native":false},{"column":21,"file":"C:\\Users\\ankan\\My_Fundo\\My_Fundoo_Project\\node_modules\\@babel\\parser\\src\\parser\\expression.js","function":"Parser.parseMaybeAssign","line":296,"method":"parseMaybeAssign","native":false}]}
error: uncaughtException: C:\Users\ankan\My_Fundo\My_Fundoo_Project\src\middlewares\error.middleware.js: Unexpected token, expected "," (74:23)

[0m [90m 72 |[39m[0m
[0m [90m 73 |[39m [36mexport[39m [36mfunction[39m uniqueError(req[33m,[39m res) {[0m
[0m[31m[1m>[22m[39m[90m 74 |[39m   res[33m.[39mstatus([33mHttpStatus[39m[35m.11000[39m)[33m.[39mjson({[0m
[0m [90m    |[39m                        [31m[1m^[22m[39m[0m
[0m [90m 75 |[39m     code[33m:[39m [33mHttpStatus[39m[33m.[39m[33mNOT_FOUND[39m[33m,[39m[0m
[0m [90m 76 |[39m     message[33m:[39m [32m'Ooops, route not found'[39m[0m
[0m [90m 77 |[39m   })[33m;[39m[0m
SyntaxError: C:\Users\ankan\My_Fundo\My_Fundoo_Project\src\middlewares\error.middleware.js: Unexpected token, expected "," (74:23)

[0m [90m 72 |[39m[0m
[0m [90m 73 |[39m [36mexport[39m [36mfunction[39m uniqueError(req[33m,[39m res) {[0m
[0m[31m[1m>[22m[39m[90m 74 |[39m   res[33m.[39mstatus([33mHttpStatus[39m[35m.11000[39m)[33m.[39mjson({[0m
[0m [90m    |[39m                        [31m[1m^[22m[39m[0m
[0m [90m 75 |[39m     code[33m:[39m [33mHttpStatus[39m[33m.[39m[33mNOT_FOUND[39m[33m,[39m[0m
[0m [90m 76 |[39m     message[33m:[39m [32m'Ooops, route not found'[39m[0m
[0m [90m 77 |[39m   })[33m;[39m[0m
    at instantiate (C:\Users\ankan\My_Fundo\My_Fundoo_Project\node_modules\@babel\parser\src\parse-error\credentials.js:61:22)
    at toParseError (C:\Users\ankan\My_Fundo\My_Fundoo_Project\node_modules\@babel\parser\src\parse-error.js:58:12)
    at Parser.raise (C:\Users\ankan\My_Fundo\My_Fundoo_Project\node_modules\@babel\parser\src\tokenizer\index.js:1736:19)
    at Parser.unexpected (C:\Users\ankan\My_Fundo\My_Fundoo_Project\node_modules\@babel\parser\src\tokenizer\index.js:1781:16)
    at Parser.expect (C:\Users\ankan\My_Fundo\My_Fundoo_Project\node_modules\@babel\parser\src\parser\util.js:153:28)
    at Parser.parseCallExpressionArguments (C:\Users\ankan\My_Fundo\My_Fundoo_Project\node_modules\@babel\parser\src\parser\expression.js:989:14)
    at Parser.parseCoverCallAndAsyncArrowHead (C:\Users\ankan\My_Fundo\My_Fundoo_Project\node_modules\@babel\parser\src\parser\expression.js:864:29)
    at Parser.parseSubscript (C:\Users\ankan\My_Fundo\My_Fundoo_Project\node_modules\@babel\parser\src\parser\expression.js:749:19)
    at Parser.parseSubscripts (C:\Users\ankan\My_Fundo\My_Fundoo_Project\node_modules\@babel\parser\src\parser\expression.js:705:19)
    at Parser.parseExprSubscripts (C:\Users\ankan\My_Fundo\My_Fundoo_Project\node_modules\@babel\parser\src\parser\expression.js:690:17)
    at Parser.parseUpdate (C:\Users\ankan\My_Fundo\My_Fundoo_Project\node_modules\@babel\parser\src\parser\expression.js:663:21)
    at Parser.parseMaybeUnary (C:\Users\ankan\My_Fundo\My_Fundoo_Project\node_modules\@babel\parser\src\parser\expression.js:632:23)
    at Parser.parseMaybeUnaryOrPrivate (C:\Users\ankan\My_Fundo\My_Fundoo_Project\node_modules\@babel\parser\src\parser\expression.js:384:14)
    at Parser.parseExprOps (C:\Users\ankan\My_Fundo\My_Fundoo_Project\node_modules\@babel\parser\src\parser\expression.js:394:23)
    at Parser.parseMaybeConditional (C:\Users\ankan\My_Fundo\My_Fundoo_Project\node_modules\@babel\parser\src\parser\expression.js:352:23)
    at Parser.parseMaybeAssign (C:\Users\ankan\My_Fundo\My_Fundoo_Project\node_modules\@babel\parser\src\parser\expression.js:296:21) {"date":"Sat Jun 25 2022 01:19:24 GMT+0530 (India Standard Time)","error":{"code":"BABEL_PARSE_ERROR","loc":{"column":23,"index":1703,"line":74},"pos":1703,"reasonCode":"UnexpectedToken"},"exception":true,"os":{"loadavg":[0,0,0],"uptime":38382},"process":{"argv":["node","C:\\Users\\ankan\\My_Fundo\\My_Fundoo_Project\\src\\index.js"],"cwd":"C:\\Users\\ankan\\My_Fundo\\My_Fundoo_Project","execPath":"C:\\Program Files\\nodejs\\node.exe","gid":null,"memoryUsage":{"arrayBuffers":18300578,"external":19757015,"heapTotal":97570816,"heapUsed":59344800,"rss":130215936},"pid":12696,"uid":null,"version":"v18.3.0"},"stack":"SyntaxError: C:\\Users\\ankan\\My_Fundo\\My_Fundoo_Project\\src\\middlewares\\error.middleware.js: Unexpected token, expected \",\" (74:23)\n\n\u001b[0m \u001b[90m 72 |\u001b[39m\u001b[0m\n\u001b[0m \u001b[90m 73 |\u001b[39m \u001b[36mexport\u001b[39m \u001b[36mfunction\u001b[39m uniqueError(req\u001b[33m,\u001b[39m res) {\u001b[0m\n\u001b[0m\u001b[31m\u001b[1m>\u001b[22m\u001b[39m\u001b[90m 74 |\u001b[39m   res\u001b[33m.\u001b[39mstatus(\u001b[33mHttpStatus\u001b[39m\u001b[35m.11000\u001b[39m)\u001b[33m.\u001b[39mjson({\u001b[0m\n\u001b[0m \u001b[90m    |\u001b[39m                        \u001b[31m\u001b[1m^\u001b[22m\u001b[39m\u001b[0m\n\u001b[0m \u001b[90m 75 |\u001b[39m     code\u001b[33m:\u001b[39m \u001b[33mHttpStatus\u001b[39m\u001b[33m.\u001b[39m\u001b[33mNOT_FOUND\u001b[39m\u001b[33m,\u001b[39m\u001b[0m\n\u001b[0m \u001b[90m 76 |\u001b[39m     message\u001b[33m:\u001b[39m \u001b[32m'Ooops, route not found'\u001b[39m\u001b[0m\n\u001b[0m \u001b[90m 77 |\u001b[39m   })\u001b[33m;\u001b[39m\u001b[0m\n    at instantiate (C:\\Users\\ankan\\My_Fundo\\My_Fundoo_Project\\node_modules\\@babel\\parser\\src\\parse-error\\credentials.js:61:22)\n    at toParseError (C:\\Users\\ankan\\My_Fundo\\My_Fundoo_Project\\node_modules\\@babel\\parser\\src\\parse-error.js:58:12)\n    at Parser.raise (C:\\Users\\ankan\\My_Fundo\\My_Fundoo_Project\\node_modules\\@babel\\parser\\src\\tokenizer\\index.js:1736:19)\n    at Parser.unexpected (C:\\Users\\ankan\\My_Fundo\\My_Fundoo_Project\\node_modules\\@babel\\parser\\src\\tokenizer\\index.js:1781:16)\n    at Parser.expect (C:\\Users\\ankan\\My_Fundo\\My_Fundoo_Project\\node_modules\\@babel\\parser\\src\\parser\\util.js:153:28)\n    at Parser.parseCallExpressionArguments (C:\\Users\\ankan\\My_Fundo\\My_Fundoo_Project\\node_modules\\@babel\\parser\\src\\parser\\expression.js:989:14)\n    at Parser.parseCoverCallAndAsyncArrowHead (C:\\Users\\ankan\\My_Fundo\\My_Fundoo_Project\\node_modules\\@babel\\parser\\src\\parser\\expression.js:864:29)\n    at Parser.parseSubscript (C:\\Users\\ankan\\My_Fundo\\My_Fundoo_Project\\node_modules\\@babel\\parser\\src\\parser\\expression.js:749:19)\n    at Parser.parseSubscripts (C:\\Users\\ankan\\My_Fundo\\My_Fundoo_Project\\node_modules\\@babel\\parser\\src\\parser\\expression.js:705:19)\n    at Parser.parseExprSubscripts (C:\\Users\\ankan\\My_Fundo\\My_Fundoo_Project\\node_modules\\@babel\\parser\\src\\parser\\expression.js:690:17)\n    at Parser.parseUpdate (C:\\Users\\ankan\\My_Fundo\\My_Fundoo_Project\\node_modules\\@babel\\parser\\src\\parser\\expression.js:663:21)\n    at Parser.parseMaybeUnary (C:\\Users\\ankan\\My_Fundo\\My_Fundoo_Project\\node_modules\\@babel\\parser\\src\\parser\\expression.js:632:23)\n    at Parser.parseMaybeUnaryOrPrivate (C:\\Users\\ankan\\My_Fundo\\My_Fundoo_Project\\node_modules\\@babel\\parser\\src\\parser\\expression.js:384:14)\n    at Parser.parseExprOps (C:\\Users\\ankan\\My_Fundo\\My_Fundoo_Project\\node_modules\\@babel\\parser\\src\\parser\\expression.js:394:23)\n    at Parser.parseMaybeConditional (C:\\Users\\ankan\\My_Fundo\\My_Fundoo_Project\\node_modules\\@babel\\parser\\src\\parser\\expression.js:352:23)\n    at Parser.parseMaybeAssign (C:\\Users\\ankan\\My_Fundo\\My_Fundoo_Project\\node_modules\\@babel\\parser\\src\\parser\\expression.js:296:21)","trace":[{"column":22,"file":"C:\\Users\\ankan\\My_Fundo\\My_Fundoo_Project\\node_modules\\@babel\\parser\\src\\parse-error\\credentials.js","function":"instantiate","line":61,"method":null,"native":false},{"column":12,"file":"C:\\Users\\ankan\\My_Fundo\\My_Fundoo_Project\\node_modules\\@babel\\parser\\src\\parse-error.js","function":"toParseError","line":58,"method":null,"native":false},{"column":19,"file":"C:\\Users\\ankan\\My_Fundo\\My_Fundoo_Project\\node_modules\\@babel\\parser\\src\\tokenizer\\index.js","function":"Parser.raise","line":1736,"method":"raise","native":false},{"column":16,"file":"C:\\Users\\ankan\\My_Fundo\\My_Fundoo_Project\\node_modules\\@babel\\parser\\src\\tokenizer\\index.js","function":"Parser.unexpected","line":1781,"method":"unexpected","native":false},{"column":28,"file":"C:\\Users\\ankan\\My_Fundo\\My_Fundoo_Project\\node_modules\\@babel\\parser\\src\\parser\\util.js","function":"Parser.expect","line":153,"method":"expect","native":false},{"column":14,"file":"C:\\Users\\ankan\\My_Fundo\\My_Fundoo_Project\\node_modules\\@babel\\parser\\src\\parser\\expression.js","function":"Parser.parseCallExpressionArguments","line":989,"method":"parseCallExpressionArguments","native":false},{"column":29,"file":"C:\\Users\\ankan\\My_Fundo\\My_Fundoo_Project\\node_modules\\@babel\\parser\\src\\parser\\expression.js","function":"Parser.parseCoverCallAndAsyncArrowHead","line":864,"method":"parseCoverCallAndAsyncArrowHead","native":false},{"column":19,"file":"C:\\Users\\ankan\\My_Fundo\\My_Fundoo_Project\\node_modules\\@babel\\parser\\src\\parser\\expression.js","function":"Parser.parseSubscript","line":749,"method":"parseSubscript","native":false},{"column":19,"file":"C:\\Users\\ankan\\My_Fundo\\My_Fundoo_Project\\node_modules\\@babel\\parser\\src\\parser\\expression.js","function":"Parser.parseSubscripts","line":705,"method":"parseSubscripts","native":false},{"column":17,"file":"C:\\Users\\ankan\\My_Fundo\\My_Fundoo_Project\\node_modules\\@babel\\parser\\src\\parser\\expression.js","function":"Parser.parseExprSubscripts","line":690,"method":"parseExprSubscripts","native":false},{"column":21,"file":"C:\\Users\\ankan\\My_Fundo\\My_Fundoo_Project\\node_modules\\@babel\\parser\\src\\parser\\expression.js","function":"Parser.parseUpdate","line":663,"method":"parseUpdate","native":false},{"column":23,"file":"C:\\Users\\ankan\\My_Fundo\\My_Fundoo_Project\\node_modules\\@babel\\parser\\src\\parser\\expression.js","function":"Parser.parseMaybeUnary","line":632,"method":"parseMaybeUnary","native":false},{"column":14,"file":"C:\\Users\\ankan\\My_Fundo\\My_Fundoo_Project\\node_modules\\@babel\\parser\\src\\parser\\expression.js","function":"Parser.parseMaybeUnaryOrPrivate","line":384,"method":"parseMaybeUnaryOrPrivate","native":false},{"column":23,"file":"C:\\Users\\ankan\\My_Fundo\\My_Fundoo_Project\\node_modules\\@babel\\parser\\src\\parser\\expression.js","function":"Parser.parseExprOps","line":394,"method":"parseExprOps","native":false},{"column":23,"file":"C:\\Users\\ankan\\My_Fundo\\My_Fundoo_Project\\node_modules\\@babel\\parser\\src\\parser\\expression.js","function":"Parser.parseMaybeConditional","line":352,"method":"parseMaybeConditional","native":false},{"column":21,"file":"C:\\Users\\ankan\\My_Fundo\\My_Fundoo_Project\\node_modules\\@babel\\parser\\src\\parser\\expression.js","function":"Parser.parseMaybeAssign","line":296,"method":"parseMaybeAssign","native":false}]}
info: ::1 - - [24/Jun/2022:19:50:42 +0000] "POST /api/v1/users/newuser HTTP/1.1" 500 61 "-" "PostmanRuntime/7.29.0"

error: uncaughtException: schema is not defined
ReferenceError: schema is not defined
    at Object.<anonymous> (C:\Users\ankan\My_Fundo\My_Fundoo_Project\src\middlewares\/error.middleware.js:73:1)
    at Module._compile (node:internal/modules/cjs/loader:1105:14)
    at Module._compile (C:\Users\ankan\My_Fundo\My_Fundoo_Project\node_modules\pirates\lib\index.js:136:24)
    at Module._extensions..js (node:internal/modules/cjs/loader:1159:10)
    at Object.newLoader [as .js] (C:\Users\ankan\My_Fundo\My_Fundoo_Project\node_modules\pirates\lib\index.js:141:7)
    at Module.load (node:internal/modules/cjs/loader:981:32)
    at Function.Module._load (node:internal/modules/cjs/loader:827:12)
    at Module.require (node:internal/modules/cjs/loader:1005:19)
    at require (node:internal/modules/cjs/helpers:102:18)
    at Object.<anonymous> (C:\Users\ankan\My_Fundo\My_Fundoo_Project\src\/index.js:10:1)
    at Module._compile (node:internal/modules/cjs/loader:1105:14)
    at Module._compile (C:\Users\ankan\My_Fundo\My_Fundoo_Project\node_modules\pirates\lib\index.js:136:24)
    at Module._extensions..js (node:internal/modules/cjs/loader:1159:10)
    at Object.newLoader [as .js] (C:\Users\ankan\My_Fundo\My_Fundoo_Project\node_modules\pirates\lib\index.js:141:7)
    at Module.load (node:internal/modules/cjs/loader:981:32)
    at Function.Module._load (node:internal/modules/cjs/loader:827:12) {"date":"Sat Jun 25 2022 01:23:16 GMT+0530 (India Standard Time)","error":{},"exception":true,"os":{"loadavg":[0,0,0],"uptime":38614},"process":{"argv":["node","C:\\Users\\ankan\\My_Fundo\\My_Fundoo_Project\\src\\index.js"],"cwd":"C:\\Users\\ankan\\My_Fundo\\My_Fundoo_Project","execPath":"C:\\Program Files\\nodejs\\node.exe","gid":null,"memoryUsage":{"arrayBuffers":18463225,"external":19922584,"heapTotal":89223168,"heapUsed":49263720,"rss":124219392},"pid":12796,"uid":null,"version":"v18.3.0"},"stack":"ReferenceError: schema is not defined\n    at Object.<anonymous> (C:\\Users\\ankan\\My_Fundo\\My_Fundoo_Project\\src\\middlewares\\/error.middleware.js:73:1)\n    at Module._compile (node:internal/modules/cjs/loader:1105:14)\n    at Module._compile (C:\\Users\\ankan\\My_Fundo\\My_Fundoo_Project\\node_modules\\pirates\\lib\\index.js:136:24)\n    at Module._extensions..js (node:internal/modules/cjs/loader:1159:10)\n    at Object.newLoader [as .js] (C:\\Users\\ankan\\My_Fundo\\My_Fundoo_Project\\node_modules\\pirates\\lib\\index.js:141:7)\n    at Module.load (node:internal/modules/cjs/loader:981:32)\n    at Function.Module._load (node:internal/modules/cjs/loader:827:12)\n    at Module.require (node:internal/modules/cjs/loader:1005:19)\n    at require (node:internal/modules/cjs/helpers:102:18)\n    at Object.<anonymous> (C:\\Users\\ankan\\My_Fundo\\My_Fundoo_Project\\src\\/index.js:10:1)\n    at Module._compile (node:internal/modules/cjs/loader:1105:14)\n    at Module._compile (C:\\Users\\ankan\\My_Fundo\\My_Fundoo_Project\\node_modules\\pirates\\lib\\index.js:136:24)\n    at Module._extensions..js (node:internal/modules/cjs/loader:1159:10)\n    at Object.newLoader [as .js] (C:\\Users\\ankan\\My_Fundo\\My_Fundoo_Project\\node_modules\\pirates\\lib\\index.js:141:7)\n    at Module.load (node:internal/modules/cjs/loader:981:32)\n    at Function.Module._load (node:internal/modules/cjs/loader:827:12)","trace":[{"column":1,"file":"C:\\Users\\ankan\\My_Fundo\\My_Fundoo_Project\\src\\middlewares\\/error.middleware.js","function":null,"line":73,"method":null,"native":false},{"column":14,"file":"node:internal/modules/cjs/loader","function":"Module._compile","line":1105,"method":"_compile","native":false},{"column":24,"file":"C:\\Users\\ankan\\My_Fundo\\My_Fundoo_Project\\node_modules\\pirates\\lib\\index.js","function":"Module._compile","line":136,"method":"_compile","native":false},{"column":10,"file":"node:internal/modules/cjs/loader","function":"Module._extensions..js","line":1159,"method":".js","native":false},{"column":7,"file":"C:\\Users\\ankan\\My_Fundo\\My_Fundoo_Project\\node_modules\\pirates\\lib\\index.js","function":"Object.newLoader [as .js]","line":141,"method":"js]","native":false},{"column":32,"file":"node:internal/modules/cjs/loader","function":"Module.load","line":981,"method":"load","native":false},{"column":12,"file":"node:internal/modules/cjs/loader","function":"Module._load","line":827,"method":"_load","native":false},{"column":19,"file":"node:internal/modules/cjs/loader","function":"Module.require","line":1005,"method":"require","native":false},{"column":18,"file":"node:internal/modules/cjs/helpers","function":"require","line":102,"method":null,"native":false},{"column":1,"file":"C:\\Users\\ankan\\My_Fundo\\My_Fundoo_Project\\src\\/index.js","function":null,"line":10,"method":null,"native":false},{"column":14,"file":"node:internal/modules/cjs/loader","function":"Module._compile","line":1105,"method":"_compile","native":false},{"column":24,"file":"C:\\Users\\ankan\\My_Fundo\\My_Fundoo_Project\\node_modules\\pirates\\lib\\index.js","function":"Module._compile","line":136,"method":"_compile","native":false},{"column":10,"file":"node:internal/modules/cjs/loader","function":"Module._extensions..js","line":1159,"method":".js","native":false},{"column":7,"file":"C:\\Users\\ankan\\My_Fundo\\My_Fundoo_Project\\node_modules\\pirates\\lib\\index.js","function":"Object.newLoader [as .js]","line":141,"method":"js]","native":false},{"column":32,"file":"node:internal/modules/cjs/loader","function":"Module.load","line":981,"method":"load","native":false},{"column":12,"file":"node:internal/modules/cjs/loader","function":"Module._load","line":827,"method":"_load","native":false}]}
error: uncaughtException: C:\Users\ankan\My_Fundo\My_Fundoo_Project\src\middlewares\error.middleware.js: Unexpected token (79:1)

[0m [90m 77 |[39m     next()[33m;[39m[0m
[0m [90m 78 |[39m   }[0m
[0m[31m[1m>[22m[39m[90m 79 |[39m })[33m;[39m[0m
[0m [90m    |[39m  [31m[1m^[22m[39m[0m
SyntaxError: C:\Users\ankan\My_Fundo\My_Fundoo_Project\src\middlewares\error.middleware.js: Unexpected token (79:1)

[0m [90m 77 |[39m     next()[33m;[39m[0m
[0m [90m 78 |[39m   }[0m
[0m[31m[1m>[22m[39m[90m 79 |[39m })[33m;[39m[0m
[0m [90m    |[39m  [31m[1m^[22m[39m[0m
    at instantiate (C:\Users\ankan\My_Fundo\My_Fundoo_Project\node_modules\@babel\parser\src\parse-error\credentials.js:61:22)
    at toParseError (C:\Users\ankan\My_Fundo\My_Fundoo_Project\node_modules\@babel\parser\src\parse-error.js:58:12)
    at Parser.raise (C:\Users\ankan\My_Fundo\My_Fundoo_Project\node_modules\@babel\parser\src\tokenizer\index.js:1736:19)
    at Parser.unexpected (C:\Users\ankan\My_Fundo\My_Fundoo_Project\node_modules\@babel\parser\src\tokenizer\index.js:1781:16)
    at Parser.parseExprAtom (C:\Users\ankan\My_Fundo\My_Fundoo_Project\node_modules\@babel\parser\src\parser\expression.js:1310:22)
    at Parser.parseExprSubscripts (C:\Users\ankan\My_Fundo\My_Fundoo_Project\node_modules\@babel\parser\src\parser\expression.js:684:23)
    at Parser.parseUpdate (C:\Users\ankan\My_Fundo\My_Fundoo_Project\node_modules\@babel\parser\src\parser\expression.js:663:21)
    at Parser.parseMaybeUnary (C:\Users\ankan\My_Fundo\My_Fundoo_Project\node_modules\@babel\parser\src\parser\expression.js:632:23)
    at Parser.parseMaybeUnaryOrPrivate (C:\Users\ankan\My_Fundo\My_Fundoo_Project\node_modules\@babel\parser\src\parser\expression.js:384:14)
    at Parser.parseExprOps (C:\Users\ankan\My_Fundo\My_Fundoo_Project\node_modules\@babel\parser\src\parser\expression.js:394:23)
    at Parser.parseMaybeConditional (C:\Users\ankan\My_Fundo\My_Fundoo_Project\node_modules\@babel\parser\src\parser\expression.js:352:23)
    at Parser.parseMaybeAssign (C:\Users\ankan\My_Fundo\My_Fundoo_Project\node_modules\@babel\parser\src\parser\expression.js:296:21)
    at Parser.parseExpressionBase (C:\Users\ankan\My_Fundo\My_Fundoo_Project\node_modules\@babel\parser\src\parser\expression.js:221:23)
    at callback (C:\Users\ankan\My_Fundo\My_Fundoo_Project\node_modules\@babel\parser\src\parser\expression.js:214:39)
    at Parser.allowInAnd (C:\Users\ankan\My_Fundo\My_Fundoo_Project\node_modules\@babel\parser\src\parser\expression.js:2968:16)
    at Parser.parseExpression (C:\Users\ankan\My_Fundo\My_Fundoo_Project\node_modules\@babel\parser\src\parser\expression.js:214:17) {"date":"Sat Jun 25 2022 01:27:27 GMT+0530 (India Standard Time)","error":{"code":"BABEL_PARSE_ERROR","loc":{"column":1,"index":1833,"line":79},"pos":1833,"reasonCode":"UnexpectedToken"},"exception":true,"os":{"loadavg":[0,0,0],"uptime":38865},"process":{"argv":["node","C:\\Users\\ankan\\My_Fundo\\My_Fundoo_Project\\src\\index.js"],"cwd":"C:\\Users\\ankan\\My_Fundo\\My_Fundoo_Project","execPath":"C:\\Program Files\\nodejs\\node.exe","gid":null,"memoryUsage":{"arrayBuffers":18297690,"external":19754127,"heapTotal":95211520,"heapUsed":60929408,"rss":130871296},"pid":8492,"uid":null,"version":"v18.3.0"},"stack":"SyntaxError: C:\\Users\\ankan\\My_Fundo\\My_Fundoo_Project\\src\\middlewares\\error.middleware.js: Unexpected token (79:1)\n\n\u001b[0m \u001b[90m 77 |\u001b[39m     next()\u001b[33m;\u001b[39m\u001b[0m\n\u001b[0m \u001b[90m 78 |\u001b[39m   }\u001b[0m\n\u001b[0m\u001b[31m\u001b[1m>\u001b[22m\u001b[39m\u001b[90m 79 |\u001b[39m })\u001b[33m;\u001b[39m\u001b[0m\n\u001b[0m \u001b[90m    |\u001b[39m  \u001b[31m\u001b[1m^\u001b[22m\u001b[39m\u001b[0m\n    at instantiate (C:\\Users\\ankan\\My_Fundo\\My_Fundoo_Project\\node_modules\\@babel\\parser\\src\\parse-error\\credentials.js:61:22)\n    at toParseError (C:\\Users\\ankan\\My_Fundo\\My_Fundoo_Project\\node_modules\\@babel\\parser\\src\\parse-error.js:58:12)\n    at Parser.raise (C:\\Users\\ankan\\My_Fundo\\My_Fundoo_Project\\node_modules\\@babel\\parser\\src\\tokenizer\\index.js:1736:19)\n    at Parser.unexpected (C:\\Users\\ankan\\My_Fundo\\My_Fundoo_Project\\node_modules\\@babel\\parser\\src\\tokenizer\\index.js:1781:16)\n    at Parser.parseExprAtom (C:\\Users\\ankan\\My_Fundo\\My_Fundoo_Project\\node_modules\\@babel\\parser\\src\\parser\\expression.js:1310:22)\n    at Parser.parseExprSubscripts (C:\\Users\\ankan\\My_Fundo\\My_Fundoo_Project\\node_modules\\@babel\\parser\\src\\parser\\expression.js:684:23)\n    at Parser.parseUpdate (C:\\Users\\ankan\\My_Fundo\\My_Fundoo_Project\\node_modules\\@babel\\parser\\src\\parser\\expression.js:663:21)\n    at Parser.parseMaybeUnary (C:\\Users\\ankan\\My_Fundo\\My_Fundoo_Project\\node_modules\\@babel\\parser\\src\\parser\\expression.js:632:23)\n    at Parser.parseMaybeUnaryOrPrivate (C:\\Users\\ankan\\My_Fundo\\My_Fundoo_Project\\node_modules\\@babel\\parser\\src\\parser\\expression.js:384:14)\n    at Parser.parseExprOps (C:\\Users\\ankan\\My_Fundo\\My_Fundoo_Project\\node_modules\\@babel\\parser\\src\\parser\\expression.js:394:23)\n    at Parser.parseMaybeConditional (C:\\Users\\ankan\\My_Fundo\\My_Fundoo_Project\\node_modules\\@babel\\parser\\src\\parser\\expression.js:352:23)\n    at Parser.parseMaybeAssign (C:\\Users\\ankan\\My_Fundo\\My_Fundoo_Project\\node_modules\\@babel\\parser\\src\\parser\\expression.js:296:21)\n    at Parser.parseExpressionBase (C:\\Users\\ankan\\My_Fundo\\My_Fundoo_Project\\node_modules\\@babel\\parser\\src\\parser\\expression.js:221:23)\n    at callback (C:\\Users\\ankan\\My_Fundo\\My_Fundoo_Project\\node_modules\\@babel\\parser\\src\\parser\\expression.js:214:39)\n    at Parser.allowInAnd (C:\\Users\\ankan\\My_Fundo\\My_Fundoo_Project\\node_modules\\@babel\\parser\\src\\parser\\expression.js:2968:16)\n    at Parser.parseExpression (C:\\Users\\ankan\\My_Fundo\\My_Fundoo_Project\\node_modules\\@babel\\parser\\src\\parser\\expression.js:214:17)","trace":[{"column":22,"file":"C:\\Users\\ankan\\My_Fundo\\My_Fundoo_Project\\node_modules\\@babel\\parser\\src\\parse-error\\credentials.js","function":"instantiate","line":61,"method":null,"native":false},{"column":12,"file":"C:\\Users\\ankan\\My_Fundo\\My_Fundoo_Project\\node_modules\\@babel\\parser\\src\\parse-error.js","function":"toParseError","line":58,"method":null,"native":false},{"column":19,"file":"C:\\Users\\ankan\\My_Fundo\\My_Fundoo_Project\\node_modules\\@babel\\parser\\src\\tokenizer\\index.js","function":"Parser.raise","line":1736,"method":"raise","native":false},{"column":16,"file":"C:\\Users\\ankan\\My_Fundo\\My_Fundoo_Project\\node_modules\\@babel\\parser\\src\\tokenizer\\index.js","function":"Parser.unexpected","line":1781,"method":"unexpected","native":false},{"column":22,"file":"C:\\Users\\ankan\\My_Fundo\\My_Fundoo_Project\\node_modules\\@babel\\parser\\src\\parser\\expression.js","function":"Parser.parseExprAtom","line":1310,"method":"parseExprAtom","native":false},{"column":23,"file":"C:\\Users\\ankan\\My_Fundo\\My_Fundoo_Project\\node_modules\\@babel\\parser\\src\\parser\\expression.js","function":"Parser.parseExprSubscripts","line":684,"method":"parseExprSubscripts","native":false},{"column":21,"file":"C:\\Users\\ankan\\My_Fundo\\My_Fundoo_Project\\node_modules\\@babel\\parser\\src\\parser\\expression.js","function":"Parser.parseUpdate","line":663,"method":"parseUpdate","native":false},{"column":23,"file":"C:\\Users\\ankan\\My_Fundo\\My_Fundoo_Project\\node_modules\\@babel\\parser\\src\\parser\\expression.js","function":"Parser.parseMaybeUnary","line":632,"method":"parseMaybeUnary","native":false},{"column":14,"file":"C:\\Users\\ankan\\My_Fundo\\My_Fundoo_Project\\node_modules\\@babel\\parser\\src\\parser\\expression.js","function":"Parser.parseMaybeUnaryOrPrivate","line":384,"method":"parseMaybeUnaryOrPrivate","native":false},{"column":23,"file":"C:\\Users\\ankan\\My_Fundo\\My_Fundoo_Project\\node_modules\\@babel\\parser\\src\\parser\\expression.js","function":"Parser.parseExprOps","line":394,"method":"parseExprOps","native":false},{"column":23,"file":"C:\\Users\\ankan\\My_Fundo\\My_Fundoo_Project\\node_modules\\@babel\\parser\\src\\parser\\expression.js","function":"Parser.parseMaybeConditional","line":352,"method":"parseMaybeConditional","native":false},{"column":21,"file":"C:\\Users\\ankan\\My_Fundo\\My_Fundoo_Project\\node_modules\\@babel\\parser\\src\\parser\\expression.js","function":"Parser.parseMaybeAssign","line":296,"method":"parseMaybeAssign","native":false},{"column":23,"file":"C:\\Users\\ankan\\My_Fundo\\My_Fundoo_Project\\node_modules\\@babel\\parser\\src\\parser\\expression.js","function":"Parser.parseExpressionBase","line":221,"method":"parseExpressionBase","native":false},{"column":39,"file":"C:\\Users\\ankan\\My_Fundo\\My_Fundoo_Project\\node_modules\\@babel\\parser\\src\\parser\\expression.js","function":"callback","line":214,"method":null,"native":false},{"column":16,"file":"C:\\Users\\ankan\\My_Fundo\\My_Fundoo_Project\\node_modules\\@babel\\parser\\src\\parser\\expression.js","function":"Parser.allowInAnd","line":2968,"method":"allowInAnd","native":false},{"column":17,"file":"C:\\Users\\ankan\\My_Fundo\\My_Fundoo_Project\\node_modules\\@babel\\parser\\src\\parser\\expression.js","function":"Parser.parseExpression","line":214,"method":"parseExpression","native":false}]}
info: ::1 - - [24/Jun/2022:19:58:06 +0000] "POST /api/v1/users/newuser HTTP/1.1" 500 61 "-" "PostmanRuntime/7.29.0"

info: ::1 - - [24/Jun/2022:19:58:33 +0000] "POST /api/v1/users/newuser HTTP/1.1" 500 61 "-" "PostmanRuntime/7.29.0"

error: uncaughtException: schema is not defined
ReferenceError: schema is not defined
    at Object.<anonymous> (C:\Users\ankan\My_Fundo\My_Fundoo_Project\src\middlewares\/error.middleware.js:73:1)
    at Module._compile (node:internal/modules/cjs/loader:1105:14)
    at Module._compile (C:\Users\ankan\My_Fundo\My_Fundoo_Project\node_modules\pirates\lib\index.js:136:24)
    at Module._extensions..js (node:internal/modules/cjs/loader:1159:10)
    at Object.newLoader [as .js] (C:\Users\ankan\My_Fundo\My_Fundoo_Project\node_modules\pirates\lib\index.js:141:7)
    at Module.load (node:internal/modules/cjs/loader:981:32)
    at Function.Module._load (node:internal/modules/cjs/loader:827:12)
    at Module.require (node:internal/modules/cjs/loader:1005:19)
    at require (node:internal/modules/cjs/helpers:102:18)
    at Object.<anonymous> (C:\Users\ankan\My_Fundo\My_Fundoo_Project\src\/index.js:10:1)
    at Module._compile (node:internal/modules/cjs/loader:1105:14)
    at Module._compile (C:\Users\ankan\My_Fundo\My_Fundoo_Project\node_modules\pirates\lib\index.js:136:24)
    at Module._extensions..js (node:internal/modules/cjs/loader:1159:10)
    at Object.newLoader [as .js] (C:\Users\ankan\My_Fundo\My_Fundoo_Project\node_modules\pirates\lib\index.js:141:7)
    at Module.load (node:internal/modules/cjs/loader:981:32)
    at Function.Module._load (node:internal/modules/cjs/loader:827:12) {"date":"Sat Jun 25 2022 01:30:24 GMT+0530 (India Standard Time)","error":{},"exception":true,"os":{"loadavg":[0,0,0],"uptime":39043},"process":{"argv":["node","C:\\Users\\ankan\\My_Fundo\\My_Fundoo_Project\\src\\index.js"],"cwd":"C:\\Users\\ankan\\My_Fundo\\My_Fundoo_Project","execPath":"C:\\Program Files\\nodejs\\node.exe","gid":null,"memoryUsage":{"arrayBuffers":19114627,"external":20574713,"heapTotal":87912448,"heapUsed":56322976,"rss":123363328},"pid":11980,"uid":null,"version":"v18.3.0"},"stack":"ReferenceError: schema is not defined\n    at Object.<anonymous> (C:\\Users\\ankan\\My_Fundo\\My_Fundoo_Project\\src\\middlewares\\/error.middleware.js:73:1)\n    at Module._compile (node:internal/modules/cjs/loader:1105:14)\n    at Module._compile (C:\\Users\\ankan\\My_Fundo\\My_Fundoo_Project\\node_modules\\pirates\\lib\\index.js:136:24)\n    at Module._extensions..js (node:internal/modules/cjs/loader:1159:10)\n    at Object.newLoader [as .js] (C:\\Users\\ankan\\My_Fundo\\My_Fundoo_Project\\node_modules\\pirates\\lib\\index.js:141:7)\n    at Module.load (node:internal/modules/cjs/loader:981:32)\n    at Function.Module._load (node:internal/modules/cjs/loader:827:12)\n    at Module.require (node:internal/modules/cjs/loader:1005:19)\n    at require (node:internal/modules/cjs/helpers:102:18)\n    at Object.<anonymous> (C:\\Users\\ankan\\My_Fundo\\My_Fundoo_Project\\src\\/index.js:10:1)\n    at Module._compile (node:internal/modules/cjs/loader:1105:14)\n    at Module._compile (C:\\Users\\ankan\\My_Fundo\\My_Fundoo_Project\\node_modules\\pirates\\lib\\index.js:136:24)\n    at Module._extensions..js (node:internal/modules/cjs/loader:1159:10)\n    at Object.newLoader [as .js] (C:\\Users\\ankan\\My_Fundo\\My_Fundoo_Project\\node_modules\\pirates\\lib\\index.js:141:7)\n    at Module.load (node:internal/modules/cjs/loader:981:32)\n    at Function.Module._load (node:internal/modules/cjs/loader:827:12)","trace":[{"column":1,"file":"C:\\Users\\ankan\\My_Fundo\\My_Fundoo_Project\\src\\middlewares\\/error.middleware.js","function":null,"line":73,"method":null,"native":false},{"column":14,"file":"node:internal/modules/cjs/loader","function":"Module._compile","line":1105,"method":"_compile","native":false},{"column":24,"file":"C:\\Users\\ankan\\My_Fundo\\My_Fundoo_Project\\node_modules\\pirates\\lib\\index.js","function":"Module._compile","line":136,"method":"_compile","native":false},{"column":10,"file":"node:internal/modules/cjs/loader","function":"Module._extensions..js","line":1159,"method":".js","native":false},{"column":7,"file":"C:\\Users\\ankan\\My_Fundo\\My_Fundoo_Project\\node_modules\\pirates\\lib\\index.js","function":"Object.newLoader [as .js]","line":141,"method":"js]","native":false},{"column":32,"file":"node:internal/modules/cjs/loader","function":"Module.load","line":981,"method":"load","native":false},{"column":12,"file":"node:internal/modules/cjs/loader","function":"Module._load","line":827,"method":"_load","native":false},{"column":19,"file":"node:internal/modules/cjs/loader","function":"Module.require","line":1005,"method":"require","native":false},{"column":18,"file":"node:internal/modules/cjs/helpers","function":"require","line":102,"method":null,"native":false},{"column":1,"file":"C:\\Users\\ankan\\My_Fundo\\My_Fundoo_Project\\src\\/index.js","function":null,"line":10,"method":null,"native":false},{"column":14,"file":"node:internal/modules/cjs/loader","function":"Module._compile","line":1105,"method":"_compile","native":false},{"column":24,"file":"C:\\Users\\ankan\\My_Fundo\\My_Fundoo_Project\\node_modules\\pirates\\lib\\index.js","function":"Module._compile","line":136,"method":"_compile","native":false},{"column":10,"file":"node:internal/modules/cjs/loader","function":"Module._extensions..js","line":1159,"method":".js","native":false},{"column":7,"file":"C:\\Users\\ankan\\My_Fundo\\My_Fundoo_Project\\node_modules\\pirates\\lib\\index.js","function":"Object.newLoader [as .js]","line":141,"method":"js]","native":false},{"column":32,"file":"node:internal/modules/cjs/loader","function":"Module.load","line":981,"method":"load","native":false},{"column":12,"file":"node:internal/modules/cjs/loader","function":"Module._load","line":827,"method":"_load","native":false}]}
error: uncaughtException: C:\Users\ankan\My_Fundo\My_Fundoo_Project\src\middlewares\error.middleware.js: Identifier 'appErrorHandler' has already been declared. (73:16)

[0m [90m 71 |[39m [90m//#### My Edited Error########################[39m[0m
[0m [90m 72 |[39m[0m
[0m[31m[1m>[22m[39m[90m 73 |[39m [36mexport[39m [36mfunction[39m appErrorHandler(err[33m,[39m req[33m,[39m res[33m,[39m next) {[0m
[0m [90m    |[39m                 [31m[1m^[22m[39m[0m
[0m [90m 74 |[39m   [36mif[39m (err[33m.[39mcode [33m&&[39m [36mtypeof[39m err[33m.[39mcode [33m===[39m [32m'number'[39m) {[0m
[0m [90m 75 |[39m     logger[33m.[39merror([32m`[39m[0m
[0m [90m 76 |[39m [32m      status - ${err.code}[39m[0m
SyntaxError: C:\Users\ankan\My_Fundo\My_Fundoo_Project\src\middlewares\error.middleware.js: Identifier 'appErrorHandler' has already been declared. (73:16)

[0m [90m 71 |[39m [90m//#### My Edited Error########################[39m[0m
[0m [90m 72 |[39m[0m
[0m[31m[1m>[22m[39m[90m 73 |[39m [36mexport[39m [36mfunction[39m appErrorHandler(err[33m,[39m req[33m,[39m res[33m,[39m next) {[0m
[0m [90m    |[39m                 [31m[1m^[22m[39m[0m
[0m [90m 74 |[39m   [36mif[39m (err[33m.[39mcode [33m&&[39m [36mtypeof[39m err[33m.[39mcode [33m===[39m [32m'number'[39m) {[0m
[0m [90m 75 |[39m     logger[33m.[39merror([32m`[39m[0m
[0m [90m 76 |[39m [32m      status - ${err.code}[39m[0m
    at instantiate (C:\Users\ankan\My_Fundo\My_Fundoo_Project\node_modules\@babel\parser\src\parse-error\credentials.js:61:22)
    at toParseError (C:\Users\ankan\My_Fundo\My_Fundoo_Project\node_modules\@babel\parser\src\parse-error.js:58:12)
    at Parser.raise (C:\Users\ankan\My_Fundo\My_Fundoo_Project\node_modules\@babel\parser\src\tokenizer\index.js:1736:19)
    at ScopeHandler.checkRedeclarationInScope (C:\Users\ankan\My_Fundo\My_Fundoo_Project\node_modules\@babel\parser\src\util\scope.js:153:19)
    at ScopeHandler.declareName (C:\Users\ankan\My_Fundo\My_Fundoo_Project\node_modules\@babel\parser\src\util\scope.js:114:12)
    at Parser.registerFunctionStatementId (C:\Users\ankan\My_Fundo\My_Fundoo_Project\node_modules\@babel\parser\src\parser\statement.js:1347:16)
    at Parser.parseFunction (C:\Users\ankan\My_Fundo\My_Fundoo_Project\node_modules\@babel\parser\src\parser\statement.js:1314:12)
    at Parser.parseFunctionStatement (C:\Users\ankan\My_Fundo\My_Fundoo_Project\node_modules\@babel\parser\src\parser\statement.js:750:17)
    at Parser.parseStatementContent (C:\Users\ankan\My_Fundo\My_Fundoo_Project\node_modules\@babel\parser\src\parser\statement.js:366:21)
    at Parser.parseStatement (C:\Users\ankan\My_Fundo\My_Fundoo_Project\node_modules\@babel\parser\src\parser\statement.js:329:17)
    at Parser.parseExportDeclaration (C:\Users\ankan\My_Fundo\My_Fundoo_Project\node_modules\@babel\parser\src\parser\statement.js:2127:17)
    at Parser.maybeParseExportDeclaration (C:\Users\ankan\My_Fundo\My_Fundoo_Project\node_modules\@babel\parser\src\parser\statement.js:2066:31)
    at Parser.parseExport (C:\Users\ankan\My_Fundo\My_Fundoo_Project\node_modules\@babel\parser\src\parser\statement.js:1986:29)
    at Parser.parseStatementContent (C:\Users\ankan\My_Fundo\My_Fundoo_Project\node_modules\@babel\parser\src\parser\statement.js:431:25)
    at Parser.parseStatement (C:\Users\ankan\My_Fundo\My_Fundoo_Project\node_modules\@babel\parser\src\parser\statement.js:329:17)
    at Parser.parseBlockOrModuleBlockBody (C:\Users\ankan\My_Fundo\My_Fundoo_Project\node_modules\@babel\parser\src\parser\statement.js:1082:25) {"date":"Sat Jun 25 2022 01:32:50 GMT+0530 (India Standard Time)","error":{"code":"BABEL_PARSE_ERROR","loc":{"column":16,"index":1656,"line":73},"pos":1656,"reasonCode":"VarRedeclaration"},"exception":true,"os":{"loadavg":[0,0,0],"uptime":39189},"process":{"argv":["node","C:\\Users\\ankan\\My_Fundo\\My_Fundoo_Project\\src\\index.js"],"cwd":"C:\\Users\\ankan\\My_Fundo\\My_Fundoo_Project","execPath":"C:\\Program Files\\nodejs\\node.exe","gid":null,"memoryUsage":{"arrayBuffers":18331736,"external":19788173,"heapTotal":95662080,"heapUsed":66160112,"rss":132300800},"pid":13192,"uid":null,"version":"v18.3.0"},"stack":"SyntaxError: C:\\Users\\ankan\\My_Fundo\\My_Fundoo_Project\\src\\middlewares\\error.middleware.js: Identifier 'appErrorHandler' has already been declared. (73:16)\n\n\u001b[0m \u001b[90m 71 |\u001b[39m \u001b[90m//#### My Edited Error########################\u001b[39m\u001b[0m\n\u001b[0m \u001b[90m 72 |\u001b[39m\u001b[0m\n\u001b[0m\u001b[31m\u001b[1m>\u001b[22m\u001b[39m\u001b[90m 73 |\u001b[39m \u001b[36mexport\u001b[39m \u001b[36mfunction\u001b[39m appErrorHandler(err\u001b[33m,\u001b[39m req\u001b[33m,\u001b[39m res\u001b[33m,\u001b[39m next) {\u001b[0m\n\u001b[0m \u001b[90m    |\u001b[39m                 \u001b[31m\u001b[1m^\u001b[22m\u001b[39m\u001b[0m\n\u001b[0m \u001b[90m 74 |\u001b[39m   \u001b[36mif\u001b[39m (err\u001b[33m.\u001b[39mcode \u001b[33m&&\u001b[39m \u001b[36mtypeof\u001b[39m err\u001b[33m.\u001b[39mcode \u001b[33m===\u001b[39m \u001b[32m'number'\u001b[39m) {\u001b[0m\n\u001b[0m \u001b[90m 75 |\u001b[39m     logger\u001b[33m.\u001b[39merror(\u001b[32m`\u001b[39m\u001b[0m\n\u001b[0m \u001b[90m 76 |\u001b[39m \u001b[32m      status - ${err.code}\u001b[39m\u001b[0m\n    at instantiate (C:\\Users\\ankan\\My_Fundo\\My_Fundoo_Project\\node_modules\\@babel\\parser\\src\\parse-error\\credentials.js:61:22)\n    at toParseError (C:\\Users\\ankan\\My_Fundo\\My_Fundoo_Project\\node_modules\\@babel\\parser\\src\\parse-error.js:58:12)\n    at Parser.raise (C:\\Users\\ankan\\My_Fundo\\My_Fundoo_Project\\node_modules\\@babel\\parser\\src\\tokenizer\\index.js:1736:19)\n    at ScopeHandler.checkRedeclarationInScope (C:\\Users\\ankan\\My_Fundo\\My_Fundoo_Project\\node_modules\\@babel\\parser\\src\\util\\scope.js:153:19)\n    at ScopeHandler.declareName (C:\\Users\\ankan\\My_Fundo\\My_Fundoo_Project\\node_modules\\@babel\\parser\\src\\util\\scope.js:114:12)\n    at Parser.registerFunctionStatementId (C:\\Users\\ankan\\My_Fundo\\My_Fundoo_Project\\node_modules\\@babel\\parser\\src\\parser\\statement.js:1347:16)\n    at Parser.parseFunction (C:\\Users\\ankan\\My_Fundo\\My_Fundoo_Project\\node_modules\\@babel\\parser\\src\\parser\\statement.js:1314:12)\n    at Parser.parseFunctionStatement (C:\\Users\\ankan\\My_Fundo\\My_Fundoo_Project\\node_modules\\@babel\\parser\\src\\parser\\statement.js:750:17)\n    at Parser.parseStatementContent (C:\\Users\\ankan\\My_Fundo\\My_Fundoo_Project\\node_modules\\@babel\\parser\\src\\parser\\statement.js:366:21)\n    at Parser.parseStatement (C:\\Users\\ankan\\My_Fundo\\My_Fundoo_Project\\node_modules\\@babel\\parser\\src\\parser\\statement.js:329:17)\n    at Parser.parseExportDeclaration (C:\\Users\\ankan\\My_Fundo\\My_Fundoo_Project\\node_modules\\@babel\\parser\\src\\parser\\statement.js:2127:17)\n    at Parser.maybeParseExportDeclaration (C:\\Users\\ankan\\My_Fundo\\My_Fundoo_Project\\node_modules\\@babel\\parser\\src\\parser\\statement.js:2066:31)\n    at Parser.parseExport (C:\\Users\\ankan\\My_Fundo\\My_Fundoo_Project\\node_modules\\@babel\\parser\\src\\parser\\statement.js:1986:29)\n    at Parser.parseStatementContent (C:\\Users\\ankan\\My_Fundo\\My_Fundoo_Project\\node_modules\\@babel\\parser\\src\\parser\\statement.js:431:25)\n    at Parser.parseStatement (C:\\Users\\ankan\\My_Fundo\\My_Fundoo_Project\\node_modules\\@babel\\parser\\src\\parser\\statement.js:329:17)\n    at Parser.parseBlockOrModuleBlockBody (C:\\Users\\ankan\\My_Fundo\\My_Fundoo_Project\\node_modules\\@babel\\parser\\src\\parser\\statement.js:1082:25)","trace":[{"column":22,"file":"C:\\Users\\ankan\\My_Fundo\\My_Fundoo_Project\\node_modules\\@babel\\parser\\src\\parse-error\\credentials.js","function":"instantiate","line":61,"method":null,"native":false},{"column":12,"file":"C:\\Users\\ankan\\My_Fundo\\My_Fundoo_Project\\node_modules\\@babel\\parser\\src\\parse-error.js","function":"toParseError","line":58,"method":null,"native":false},{"column":19,"file":"C:\\Users\\ankan\\My_Fundo\\My_Fundoo_Project\\node_modules\\@babel\\parser\\src\\tokenizer\\index.js","function":"Parser.raise","line":1736,"method":"raise","native":false},{"column":19,"file":"C:\\Users\\ankan\\My_Fundo\\My_Fundoo_Project\\node_modules\\@babel\\parser\\src\\util\\scope.js","function":"ScopeHandler.checkRedeclarationInScope","line":153,"method":"checkRedeclarationInScope","native":false},{"column":12,"file":"C:\\Users\\ankan\\My_Fundo\\My_Fundoo_Project\\node_modules\\@babel\\parser\\src\\util\\scope.js","function":"ScopeHandler.declareName","line":114,"method":"declareName","native":false},{"column":16,"file":"C:\\Users\\ankan\\My_Fundo\\My_Fundoo_Project\\node_modules\\@babel\\parser\\src\\parser\\statement.js","function":"Parser.registerFunctionStatementId","line":1347,"method":"registerFunctionStatementId","native":false},{"column":12,"file":"C:\\Users\\ankan\\My_Fundo\\My_Fundoo_Project\\node_modules\\@babel\\parser\\src\\parser\\statement.js","function":"Parser.parseFunction","line":1314,"method":"parseFunction","native":false},{"column":17,"file":"C:\\Users\\ankan\\My_Fundo\\My_Fundoo_Project\\node_modules\\@babel\\parser\\src\\parser\\statement.js","function":"Parser.parseFunctionStatement","line":750,"method":"parseFunctionStatement","native":false},{"column":21,"file":"C:\\Users\\ankan\\My_Fundo\\My_Fundoo_Project\\node_modules\\@babel\\parser\\src\\parser\\statement.js","function":"Parser.parseStatementContent","line":366,"method":"parseStatementContent","native":false},{"column":17,"file":"C:\\Users\\ankan\\My_Fundo\\My_Fundoo_Project\\node_modules\\@babel\\parser\\src\\parser\\statement.js","function":"Parser.parseStatement","line":329,"method":"parseStatement","native":false},{"column":17,"file":"C:\\Users\\ankan\\My_Fundo\\My_Fundoo_Project\\node_modules\\@babel\\parser\\src\\parser\\statement.js","function":"Parser.parseExportDeclaration","line":2127,"method":"parseExportDeclaration","native":false},{"column":31,"file":"C:\\Users\\ankan\\My_Fundo\\My_Fundoo_Project\\node_modules\\@babel\\parser\\src\\parser\\statement.js","function":"Parser.maybeParseExportDeclaration","line":2066,"method":"maybeParseExportDeclaration","native":false},{"column":29,"file":"C:\\Users\\ankan\\My_Fundo\\My_Fundoo_Project\\node_modules\\@babel\\parser\\src\\parser\\statement.js","function":"Parser.parseExport","line":1986,"method":"parseExport","native":false},{"column":25,"file":"C:\\Users\\ankan\\My_Fundo\\My_Fundoo_Project\\node_modules\\@babel\\parser\\src\\parser\\statement.js","function":"Parser.parseStatementContent","line":431,"method":"parseStatementContent","native":false},{"column":17,"file":"C:\\Users\\ankan\\My_Fundo\\My_Fundoo_Project\\node_modules\\@babel\\parser\\src\\parser\\statement.js","function":"Parser.parseStatement","line":329,"method":"parseStatement","native":false},{"column":25,"file":"C:\\Users\\ankan\\My_Fundo\\My_Fundoo_Project\\node_modules\\@babel\\parser\\src\\parser\\statement.js","function":"Parser.parseBlockOrModuleBlockBody","line":1082,"method":"parseBlockOrModuleBlockBody","native":false}]}
info: ::1 - - [24/Jun/2022:20:06:41 +0000] "POST /api/v1/users/newuser HTTP/1.1" 500 61 "-" "PostmanRuntime/7.29.0"

info: ::1 - - [24/Jun/2022:20:07:28 +0000] "POST /api/v1/users/newuser HTTP/1.1" 500 61 "-" "PostmanRuntime/7.29.0"

error: uncaughtException: emailVerificationTokenSchema is not defined
ReferenceError: emailVerificationTokenSchema is not defined
    at Object.<anonymous> (C:\Users\ankan\My_Fundo\My_Fundoo_Project\src\middlewares\/error.middleware.js:73:1)
    at Module._compile (node:internal/modules/cjs/loader:1105:14)
    at Module._compile (C:\Users\ankan\My_Fundo\My_Fundoo_Project\node_modules\pirates\lib\index.js:136:24)
    at Module._extensions..js (node:internal/modules/cjs/loader:1159:10)
    at Object.newLoader [as .js] (C:\Users\ankan\My_Fundo\My_Fundoo_Project\node_modules\pirates\lib\index.js:141:7)
    at Module.load (node:internal/modules/cjs/loader:981:32)
    at Function.Module._load (node:internal/modules/cjs/loader:827:12)
    at Module.require (node:internal/modules/cjs/loader:1005:19)
    at require (node:internal/modules/cjs/helpers:102:18)
    at Object.<anonymous> (C:\Users\ankan\My_Fundo\My_Fundoo_Project\src\/index.js:10:1)
    at Module._compile (node:internal/modules/cjs/loader:1105:14)
    at Module._compile (C:\Users\ankan\My_Fundo\My_Fundoo_Project\node_modules\pirates\lib\index.js:136:24)
    at Module._extensions..js (node:internal/modules/cjs/loader:1159:10)
    at Object.newLoader [as .js] (C:\Users\ankan\My_Fundo\My_Fundoo_Project\node_modules\pirates\lib\index.js:141:7)
    at Module.load (node:internal/modules/cjs/loader:981:32)
    at Function.Module._load (node:internal/modules/cjs/loader:827:12) {"date":"Sat Jun 25 2022 01:40:24 GMT+0530 (India Standard Time)","error":{},"exception":true,"os":{"loadavg":[0,0,0],"uptime":39642},"process":{"argv":["node","C:\\Users\\ankan\\My_Fundo\\My_Fundoo_Project\\src\\index.js"],"cwd":"C:\\Users\\ankan\\My_Fundo\\My_Fundoo_Project","execPath":"C:\\Program Files\\nodejs\\node.exe","gid":null,"memoryUsage":{"arrayBuffers":18463357,"external":19922756,"heapTotal":91058176,"heapUsed":48354856,"rss":125562880},"pid":11980,"uid":null,"version":"v18.3.0"},"stack":"ReferenceError: emailVerificationTokenSchema is not defined\n    at Object.<anonymous> (C:\\Users\\ankan\\My_Fundo\\My_Fundoo_Project\\src\\middlewares\\/error.middleware.js:73:1)\n    at Module._compile (node:internal/modules/cjs/loader:1105:14)\n    at Module._compile (C:\\Users\\ankan\\My_Fundo\\My_Fundoo_Project\\node_modules\\pirates\\lib\\index.js:136:24)\n    at Module._extensions..js (node:internal/modules/cjs/loader:1159:10)\n    at Object.newLoader [as .js] (C:\\Users\\ankan\\My_Fundo\\My_Fundoo_Project\\node_modules\\pirates\\lib\\index.js:141:7)\n    at Module.load (node:internal/modules/cjs/loader:981:32)\n    at Function.Module._load (node:internal/modules/cjs/loader:827:12)\n    at Module.require (node:internal/modules/cjs/loader:1005:19)\n    at require (node:internal/modules/cjs/helpers:102:18)\n    at Object.<anonymous> (C:\\Users\\ankan\\My_Fundo\\My_Fundoo_Project\\src\\/index.js:10:1)\n    at Module._compile (node:internal/modules/cjs/loader:1105:14)\n    at Module._compile (C:\\Users\\ankan\\My_Fundo\\My_Fundoo_Project\\node_modules\\pirates\\lib\\index.js:136:24)\n    at Module._extensions..js (node:internal/modules/cjs/loader:1159:10)\n    at Object.newLoader [as .js] (C:\\Users\\ankan\\My_Fundo\\My_Fundoo_Project\\node_modules\\pirates\\lib\\index.js:141:7)\n    at Module.load (node:internal/modules/cjs/loader:981:32)\n    at Function.Module._load (node:internal/modules/cjs/loader:827:12)","trace":[{"column":1,"file":"C:\\Users\\ankan\\My_Fundo\\My_Fundoo_Project\\src\\middlewares\\/error.middleware.js","function":null,"line":73,"method":null,"native":false},{"column":14,"file":"node:internal/modules/cjs/loader","function":"Module._compile","line":1105,"method":"_compile","native":false},{"column":24,"file":"C:\\Users\\ankan\\My_Fundo\\My_Fundoo_Project\\node_modules\\pirates\\lib\\index.js","function":"Module._compile","line":136,"method":"_compile","native":false},{"column":10,"file":"node:internal/modules/cjs/loader","function":"Module._extensions..js","line":1159,"method":".js","native":false},{"column":7,"file":"C:\\Users\\ankan\\My_Fundo\\My_Fundoo_Project\\node_modules\\pirates\\lib\\index.js","function":"Object.newLoader [as .js]","line":141,"method":"js]","native":false},{"column":32,"file":"node:internal/modules/cjs/loader","function":"Module.load","line":981,"method":"load","native":false},{"column":12,"file":"node:internal/modules/cjs/loader","function":"Module._load","line":827,"method":"_load","native":false},{"column":19,"file":"node:internal/modules/cjs/loader","function":"Module.require","line":1005,"method":"require","native":false},{"column":18,"file":"node:internal/modules/cjs/helpers","function":"require","line":102,"method":null,"native":false},{"column":1,"file":"C:\\Users\\ankan\\My_Fundo\\My_Fundoo_Project\\src\\/index.js","function":null,"line":10,"method":null,"native":false},{"column":14,"file":"node:internal/modules/cjs/loader","function":"Module._compile","line":1105,"method":"_compile","native":false},{"column":24,"file":"C:\\Users\\ankan\\My_Fundo\\My_Fundoo_Project\\node_modules\\pirates\\lib\\index.js","function":"Module._compile","line":136,"method":"_compile","native":false},{"column":10,"file":"node:internal/modules/cjs/loader","function":"Module._extensions..js","line":1159,"method":".js","native":false},{"column":7,"file":"C:\\Users\\ankan\\My_Fundo\\My_Fundoo_Project\\node_modules\\pirates\\lib\\index.js","function":"Object.newLoader [as .js]","line":141,"method":"js]","native":false},{"column":32,"file":"node:internal/modules/cjs/loader","function":"Module.load","line":981,"method":"load","native":false},{"column":12,"file":"node:internal/modules/cjs/loader","function":"Module._load","line":827,"method":"_load","native":false}]}
error: uncaughtException: emailVerificationTokenSchema is not defined
ReferenceError: emailVerificationTokenSchema is not defined
    at Object.<anonymous> (C:\Users\ankan\My_Fundo\My_Fundoo_Project\src\middlewares\/error.middleware.js:91:1)
    at Module._compile (node:internal/modules/cjs/loader:1105:14)
    at Module._compile (C:\Users\ankan\My_Fundo\My_Fundoo_Project\node_modules\pirates\lib\index.js:136:24)
    at Module._extensions..js (node:internal/modules/cjs/loader:1159:10)
    at Object.newLoader [as .js] (C:\Users\ankan\My_Fundo\My_Fundoo_Project\node_modules\pirates\lib\index.js:141:7)
    at Module.load (node:internal/modules/cjs/loader:981:32)
    at Function.Module._load (node:internal/modules/cjs/loader:827:12)
    at Module.require (node:internal/modules/cjs/loader:1005:19)
    at require (node:internal/modules/cjs/helpers:102:18)
    at Object.<anonymous> (C:\Users\ankan\My_Fundo\My_Fundoo_Project\src\/index.js:10:1)
    at Module._compile (node:internal/modules/cjs/loader:1105:14)
    at Module._compile (C:\Users\ankan\My_Fundo\My_Fundoo_Project\node_modules\pirates\lib\index.js:136:24)
    at Module._extensions..js (node:internal/modules/cjs/loader:1159:10)
    at Object.newLoader [as .js] (C:\Users\ankan\My_Fundo\My_Fundoo_Project\node_modules\pirates\lib\index.js:141:7)
    at Module.load (node:internal/modules/cjs/loader:981:32)
    at Function.Module._load (node:internal/modules/cjs/loader:827:12) {"date":"Sat Jun 25 2022 01:41:02 GMT+0530 (India Standard Time)","error":{},"exception":true,"os":{"loadavg":[0,0,0],"uptime":39680},"process":{"argv":["node","C:\\Users\\ankan\\My_Fundo\\My_Fundoo_Project\\src\\index.js"],"cwd":"C:\\Users\\ankan\\My_Fundo\\My_Fundoo_Project","execPath":"C:\\Program Files\\nodejs\\node.exe","gid":null,"memoryUsage":{"arrayBuffers":19133574,"external":20593899,"heapTotal":88174592,"heapUsed":57719160,"rss":123674624},"pid":13264,"uid":null,"version":"v18.3.0"},"stack":"ReferenceError: emailVerificationTokenSchema is not defined\n    at Object.<anonymous> (C:\\Users\\ankan\\My_Fundo\\My_Fundoo_Project\\src\\middlewares\\/error.middleware.js:91:1)\n    at Module._compile (node:internal/modules/cjs/loader:1105:14)\n    at Module._compile (C:\\Users\\ankan\\My_Fundo\\My_Fundoo_Project\\node_modules\\pirates\\lib\\index.js:136:24)\n    at Module._extensions..js (node:internal/modules/cjs/loader:1159:10)\n    at Object.newLoader [as .js] (C:\\Users\\ankan\\My_Fundo\\My_Fundoo_Project\\node_modules\\pirates\\lib\\index.js:141:7)\n    at Module.load (node:internal/modules/cjs/loader:981:32)\n    at Function.Module._load (node:internal/modules/cjs/loader:827:12)\n    at Module.require (node:internal/modules/cjs/loader:1005:19)\n    at require (node:internal/modules/cjs/helpers:102:18)\n    at Object.<anonymous> (C:\\Users\\ankan\\My_Fundo\\My_Fundoo_Project\\src\\/index.js:10:1)\n    at Module._compile (node:internal/modules/cjs/loader:1105:14)\n    at Module._compile (C:\\Users\\ankan\\My_Fundo\\My_Fundoo_Project\\node_modules\\pirates\\lib\\index.js:136:24)\n    at Module._extensions..js (node:internal/modules/cjs/loader:1159:10)\n    at Object.newLoader [as .js] (C:\\Users\\ankan\\My_Fundo\\My_Fundoo_Project\\node_modules\\pirates\\lib\\index.js:141:7)\n    at Module.load (node:internal/modules/cjs/loader:981:32)\n    at Function.Module._load (node:internal/modules/cjs/loader:827:12)","trace":[{"column":1,"file":"C:\\Users\\ankan\\My_Fundo\\My_Fundoo_Project\\src\\middlewares\\/error.middleware.js","function":null,"line":91,"method":null,"native":false},{"column":14,"file":"node:internal/modules/cjs/loader","function":"Module._compile","line":1105,"method":"_compile","native":false},{"column":24,"file":"C:\\Users\\ankan\\My_Fundo\\My_Fundoo_Project\\node_modules\\pirates\\lib\\index.js","function":"Module._compile","line":136,"method":"_compile","native":false},{"column":10,"file":"node:internal/modules/cjs/loader","function":"Module._extensions..js","line":1159,"method":".js","native":false},{"column":7,"file":"C:\\Users\\ankan\\My_Fundo\\My_Fundoo_Project\\node_modules\\pirates\\lib\\index.js","function":"Object.newLoader [as .js]","line":141,"method":"js]","native":false},{"column":32,"file":"node:internal/modules/cjs/loader","function":"Module.load","line":981,"method":"load","native":false},{"column":12,"file":"node:internal/modules/cjs/loader","function":"Module._load","line":827,"method":"_load","native":false},{"column":19,"file":"node:internal/modules/cjs/loader","function":"Module.require","line":1005,"method":"require","native":false},{"column":18,"file":"node:internal/modules/cjs/helpers","function":"require","line":102,"method":null,"native":false},{"column":1,"file":"C:\\Users\\ankan\\My_Fundo\\My_Fundoo_Project\\src\\/index.js","function":null,"line":10,"method":null,"native":false},{"column":14,"file":"node:internal/modules/cjs/loader","function":"Module._compile","line":1105,"method":"_compile","native":false},{"column":24,"file":"C:\\Users\\ankan\\My_Fundo\\My_Fundoo_Project\\node_modules\\pirates\\lib\\index.js","function":"Module._compile","line":136,"method":"_compile","native":false},{"column":10,"file":"node:internal/modules/cjs/loader","function":"Module._extensions..js","line":1159,"method":".js","native":false},{"column":7,"file":"C:\\Users\\ankan\\My_Fundo\\My_Fundoo_Project\\node_modules\\pirates\\lib\\index.js","function":"Object.newLoader [as .js]","line":141,"method":"js]","native":false},{"column":32,"file":"node:internal/modules/cjs/loader","function":"Module.load","line":981,"method":"load","native":false},{"column":12,"file":"node:internal/modules/cjs/loader","function":"Module._load","line":827,"method":"_load","native":false}]}
error: uncaughtException: emailVerificationTokenSchema is not defined
ReferenceError: emailVerificationTokenSchema is not defined
    at Object.<anonymous> (C:\Users\ankan\My_Fundo\My_Fundoo_Project\src\middlewares\/error.middleware.js:91:1)
    at Module._compile (node:internal/modules/cjs/loader:1105:14)
    at Module._compile (C:\Users\ankan\My_Fundo\My_Fundoo_Project\node_modules\pirates\lib\index.js:136:24)
    at Module._extensions..js (node:internal/modules/cjs/loader:1159:10)
    at Object.newLoader [as .js] (C:\Users\ankan\My_Fundo\My_Fundoo_Project\node_modules\pirates\lib\index.js:141:7)
    at Module.load (node:internal/modules/cjs/loader:981:32)
    at Function.Module._load (node:internal/modules/cjs/loader:827:12)
    at Module.require (node:internal/modules/cjs/loader:1005:19)
    at require (node:internal/modules/cjs/helpers:102:18)
    at Object.<anonymous> (C:\Users\ankan\My_Fundo\My_Fundoo_Project\src\/index.js:10:1)
    at Module._compile (node:internal/modules/cjs/loader:1105:14)
    at Module._compile (C:\Users\ankan\My_Fundo\My_Fundoo_Project\node_modules\pirates\lib\index.js:136:24)
    at Module._extensions..js (node:internal/modules/cjs/loader:1159:10)
    at Object.newLoader [as .js] (C:\Users\ankan\My_Fundo\My_Fundoo_Project\node_modules\pirates\lib\index.js:141:7)
    at Module.load (node:internal/modules/cjs/loader:981:32)
    at Function.Module._load (node:internal/modules/cjs/loader:827:12) {"date":"Sat Jun 25 2022 01:41:35 GMT+0530 (India Standard Time)","error":{},"exception":true,"os":{"loadavg":[0,0,0],"uptime":39713},"process":{"argv":["node","C:\\Users\\ankan\\My_Fundo\\My_Fundoo_Project\\src\\index.js"],"cwd":"C:\\Users\\ankan\\My_Fundo\\My_Fundoo_Project","execPath":"C:\\Program Files\\nodejs\\node.exe","gid":null,"memoryUsage":{"arrayBuffers":19125366,"external":20586392,"heapTotal":88698880,"heapUsed":57638360,"rss":124243968},"pid":10452,"uid":null,"version":"v18.3.0"},"stack":"ReferenceError: emailVerificationTokenSchema is not defined\n    at Object.<anonymous> (C:\\Users\\ankan\\My_Fundo\\My_Fundoo_Project\\src\\middlewares\\/error.middleware.js:91:1)\n    at Module._compile (node:internal/modules/cjs/loader:1105:14)\n    at Module._compile (C:\\Users\\ankan\\My_Fundo\\My_Fundoo_Project\\node_modules\\pirates\\lib\\index.js:136:24)\n    at Module._extensions..js (node:internal/modules/cjs/loader:1159:10)\n    at Object.newLoader [as .js] (C:\\Users\\ankan\\My_Fundo\\My_Fundoo_Project\\node_modules\\pirates\\lib\\index.js:141:7)\n    at Module.load (node:internal/modules/cjs/loader:981:32)\n    at Function.Module._load (node:internal/modules/cjs/loader:827:12)\n    at Module.require (node:internal/modules/cjs/loader:1005:19)\n    at require (node:internal/modules/cjs/helpers:102:18)\n    at Object.<anonymous> (C:\\Users\\ankan\\My_Fundo\\My_Fundoo_Project\\src\\/index.js:10:1)\n    at Module._compile (node:internal/modules/cjs/loader:1105:14)\n    at Module._compile (C:\\Users\\ankan\\My_Fundo\\My_Fundoo_Project\\node_modules\\pirates\\lib\\index.js:136:24)\n    at Module._extensions..js (node:internal/modules/cjs/loader:1159:10)\n    at Object.newLoader [as .js] (C:\\Users\\ankan\\My_Fundo\\My_Fundoo_Project\\node_modules\\pirates\\lib\\index.js:141:7)\n    at Module.load (node:internal/modules/cjs/loader:981:32)\n    at Function.Module._load (node:internal/modules/cjs/loader:827:12)","trace":[{"column":1,"file":"C:\\Users\\ankan\\My_Fundo\\My_Fundoo_Project\\src\\middlewares\\/error.middleware.js","function":null,"line":91,"method":null,"native":false},{"column":14,"file":"node:internal/modules/cjs/loader","function":"Module._compile","line":1105,"method":"_compile","native":false},{"column":24,"file":"C:\\Users\\ankan\\My_Fundo\\My_Fundoo_Project\\node_modules\\pirates\\lib\\index.js","function":"Module._compile","line":136,"method":"_compile","native":false},{"column":10,"file":"node:internal/modules/cjs/loader","function":"Module._extensions..js","line":1159,"method":".js","native":false},{"column":7,"file":"C:\\Users\\ankan\\My_Fundo\\My_Fundoo_Project\\node_modules\\pirates\\lib\\index.js","function":"Object.newLoader [as .js]","line":141,"method":"js]","native":false},{"column":32,"file":"node:internal/modules/cjs/loader","function":"Module.load","line":981,"method":"load","native":false},{"column":12,"file":"node:internal/modules/cjs/loader","function":"Module._load","line":827,"method":"_load","native":false},{"column":19,"file":"node:internal/modules/cjs/loader","function":"Module.require","line":1005,"method":"require","native":false},{"column":18,"file":"node:internal/modules/cjs/helpers","function":"require","line":102,"method":null,"native":false},{"column":1,"file":"C:\\Users\\ankan\\My_Fundo\\My_Fundoo_Project\\src\\/index.js","function":null,"line":10,"method":null,"native":false},{"column":14,"file":"node:internal/modules/cjs/loader","function":"Module._compile","line":1105,"method":"_compile","native":false},{"column":24,"file":"C:\\Users\\ankan\\My_Fundo\\My_Fundoo_Project\\node_modules\\pirates\\lib\\index.js","function":"Module._compile","line":136,"method":"_compile","native":false},{"column":10,"file":"node:internal/modules/cjs/loader","function":"Module._extensions..js","line":1159,"method":".js","native":false},{"column":7,"file":"C:\\Users\\ankan\\My_Fundo\\My_Fundoo_Project\\node_modules\\pirates\\lib\\index.js","function":"Object.newLoader [as .js]","line":141,"method":"js]","native":false},{"column":32,"file":"node:internal/modules/cjs/loader","function":"Module.load","line":981,"method":"load","native":false},{"column":12,"file":"node:internal/modules/cjs/loader","function":"Module._load","line":827,"method":"_load","native":false}]}
info: ::1 - - [24/Jun/2022:20:12:05 +0000] "POST /api/v1/users/newuser HTTP/1.1" 500 61 "-" "PostmanRuntime/7.29.0"

info: ::1 - - [24/Jun/2022:20:13:02 +0000] "POST /api/v1/users/newuser HTTP/1.1" 500 61 "-" "PostmanRuntime/7.29.0"

info: ::1 - - [24/Jun/2022:20:13:44 +0000] "POST /api/v1/users/newuser HTTP/1.1" 500 61 "-" "PostmanRuntime/7.29.0"

info: ::1 - - [24/Jun/2022:20:18:56 +0000] "POST /api/v1/users/newuser HTTP/1.1" 500 61 "-" "PostmanRuntime/7.29.0"

info: ::1 - - [24/Jun/2022:20:19:18 +0000] "POST /api/v1/users/newuser HTTP/1.1" 500 61 "-" "PostmanRuntime/7.29.0"

error: uncaughtException: fro is not defined
ReferenceError: fro is not defined
    at Object.<anonymous> (C:\Users\ankan\My_Fundo\My_Fundoo_Project\src\/index.js:41:1)
    at Module._compile (node:internal/modules/cjs/loader:1105:14)
    at Module._compile (C:\Users\ankan\My_Fundo\My_Fundoo_Project\node_modules\pirates\lib\index.js:136:24)
    at Module._extensions..js (node:internal/modules/cjs/loader:1159:10)
    at Object.newLoader [as .js] (C:\Users\ankan\My_Fundo\My_Fundoo_Project\node_modules\pirates\lib\index.js:141:7)
    at Module.load (node:internal/modules/cjs/loader:981:32)
    at Function.Module._load (node:internal/modules/cjs/loader:827:12)
    at Function.executeUserEntryPoint [as runMain] (node:internal/modules/run_main:77:12)
    at Object.<anonymous> (C:\Users\ankan\My_Fundo\My_Fundoo_Project\node_modules\@babel\node\lib\_babel-node.js:176:21)
    at Module._compile (node:internal/modules/cjs/loader:1105:14)
    at Object.Module._extensions..js (node:internal/modules/cjs/loader:1159:10)
    at Module.load (node:internal/modules/cjs/loader:981:32)
    at Function.Module._load (node:internal/modules/cjs/loader:827:12)
    at Function.executeUserEntryPoint [as runMain] (node:internal/modules/run_main:77:12)
    at node:internal/main/run_main_module:17:47 {"date":"Sat Jun 25 2022 01:50:40 GMT+0530 (India Standard Time)","error":{},"exception":true,"os":{"loadavg":[0,0,0],"uptime":40259},"process":{"argv":["node","C:\\Users\\ankan\\My_Fundo\\My_Fundoo_Project\\src\\index.js"],"cwd":"C:\\Users\\ankan\\My_Fundo\\My_Fundoo_Project","execPath":"C:\\Program Files\\nodejs\\node.exe","gid":null,"memoryUsage":{"arrayBuffers":19315962,"external":20791819,"heapTotal":88961024,"heapUsed":59642104,"rss":123547648},"pid":1996,"uid":null,"version":"v18.3.0"},"stack":"ReferenceError: fro is not defined\n    at Object.<anonymous> (C:\\Users\\ankan\\My_Fundo\\My_Fundoo_Project\\src\\/index.js:41:1)\n    at Module._compile (node:internal/modules/cjs/loader:1105:14)\n    at Module._compile (C:\\Users\\ankan\\My_Fundo\\My_Fundoo_Project\\node_modules\\pirates\\lib\\index.js:136:24)\n    at Module._extensions..js (node:internal/modules/cjs/loader:1159:10)\n    at Object.newLoader [as .js] (C:\\Users\\ankan\\My_Fundo\\My_Fundoo_Project\\node_modules\\pirates\\lib\\index.js:141:7)\n    at Module.load (node:internal/modules/cjs/loader:981:32)\n    at Function.Module._load (node:internal/modules/cjs/loader:827:12)\n    at Function.executeUserEntryPoint [as runMain] (node:internal/modules/run_main:77:12)\n    at Object.<anonymous> (C:\\Users\\ankan\\My_Fundo\\My_Fundoo_Project\\node_modules\\@babel\\node\\lib\\_babel-node.js:176:21)\n    at Module._compile (node:internal/modules/cjs/loader:1105:14)\n    at Object.Module._extensions..js (node:internal/modules/cjs/loader:1159:10)\n    at Module.load (node:internal/modules/cjs/loader:981:32)\n    at Function.Module._load (node:internal/modules/cjs/loader:827:12)\n    at Function.executeUserEntryPoint [as runMain] (node:internal/modules/run_main:77:12)\n    at node:internal/main/run_main_module:17:47","trace":[{"column":1,"file":"C:\\Users\\ankan\\My_Fundo\\My_Fundoo_Project\\src\\/index.js","function":null,"line":41,"method":null,"native":false},{"column":14,"file":"node:internal/modules/cjs/loader","function":"Module._compile","line":1105,"method":"_compile","native":false},{"column":24,"file":"C:\\Users\\ankan\\My_Fundo\\My_Fundoo_Project\\node_modules\\pirates\\lib\\index.js","function":"Module._compile","line":136,"method":"_compile","native":false},{"column":10,"file":"node:internal/modules/cjs/loader","function":"Module._extensions..js","line":1159,"method":".js","native":false},{"column":7,"file":"C:\\Users\\ankan\\My_Fundo\\My_Fundoo_Project\\node_modules\\pirates\\lib\\index.js","function":"Object.newLoader [as .js]","line":141,"method":"js]","native":false},{"column":32,"file":"node:internal/modules/cjs/loader","function":"Module.load","line":981,"method":"load","native":false},{"column":12,"file":"node:internal/modules/cjs/loader","function":"Module._load","line":827,"method":"_load","native":false},{"column":12,"file":"node:internal/modules/run_main","function":"Function.executeUserEntryPoint [as runMain]","line":77,"method":"executeUserEntryPoint [as runMain]","native":false},{"column":21,"file":"C:\\Users\\ankan\\My_Fundo\\My_Fundoo_Project\\node_modules\\@babel\\node\\lib\\_babel-node.js","function":null,"line":176,"method":null,"native":false},{"column":14,"file":"node:internal/modules/cjs/loader","function":"Module._compile","line":1105,"method":"_compile","native":false},{"column":10,"file":"node:internal/modules/cjs/loader","function":"Module._extensions..js","line":1159,"method":".js","native":false},{"column":32,"file":"node:internal/modules/cjs/loader","function":"Module.load","line":981,"method":"load","native":false},{"column":12,"file":"node:internal/modules/cjs/loader","function":"Module._load","line":827,"method":"_load","native":false},{"column":12,"file":"node:internal/modules/run_main","function":"Function.executeUserEntryPoint [as runMain]","line":77,"method":"executeUserEntryPoint [as runMain]","native":false},{"column":47,"file":"node:internal/main/run_main_module","function":null,"line":17,"method":null,"native":false}]}
info: ::1 - - [24/Jun/2022:20:27:51 +0000] "POST /api/v1/users/newuser HTTP/1.1" 500 61 "-" "PostmanRuntime/7.29.0"

info: ::1 - - [24/Jun/2022:20:28:20 +0000] "POST /api/v1/users/newuser HTTP/1.1" 500 61 "-" "PostmanRuntime/7.29.0"

info: ::1 - - [24/Jun/2022:20:29:24 +0000] "POST /api/v1/users/newuser HTTP/1.1" 201 273 "-" "PostmanRuntime/7.29.0"

info: ::1 - - [24/Jun/2022:20:30:23 +0000] "POST /api/v1/users/newuser HTTP/1.1" 500 61 "-" "PostmanRuntime/7.29.0"

info: ::1 - - [24/Jun/2022:20:31:46 +0000] "POST /api/v1/users/newuser HTTP/1.1" 201 272 "-" "PostmanRuntime/7.29.0"

info: ::1 - - [24/Jun/2022:20:32:46 +0000] "POST /api/v1/users/newuser HTTP/1.1" 201 265 "-" "PostmanRuntime/7.29.0"

info: ::1 - - [24/Jun/2022:20:34:14 +0000] "POST /api/v1/users/newuser HTTP/1.1" 500 77 "-" "PostmanRuntime/7.29.0"

info: ::1 - - [24/Jun/2022:20:34:25 +0000] "POST /api/v1/users/newuser HTTP/1.1" 201 268 "-" "PostmanRuntime/7.29.0"

info: ::1 - - [25/Jun/2022:02:47:26 +0000] "POST /api/v1/users/newuser HTTP/1.1" 201 265 "-" "PostmanRuntime/7.29.0"

info: ::1 - - [25/Jun/2022:03:09:42 +0000] "POST /api/v1/users/newuser HTTP/1.1" 500 64 "-" "PostmanRuntime/7.29.0"

info: ::1 - - [25/Jun/2022:03:10:55 +0000] "POST /api/v1/users/newuser HTTP/1.1" 500 162 "-" "PostmanRuntime/7.29.0"

info: ::1 - - [25/Jun/2022:03:12:27 +0000] "POST /api/v1/users/newuser HTTP/1.1" 201 320 "-" "PostmanRuntime/7.29.0"

